{"D:\\D-SITES INFOSOLUTIONS\\Clients\\MLM-velur\\AAKASH-E-COM\\backend\\src\\app.controller.ts": {"path":"D:\\D-SITES INFOSOLUTIONS\\Clients\\MLM-velur\\AAKASH-E-COM\\backend\\src\\app.controller.ts","statementMap":{"0":{"start":{"line":1,"column":0},"end":{"line":1,"column":49}},"1":{"start":{"line":2,"column":0},"end":{"line":2,"column":43}},"2":{"start":{"line":5,"column":7},"end":{"line":12,"column":null}},"3":{"start":{"line":6,"column":31},"end":{"line":6,"column":43}},"4":{"start":{"line":10,"column":4},"end":{"line":10,"column":38}},"5":{"start":{"line":5,"column":13},"end":{"line":5,"column":26}},"6":{"start":{"line":9,"column":2},"end":{"line":11,"column":null}},"7":{"start":{"line":5,"column":13},"end":{"line":12,"column":null}}},"fnMap":{"0":{"name":"(anonymous_2)","decl":{"start":{"line":6,"column":2},"end":{"line":6,"column":31}},"loc":{"start":{"line":6,"column":53},"end":{"line":6,"column":57}}},"1":{"name":"(anonymous_3)","decl":{"start":{"line":9,"column":2},"end":{"line":9,"column":10}},"loc":{"start":{"line":9,"column":10},"end":{"line":11,"column":3}}}},"branchMap":{"0":{"loc":{"start":{"line":6,"column":43},"end":{"line":6,"column":56}},"type":"cond-expr","locations":[{"start":{"line":6,"column":53},"end":{"line":6,"column":56}},{"start":{"line":6,"column":53},"end":{"line":6,"column":56}}]},"1":{"loc":{"start":{"line":6,"column":43},"end":{"line":6,"column":53}},"type":"binary-expr","locations":[{"start":{"line":6,"column":43},"end":{"line":6,"column":56}},{"start":{"line":6,"column":43},"end":{"line":6,"column":53}}]}},"s":{"0":1,"1":1,"2":1,"3":1,"4":1,"5":1,"6":1,"7":1},"f":{"0":1,"1":1},"b":{"0":[1,0],"1":[1,1]}}
,"D:\\D-SITES INFOSOLUTIONS\\Clients\\MLM-velur\\AAKASH-E-COM\\backend\\src\\app.module.ts": {"path":"D:\\D-SITES INFOSOLUTIONS\\Clients\\MLM-velur\\AAKASH-E-COM\\backend\\src\\app.module.ts","statementMap":{"0":{"start":{"line":1,"column":0},"end":{"line":1,"column":40}},"1":{"start":{"line":2,"column":0},"end":{"line":2,"column":41}},"2":{"start":{"line":3,"column":0},"end":{"line":3,"column":61}},"3":{"start":{"line":4,"column":0},"end":{"line":4,"column":42}},"4":{"start":{"line":5,"column":0},"end":{"line":5,"column":68}},"5":{"start":{"line":6,"column":0},"end":{"line":6,"column":51}},"6":{"start":{"line":8,"column":0},"end":{"line":8,"column":49}},"7":{"start":{"line":9,"column":0},"end":{"line":9,"column":43}},"8":{"start":{"line":11,"column":0},"end":{"line":11,"column":54}},"9":{"start":{"line":12,"column":0},"end":{"line":12,"column":56}},"10":{"start":{"line":13,"column":0},"end":{"line":13,"column":65}},"11":{"start":{"line":14,"column":0},"end":{"line":14,"column":71}},"12":{"start":{"line":15,"column":0},"end":{"line":15,"column":106}},"13":{"start":{"line":16,"column":0},"end":{"line":16,"column":74}},"14":{"start":{"line":17,"column":0},"end":{"line":17,"column":106}},"15":{"start":{"line":18,"column":0},"end":{"line":18,"column":80}},"16":{"start":{"line":19,"column":0},"end":{"line":19,"column":65}},"17":{"start":{"line":20,"column":0},"end":{"line":20,"column":71}},"18":{"start":{"line":21,"column":0},"end":{"line":21,"column":59}},"19":{"start":{"line":22,"column":0},"end":{"line":22,"column":83}},"20":{"start":{"line":23,"column":0},"end":{"line":23,"column":59}},"21":{"start":{"line":24,"column":0},"end":{"line":24,"column":53}},"22":{"start":{"line":25,"column":0},"end":{"line":25,"column":74}},"23":{"start":{"line":27,"column":16},"end":{"line":27,"column":78}},"24":{"start":{"line":88,"column":7},"end":{"line":88,"column":null}},"25":{"start":{"line":88,"column":13},"end":{"line":88,"column":22}},"26":{"start":{"line":88,"column":13},"end":{"line":88,"column":null}},"27":{"start":{"line":56,"column":53},"end":{"line":61,"column":8}}},"fnMap":{"0":{"name":"(anonymous_2)","decl":{"start":{"line":56,"column":18},"end":{"line":56,"column":19}},"loc":{"start":{"line":56,"column":53},"end":{"line":61,"column":8}}}},"branchMap":{"0":{"loc":{"start":{"line":27,"column":16},"end":{"line":27,"column":78}},"type":"cond-expr","locations":[{"start":{"line":27,"column":39},"end":{"line":27,"column":69}},{"start":{"line":27,"column":72},"end":{"line":27,"column":78}}]},"1":{"loc":{"start":{"line":58,"column":16},"end":{"line":58,"column":70}},"type":"binary-expr","locations":[{"start":{"line":58,"column":16},"end":{"line":58,"column":55}},{"start":{"line":58,"column":59},"end":{"line":58,"column":70}}]},"2":{"loc":{"start":{"line":59,"column":16},"end":{"line":59,"column":63}},"type":"binary-expr","locations":[{"start":{"line":59,"column":16},"end":{"line":59,"column":55}},{"start":{"line":59,"column":59},"end":{"line":59,"column":63}}]}},"s":{"0":0,"1":0,"2":0,"3":0,"4":0,"5":0,"6":0,"7":0,"8":0,"9":0,"10":0,"11":0,"12":0,"13":0,"14":0,"15":0,"16":0,"17":0,"18":0,"19":0,"20":0,"21":0,"22":0,"23":0,"24":0,"25":0,"26":0,"27":0},"f":{"0":0},"b":{"0":[0,0],"1":[0,0],"2":[0,0]}}
,"D:\\D-SITES INFOSOLUTIONS\\Clients\\MLM-velur\\AAKASH-E-COM\\backend\\src\\app.service.ts": {"path":"D:\\D-SITES INFOSOLUTIONS\\Clients\\MLM-velur\\AAKASH-E-COM\\backend\\src\\app.service.ts","statementMap":{"0":{"start":{"line":1,"column":0},"end":{"line":1,"column":44}},"1":{"start":{"line":4,"column":7},"end":{"line":8,"column":null}},"2":{"start":{"line":6,"column":4},"end":{"line":6,"column":26}},"3":{"start":{"line":4,"column":13},"end":{"line":4,"column":23}},"4":{"start":{"line":4,"column":13},"end":{"line":8,"column":null}}},"fnMap":{"0":{"name":"(anonymous_1)","decl":{"start":{"line":5,"column":2},"end":{"line":5,"column":10}},"loc":{"start":{"line":5,"column":10},"end":{"line":7,"column":3}}}},"branchMap":{},"s":{"0":1,"1":1,"2":1,"3":1,"4":1},"f":{"0":1},"b":{}}
,"D:\\D-SITES INFOSOLUTIONS\\Clients\\MLM-velur\\AAKASH-E-COM\\backend\\src\\main.ts": {"path":"D:\\D-SITES INFOSOLUTIONS\\Clients\\MLM-velur\\AAKASH-E-COM\\backend\\src\\main.ts","statementMap":{"0":{"start":{"line":1,"column":0},"end":{"line":1,"column":43}},"1":{"start":{"line":2,"column":0},"end":{"line":2,"column":56}},"2":{"start":{"line":3,"column":0},"end":{"line":3,"column":65}},"3":{"start":{"line":4,"column":0},"end":{"line":4,"column":47}},"4":{"start":{"line":5,"column":0},"end":{"line":5,"column":41}},"5":{"start":{"line":7,"column":0},"end":{"line":7,"column":35}},"6":{"start":{"line":8,"column":0},"end":{"line":8,"column":25}},"7":{"start":{"line":9,"column":0},"end":{"line":9,"column":28}},"8":{"start":{"line":10,"column":0},"end":{"line":10,"column":28}},"9":{"start":{"line":12,"column":0},"end":{"line":12,"column":77}},"10":{"start":{"line":15,"column":17},"end":{"line":15,"column":40}},"11":{"start":{"line":16,"column":14},"end":{"line":16,"column":49}},"12":{"start":{"line":17,"column":24},"end":{"line":17,"column":46}},"13":{"start":{"line":19,"column":18},"end":{"line":19,"column":71}},"14":{"start":{"line":20,"column":15},"end":{"line":20,"column":56}},"15":{"start":{"line":21,"column":20},"end":{"line":21,"column":70}},"16":{"start":{"line":22,"column":20},"end":{"line":22,"column":58}},"17":{"start":{"line":25,"column":2},"end":{"line":38,"column":3}},"18":{"start":{"line":26,"column":4},"end":{"line":37,"column":5}},"19":{"start":{"line":31,"column":6},"end":{"line":33,"column":8}},"20":{"start":{"line":34,"column":6},"end":{"line":36,"column":8}},"21":{"start":{"line":41,"column":2},"end":{"line":41,"column":20}},"22":{"start":{"line":44,"column":21},"end":{"line":44,"column":69}},"23":{"start":{"line":45,"column":2},"end":{"line":47,"column":3}},"24":{"start":{"line":46,"column":4},"end":{"line":46,"column":50}},"25":{"start":{"line":50,"column":2},"end":{"line":50,"column":70}},"26":{"start":{"line":52,"column":2},"end":{"line":52,"column":33}},"27":{"start":{"line":54,"column":22},"end":{"line":54,"column":64}},"28":{"start":{"line":55,"column":2},"end":{"line":63,"column":5}},"29":{"start":{"line":65,"column":2},"end":{"line":65,"column":50}},"30":{"start":{"line":67,"column":2},"end":{"line":73,"column":4}},"31":{"start":{"line":76,"column":24},"end":{"line":83,"column":12}},"32":{"start":{"line":85,"column":19},"end":{"line":85,"column":67}},"33":{"start":{"line":86,"column":2},"end":{"line":86,"column":49}},"34":{"start":{"line":88,"column":2},"end":{"line":88,"column":36}},"35":{"start":{"line":89,"column":2},"end":{"line":91,"column":4}},"36":{"start":{"line":92,"column":2},"end":{"line":94,"column":4}},"37":{"start":{"line":97,"column":0},"end":{"line":100,"column":3}},"38":{"start":{"line":98,"column":2},"end":{"line":98,"column":60}},"39":{"start":{"line":99,"column":2},"end":{"line":99,"column":18}}},"fnMap":{"0":{"name":"bootstrap","decl":{"start":{"line":14,"column":15},"end":{"line":14,"column":24}},"loc":{"start":{"line":14,"column":24},"end":{"line":95,"column":1}}},"1":{"name":"(anonymous_11)","decl":{"start":{"line":97,"column":23},"end":{"line":97,"column":24}},"loc":{"start":{"line":97,"column":31},"end":{"line":100,"column":1}}}},"branchMap":{"0":{"loc":{"start":{"line":19,"column":18},"end":{"line":19,"column":71}},"type":"binary-expr","locations":[{"start":{"line":19,"column":18},"end":{"line":19,"column":54}},{"start":{"line":19,"column":58},"end":{"line":19,"column":71}}]},"1":{"loc":{"start":{"line":20,"column":15},"end":{"line":20,"column":56}},"type":"binary-expr","locations":[{"start":{"line":20,"column":15},"end":{"line":20,"column":48}},{"start":{"line":20,"column":52},"end":{"line":20,"column":56}}]},"2":{"loc":{"start":{"line":21,"column":20},"end":{"line":21,"column":70}},"type":"binary-expr","locations":[{"start":{"line":21,"column":20},"end":{"line":21,"column":58}},{"start":{"line":21,"column":62},"end":{"line":21,"column":70}}]},"3":{"loc":{"start":{"line":25,"column":2},"end":{"line":38,"column":3}},"type":"if","locations":[{"start":{"line":25,"column":2},"end":{"line":38,"column":3}},{"start":{},"end":{}}]},"4":{"loc":{"start":{"line":26,"column":4},"end":{"line":37,"column":5}},"type":"if","locations":[{"start":{"line":26,"column":4},"end":{"line":37,"column":5}},{"start":{},"end":{}}]},"5":{"loc":{"start":{"line":27,"column":6},"end":{"line":29,"column":46}},"type":"binary-expr","locations":[{"start":{"line":27,"column":6},"end":{"line":27,"column":16}},{"start":{"line":28,"column":6},"end":{"line":28,"column":37}},{"start":{"line":29,"column":6},"end":{"line":29,"column":46}}]},"6":{"loc":{"start":{"line":45,"column":2},"end":{"line":47,"column":3}},"type":"if","locations":[{"start":{"line":45,"column":2},"end":{"line":47,"column":3}},{"start":{},"end":{}}]},"7":{"loc":{"start":{"line":57,"column":6},"end":{"line":61,"column":29}},"type":"cond-expr","locations":[{"start":{"line":58,"column":10},"end":{"line":60,"column":17}},{"start":{"line":61,"column":10},"end":{"line":61,"column":29}}]},"8":{"loc":{"start":{"line":58,"column":10},"end":{"line":60,"column":17}},"type":"cond-expr","locations":[{"start":{"line":59,"column":12},"end":{"line":59,"column":23}},{"start":{"line":60,"column":12},"end":{"line":60,"column":17}}]},"9":{"loc":{"start":{"line":58,"column":10},"end":{"line":58,"column":47}},"type":"binary-expr","locations":[{"start":{"line":58,"column":10},"end":{"line":58,"column":21}},{"start":{"line":58,"column":25},"end":{"line":58,"column":47}}]},"10":{"loc":{"start":{"line":61,"column":10},"end":{"line":61,"column":29}},"type":"binary-expr","locations":[{"start":{"line":61,"column":10},"end":{"line":61,"column":21}},{"start":{"line":61,"column":25},"end":{"line":61,"column":29}}]}},"s":{"0":0,"1":0,"2":0,"3":0,"4":0,"5":0,"6":0,"7":0,"8":0,"9":0,"10":0,"11":0,"12":0,"13":0,"14":0,"15":0,"16":0,"17":0,"18":0,"19":0,"20":0,"21":0,"22":0,"23":0,"24":0,"25":0,"26":0,"27":0,"28":0,"29":0,"30":0,"31":0,"32":0,"33":0,"34":0,"35":0,"36":0,"37":0,"38":0,"39":0},"f":{"0":0,"1":0},"b":{"0":[0,0],"1":[0,0],"2":[0,0],"3":[0,0],"4":[0,0],"5":[0,0,0],"6":[0,0],"7":[0,0],"8":[0,0],"9":[0,0],"10":[0,0]}}
,"D:\\D-SITES INFOSOLUTIONS\\Clients\\MLM-velur\\AAKASH-E-COM\\backend\\src\\common\\filters\\http-exception.filter.ts": {"path":"D:\\D-SITES INFOSOLUTIONS\\Clients\\MLM-velur\\AAKASH-E-COM\\backend\\src\\common\\filters\\http-exception.filter.ts","statementMap":{"0":{"start":{"line":1,"column":0},"end":{"line":1,"column":null}},"1":{"start":{"line":12,"column":32},"end":{"line":70,"column":null}},"2":{"start":{"line":13,"column":28},"end":{"line":13,"column":64}},"3":{"start":{"line":16,"column":16},"end":{"line":16,"column":35}},"4":{"start":{"line":17,"column":21},"end":{"line":17,"column":48}},"5":{"start":{"line":18,"column":20},"end":{"line":18,"column":45}},"6":{"start":{"line":19,"column":25},"end":{"line":19,"column":62}},"7":{"start":{"line":22,"column":6},"end":{"line":24,"column":42}},"8":{"start":{"line":26,"column":37},"end":{"line":26,"column":60}},"9":{"start":{"line":27,"column":16},"end":{"line":27,"column":39}},"10":{"start":{"line":29,"column":4},"end":{"line":51,"column":5}},"11":{"start":{"line":30,"column":18},"end":{"line":30,"column":41}},"12":{"start":{"line":32,"column":6},"end":{"line":39,"column":7}},"13":{"start":{"line":33,"column":8},"end":{"line":33,"column":22}},"14":{"start":{"line":34,"column":8},"end":{"line":34,"column":56}},"15":{"start":{"line":35,"column":13},"end":{"line":39,"column":7}},"16":{"start":{"line":36,"column":23},"end":{"line":36,"column":49}},"17":{"start":{"line":37,"column":8},"end":{"line":37,"column":54}},"18":{"start":{"line":38,"column":8},"end":{"line":38,"column":72}},"19":{"start":{"line":40,"column":11},"end":{"line":51,"column":5}},"20":{"start":{"line":41,"column":6},"end":{"line":44,"column":8}},"21":{"start":{"line":45,"column":6},"end":{"line":47,"column":28}},"22":{"start":{"line":49,"column":6},"end":{"line":49,"column":73}},"23":{"start":{"line":50,"column":6},"end":{"line":50,"column":56}},"24":{"start":{"line":53,"column":4},"end":{"line":57,"column":5}},"25":{"start":{"line":54,"column":6},"end":{"line":56,"column":8}},"26":{"start":{"line":59,"column":30},"end":{"line":66,"column":6}},"27":{"start":{"line":68,"column":4},"end":{"line":68,"column":52}},"28":{"start":{"line":12,"column":13},"end":{"line":12,"column":32}},"29":{"start":{"line":12,"column":13},"end":{"line":70,"column":null}}},"fnMap":{"0":{"name":"(anonymous_1)","decl":{"start":{"line":15,"column":2},"end":{"line":15,"column":7}},"loc":{"start":{"line":15,"column":47},"end":{"line":69,"column":3}}}},"branchMap":{"0":{"loc":{"start":{"line":22,"column":6},"end":{"line":24,"column":42}},"type":"cond-expr","locations":[{"start":{"line":23,"column":10},"end":{"line":23,"column":31}},{"start":{"line":24,"column":10},"end":{"line":24,"column":42}}]},"1":{"loc":{"start":{"line":29,"column":4},"end":{"line":51,"column":5}},"type":"if","locations":[{"start":{"line":29,"column":4},"end":{"line":51,"column":5}},{"start":{"line":40,"column":11},"end":{"line":51,"column":5}}]},"2":{"loc":{"start":{"line":32,"column":6},"end":{"line":39,"column":7}},"type":"if","locations":[{"start":{"line":32,"column":6},"end":{"line":39,"column":7}},{"start":{"line":35,"column":13},"end":{"line":39,"column":7}}]},"3":{"loc":{"start":{"line":35,"column":13},"end":{"line":39,"column":7}},"type":"if","locations":[{"start":{"line":35,"column":13},"end":{"line":39,"column":7}},{"start":{},"end":{}}]},"4":{"loc":{"start":{"line":35,"column":17},"end":{"line":35,"column":56}},"type":"binary-expr","locations":[{"start":{"line":35,"column":17},"end":{"line":35,"column":40}},{"start":{"line":35,"column":44},"end":{"line":35,"column":56}}]},"5":{"loc":{"start":{"line":37,"column":18},"end":{"line":37,"column":53}},"type":"binary-expr","locations":[{"start":{"line":37,"column":18},"end":{"line":37,"column":32}},{"start":{"line":37,"column":36},"end":{"line":37,"column":53}}]},"6":{"loc":{"start":{"line":38,"column":16},"end":{"line":38,"column":71}},"type":"binary-expr","locations":[{"start":{"line":38,"column":16},"end":{"line":38,"column":28}},{"start":{"line":38,"column":32},"end":{"line":38,"column":71}}]},"7":{"loc":{"start":{"line":40,"column":11},"end":{"line":51,"column":5}},"type":"if","locations":[{"start":{"line":40,"column":11},"end":{"line":51,"column":5}},{"start":{"line":48,"column":11},"end":{"line":51,"column":5}}]},"8":{"loc":{"start":{"line":45,"column":16},"end":{"line":47,"column":27}},"type":"cond-expr","locations":[{"start":{"line":46,"column":10},"end":{"line":46,"column":49}},{"start":{"line":47,"column":10},"end":{"line":47,"column":27}}]},"9":{"loc":{"start":{"line":53,"column":4},"end":{"line":57,"column":5}},"type":"if","locations":[{"start":{"line":53,"column":4},"end":{"line":57,"column":5}},{"start":{},"end":{}}]},"10":{"loc":{"start":{"line":53,"column":8},"end":{"line":53,"column":77}},"type":"binary-expr","locations":[{"start":{"line":53,"column":8},"end":{"line":53,"column":42}},{"start":{"line":53,"column":46},"end":{"line":53,"column":77}}]},"11":{"loc":{"start":{"line":55,"column":58},"end":{"line":55,"column":111}},"type":"cond-expr","locations":[{"start":{"line":55,"column":83},"end":{"line":55,"column":101}},{"start":{"line":55,"column":104},"end":{"line":55,"column":111}}]}},"s":{"0":0,"1":0,"2":0,"3":0,"4":0,"5":0,"6":0,"7":0,"8":0,"9":0,"10":0,"11":0,"12":0,"13":0,"14":0,"15":0,"16":0,"17":0,"18":0,"19":0,"20":0,"21":0,"22":0,"23":0,"24":0,"25":0,"26":0,"27":0,"28":0,"29":0},"f":{"0":0},"b":{"0":[0,0],"1":[0,0],"2":[0,0],"3":[0,0],"4":[0,0],"5":[0,0],"6":[0,0],"7":[0,0],"8":[0,0],"9":[0,0],"10":[0,0],"11":[0,0]}}
,"D:\\D-SITES INFOSOLUTIONS\\Clients\\MLM-velur\\AAKASH-E-COM\\backend\\src\\config\\configuration.ts": {"path":"D:\\D-SITES INFOSOLUTIONS\\Clients\\MLM-velur\\AAKASH-E-COM\\backend\\src\\config\\configuration.ts","statementMap":{"0":{"start":{"line":14,"column":0},"end":{"line":27,"column":3}},"1":{"start":{"line":14,"column":33},"end":{"line":27,"column":2}}},"fnMap":{"0":{"name":"(anonymous_0)","decl":{"start":{"line":14,"column":15},"end":{"line":14,"column":29}},"loc":{"start":{"line":14,"column":33},"end":{"line":27,"column":2}}}},"branchMap":{"0":{"loc":{"start":{"line":15,"column":11},"end":{"line":15,"column":48}},"type":"binary-expr","locations":[{"start":{"line":15,"column":11},"end":{"line":15,"column":31}},{"start":{"line":15,"column":35},"end":{"line":15,"column":48}}]},"1":{"loc":{"start":{"line":16,"column":17},"end":{"line":16,"column":43}},"type":"binary-expr","locations":[{"start":{"line":16,"column":17},"end":{"line":16,"column":33}},{"start":{"line":16,"column":37},"end":{"line":16,"column":43}}]},"2":{"loc":{"start":{"line":17,"column":13},"end":{"line":17,"column":47}},"type":"binary-expr","locations":[{"start":{"line":17,"column":13},"end":{"line":17,"column":35}},{"start":{"line":17,"column":39},"end":{"line":17,"column":47}}]},"3":{"loc":{"start":{"line":18,"column":15},"end":{"line":18,"column":45}},"type":"binary-expr","locations":[{"start":{"line":18,"column":15},"end":{"line":18,"column":39}},{"start":{"line":18,"column":43},"end":{"line":18,"column":45}}]},"4":{"loc":{"start":{"line":19,"column":13},"end":{"line":19,"column":65}},"type":"binary-expr","locations":[{"start":{"line":19,"column":13},"end":{"line":19,"column":35}},{"start":{"line":19,"column":39},"end":{"line":19,"column":65}}]},"5":{"loc":{"start":{"line":20,"column":16},"end":{"line":20,"column":50}},"type":"binary-expr","locations":[{"start":{"line":20,"column":16},"end":{"line":20,"column":42}},{"start":{"line":20,"column":46},"end":{"line":20,"column":50}}]},"6":{"loc":{"start":{"line":21,"column":13},"end":{"line":21,"column":50}},"type":"binary-expr","locations":[{"start":{"line":21,"column":13},"end":{"line":21,"column":35}},{"start":{"line":21,"column":39},"end":{"line":21,"column":50}}]},"7":{"loc":{"start":{"line":22,"column":22},"end":{"line":22,"column":54}},"type":"binary-expr","locations":[{"start":{"line":22,"column":22},"end":{"line":22,"column":44}},{"start":{"line":22,"column":48},"end":{"line":22,"column":54}}]},"8":{"loc":{"start":{"line":23,"column":17},"end":{"line":23,"column":56}},"type":"binary-expr","locations":[{"start":{"line":23,"column":17},"end":{"line":23,"column":43}},{"start":{"line":23,"column":47},"end":{"line":23,"column":56}}]},"9":{"loc":{"start":{"line":24,"column":15},"end":{"line":26,"column":56}},"type":"cond-expr","locations":[{"start":{"line":25,"column":6},"end":{"line":25,"column":41}},{"start":{"line":26,"column":6},"end":{"line":26,"column":56}}]}},"s":{"0":0,"1":0},"f":{"0":0},"b":{"0":[0,0],"1":[0,0],"2":[0,0],"3":[0,0],"4":[0,0],"5":[0,0],"6":[0,0],"7":[0,0],"8":[0,0],"9":[0,0]}}
,"D:\\D-SITES INFOSOLUTIONS\\Clients\\MLM-velur\\AAKASH-E-COM\\backend\\src\\modules\\audit\\audit.controller.ts": {"path":"D:\\D-SITES INFOSOLUTIONS\\Clients\\MLM-velur\\AAKASH-E-COM\\backend\\src\\modules\\audit\\audit.controller.ts","statementMap":{"0":{"start":{"line":1,"column":0},"end":{"line":1,"column":67}},"1":{"start":{"line":2,"column":0},"end":{"line":2,"column":null}},"2":{"start":{"line":8,"column":0},"end":{"line":8,"column":44}},"3":{"start":{"line":9,"column":0},"end":{"line":9,"column":47}},"4":{"start":{"line":10,"column":0},"end":{"line":10,"column":63}},"5":{"start":{"line":11,"column":0},"end":{"line":11,"column":61}},"6":{"start":{"line":12,"column":0},"end":{"line":12,"column":56}},"7":{"start":{"line":13,"column":0},"end":{"line":13,"column":59}},"8":{"start":{"line":20,"column":7},"end":{"line":33,"column":null}},"9":{"start":{"line":21,"column":31},"end":{"line":21,"column":45}},"10":{"start":{"line":31,"column":4},"end":{"line":31,"column":49}},"11":{"start":{"line":20,"column":13},"end":{"line":20,"column":28}},"12":{"start":{"line":30,"column":8},"end":{"line":32,"column":null}},"13":{"start":{"line":20,"column":13},"end":{"line":33,"column":null}}},"fnMap":{"0":{"name":"(anonymous_4)","decl":{"start":{"line":21,"column":2},"end":{"line":21,"column":31}},"loc":{"start":{"line":21,"column":57},"end":{"line":21,"column":61}}},"1":{"name":"(anonymous_5)","decl":{"start":{"line":30,"column":8},"end":{"line":30,"column":20}},"loc":{"start":{"line":30,"column":54},"end":{"line":32,"column":3}}}},"branchMap":{"0":{"loc":{"start":{"line":30,"column":37},"end":{"line":30,"column":null}},"type":"cond-expr","locations":[{"start":{"line":30,"column":54},"end":{"line":30,"column":null}},{"start":{"line":30,"column":54},"end":{"line":30,"column":null}}]},"1":{"loc":{"start":{"line":30,"column":37},"end":{"line":30,"column":54}},"type":"binary-expr","locations":[{"start":{"line":30,"column":37},"end":{"line":30,"column":null}},{"start":{"line":30,"column":37},"end":{"line":30,"column":54}}]},"2":{"loc":{"start":{"line":21,"column":45},"end":{"line":21,"column":60}},"type":"cond-expr","locations":[{"start":{"line":21,"column":57},"end":{"line":21,"column":60}},{"start":{"line":21,"column":57},"end":{"line":21,"column":60}}]},"3":{"loc":{"start":{"line":21,"column":45},"end":{"line":21,"column":57}},"type":"binary-expr","locations":[{"start":{"line":21,"column":45},"end":{"line":21,"column":60}},{"start":{"line":21,"column":45},"end":{"line":21,"column":57}}]}},"s":{"0":1,"1":1,"2":1,"3":1,"4":1,"5":1,"6":1,"7":1,"8":1,"9":4,"10":2,"11":1,"12":1,"13":1},"f":{"0":4,"1":2},"b":{"0":[1,0],"1":[1,1],"2":[1,0],"3":[1,1]}}
,"D:\\D-SITES INFOSOLUTIONS\\Clients\\MLM-velur\\AAKASH-E-COM\\backend\\src\\modules\\audit\\audit.module.ts": {"path":"D:\\D-SITES INFOSOLUTIONS\\Clients\\MLM-velur\\AAKASH-E-COM\\backend\\src\\modules\\audit\\audit.module.ts","statementMap":{"0":{"start":{"line":1,"column":0},"end":{"line":1,"column":40}},"1":{"start":{"line":2,"column":0},"end":{"line":2,"column":47}},"2":{"start":{"line":3,"column":0},"end":{"line":3,"column":53}},"3":{"start":{"line":4,"column":0},"end":{"line":4,"column":58}},"4":{"start":{"line":12,"column":7},"end":{"line":12,"column":null}},"5":{"start":{"line":12,"column":13},"end":{"line":12,"column":24}},"6":{"start":{"line":12,"column":13},"end":{"line":12,"column":null}}},"fnMap":{},"branchMap":{},"s":{"0":0,"1":0,"2":0,"3":0,"4":0,"5":0,"6":0},"f":{},"b":{}}
,"D:\\D-SITES INFOSOLUTIONS\\Clients\\MLM-velur\\AAKASH-E-COM\\backend\\src\\modules\\audit\\audit.service.ts": {"path":"D:\\D-SITES INFOSOLUTIONS\\Clients\\MLM-velur\\AAKASH-E-COM\\backend\\src\\modules\\audit\\audit.service.ts","statementMap":{"0":{"start":{"line":1,"column":0},"end":{"line":1,"column":70}},"1":{"start":{"line":2,"column":0},"end":{"line":2,"column":60}},"2":{"start":{"line":4,"column":0},"end":{"line":4,"column":77}},"3":{"start":{"line":16,"column":25},"end":{"line":164,"column":null}},"4":{"start":{"line":17,"column":28},"end":{"line":17,"column":57}},"5":{"start":{"line":20,"column":21},"end":{"line":20,"column":29}},"6":{"start":{"line":21,"column":33},"end":{"line":21,"column":57}},"7":{"start":{"line":31,"column":20},"end":{"line":31,"column":43}},"8":{"start":{"line":32,"column":4},"end":{"line":79,"column":5}},"9":{"start":{"line":33,"column":18},"end":{"line":44,"column":8}},"10":{"start":{"line":46,"column":6},"end":{"line":48,"column":8}},"11":{"start":{"line":51,"column":6},"end":{"line":73,"column":7}},"12":{"start":{"line":52,"column":8},"end":{"line":72,"column":9}},"13":{"start":{"line":56,"column":10},"end":{"line":56,"column":67}},"14":{"start":{"line":57,"column":15},"end":{"line":72,"column":9}},"15":{"start":{"line":61,"column":10},"end":{"line":61,"column":71}},"16":{"start":{"line":62,"column":15},"end":{"line":72,"column":9}},"17":{"start":{"line":67,"column":10},"end":{"line":67,"column":73}},"18":{"start":{"line":69,"column":10},"end":{"line":71,"column":13}},"19":{"start":{"line":75,"column":6},"end":{"line":75,"column":17}},"20":{"start":{"line":77,"column":22},"end":{"line":77,"column":76}},"21":{"start":{"line":78,"column":6},"end":{"line":78,"column":68}},"22":{"start":{"line":99,"column":8},"end":{"line":99,"column":13}},"23":{"start":{"line":101,"column":17},"end":{"line":101,"column":35}},"24":{"start":{"line":102,"column":48},"end":{"line":102,"column":50}},"25":{"start":{"line":104,"column":4},"end":{"line":104,"column":41}},"26":{"start":{"line":104,"column":17},"end":{"line":104,"column":41}},"27":{"start":{"line":105,"column":4},"end":{"line":105,"column":47}},"28":{"start":{"line":105,"column":19},"end":{"line":105,"column":47}},"29":{"start":{"line":106,"column":4},"end":{"line":106,"column":50}},"30":{"start":{"line":106,"column":20},"end":{"line":106,"column":50}},"31":{"start":{"line":107,"column":4},"end":{"line":107,"column":50}},"32":{"start":{"line":107,"column":20},"end":{"line":107,"column":50}},"33":{"start":{"line":108,"column":4},"end":{"line":108,"column":44}},"34":{"start":{"line":108,"column":18},"end":{"line":108,"column":44}},"35":{"start":{"line":110,"column":4},"end":{"line":119,"column":5}},"36":{"start":{"line":111,"column":53},"end":{"line":111,"column":55}},"37":{"start":{"line":112,"column":6},"end":{"line":112,"column":63}},"38":{"start":{"line":112,"column":21},"end":{"line":112,"column":63}},"39":{"start":{"line":113,"column":6},"end":{"line":117,"column":7}},"40":{"start":{"line":114,"column":20},"end":{"line":114,"column":37}},"41":{"start":{"line":115,"column":8},"end":{"line":115,"column":38}},"42":{"start":{"line":116,"column":8},"end":{"line":116,"column":34}},"43":{"start":{"line":118,"column":6},"end":{"line":118,"column":40}},"44":{"start":{"line":121,"column":4},"end":{"line":127,"column":5}},"45":{"start":{"line":122,"column":19},"end":{"line":122,"column":32}},"46":{"start":{"line":123,"column":6},"end":{"line":126,"column":8}},"47":{"start":{"line":129,"column":28},"end":{"line":129,"column":69}},"48":{"start":{"line":130,"column":25},"end":{"line":132,"column":19}},"49":{"start":{"line":134,"column":26},"end":{"line":152,"column":6}},"50":{"start":{"line":154,"column":4},"end":{"line":162,"column":6}},"51":{"start":{"line":16,"column":13},"end":{"line":16,"column":25}},"52":{"start":{"line":16,"column":13},"end":{"line":164,"column":null}}},"fnMap":{"0":{"name":"(anonymous_4)","decl":{"start":{"line":19,"column":2},"end":{"line":19,"column":null}},"loc":{"start":{"line":21,"column":78},"end":{"line":22,"column":6}}},"1":{"name":"(anonymous_5)","decl":{"start":{"line":27,"column":2},"end":{"line":27,"column":7}},"loc":{"start":{"line":29,"column":39},"end":{"line":80,"column":3}}},"2":{"name":"(anonymous_6)","decl":{"start":{"line":85,"column":2},"end":{"line":85,"column":7}},"loc":{"start":{"line":85,"column":47},"end":{"line":163,"column":3}}}},"branchMap":{"0":{"loc":{"start":{"line":31,"column":20},"end":{"line":31,"column":43}},"type":"binary-expr","locations":[{"start":{"line":31,"column":20},"end":{"line":31,"column":28}},{"start":{"line":31,"column":32},"end":{"line":31,"column":43}}]},"1":{"loc":{"start":{"line":35,"column":19},"end":{"line":35,"column":41}},"type":"binary-expr","locations":[{"start":{"line":35,"column":19},"end":{"line":35,"column":33}},{"start":{"line":35,"column":37},"end":{"line":35,"column":41}}]},"2":{"loc":{"start":{"line":36,"column":21},"end":{"line":36,"column":45}},"type":"binary-expr","locations":[{"start":{"line":36,"column":21},"end":{"line":36,"column":37}},{"start":{"line":36,"column":41},"end":{"line":36,"column":45}}]},"3":{"loc":{"start":{"line":39,"column":20},"end":{"line":39,"column":43}},"type":"binary-expr","locations":[{"start":{"line":39,"column":20},"end":{"line":39,"column":35}},{"start":{"line":39,"column":39},"end":{"line":39,"column":43}}]},"4":{"loc":{"start":{"line":40,"column":20},"end":{"line":42,"column":23}},"type":"cond-expr","locations":[{"start":{"line":41,"column":14},"end":{"line":41,"column":57}},{"start":{"line":42,"column":14},"end":{"line":42,"column":23}}]},"5":{"loc":{"start":{"line":47,"column":68},"end":{"line":47,"column":92}},"type":"binary-expr","locations":[{"start":{"line":47,"column":68},"end":{"line":47,"column":83}},{"start":{"line":47,"column":87},"end":{"line":47,"column":92}}]},"6":{"loc":{"start":{"line":47,"column":99},"end":{"line":47,"column":125}},"type":"binary-expr","locations":[{"start":{"line":47,"column":99},"end":{"line":47,"column":113}},{"start":{"line":47,"column":117},"end":{"line":47,"column":125}}]},"7":{"loc":{"start":{"line":47,"column":130},"end":{"line":47,"column":155}},"type":"binary-expr","locations":[{"start":{"line":47,"column":130},"end":{"line":47,"column":146}},{"start":{"line":47,"column":150},"end":{"line":47,"column":155}}]},"8":{"loc":{"start":{"line":51,"column":6},"end":{"line":73,"column":7}},"type":"if","locations":[{"start":{"line":51,"column":6},"end":{"line":73,"column":7}},{"start":{},"end":{}}]},"9":{"loc":{"start":{"line":52,"column":8},"end":{"line":72,"column":9}},"type":"if","locations":[{"start":{"line":52,"column":8},"end":{"line":72,"column":9}},{"start":{"line":57,"column":15},"end":{"line":72,"column":9}}]},"10":{"loc":{"start":{"line":53,"column":10},"end":{"line":54,"column":46}},"type":"binary-expr","locations":[{"start":{"line":53,"column":10},"end":{"line":53,"column":40}},{"start":{"line":54,"column":10},"end":{"line":54,"column":46}}]},"11":{"loc":{"start":{"line":57,"column":15},"end":{"line":72,"column":9}},"type":"if","locations":[{"start":{"line":57,"column":15},"end":{"line":72,"column":9}},{"start":{"line":62,"column":15},"end":{"line":72,"column":9}}]},"12":{"loc":{"start":{"line":58,"column":10},"end":{"line":59,"column":50}},"type":"binary-expr","locations":[{"start":{"line":58,"column":10},"end":{"line":58,"column":49}},{"start":{"line":59,"column":10},"end":{"line":59,"column":50}}]},"13":{"loc":{"start":{"line":62,"column":15},"end":{"line":72,"column":9}},"type":"if","locations":[{"start":{"line":62,"column":15},"end":{"line":72,"column":9}},{"start":{"line":68,"column":15},"end":{"line":72,"column":9}}]},"14":{"loc":{"start":{"line":63,"column":10},"end":{"line":65,"column":52}},"type":"binary-expr","locations":[{"start":{"line":63,"column":10},"end":{"line":63,"column":51}},{"start":{"line":64,"column":10},"end":{"line":64,"column":52}},{"start":{"line":65,"column":10},"end":{"line":65,"column":52}}]},"15":{"loc":{"start":{"line":77,"column":22},"end":{"line":77,"column":76}},"type":"cond-expr","locations":[{"start":{"line":77,"column":47},"end":{"line":77,"column":60}},{"start":{"line":77,"column":63},"end":{"line":77,"column":76}}]},"16":{"loc":{"start":{"line":95,"column":6},"end":{"line":95,"column":14}},"type":"default-arg","locations":[{"start":{"line":95,"column":13},"end":{"line":95,"column":14}}]},"17":{"loc":{"start":{"line":96,"column":6},"end":{"line":96,"column":16}},"type":"default-arg","locations":[{"start":{"line":96,"column":14},"end":{"line":96,"column":16}}]},"18":{"loc":{"start":{"line":97,"column":6},"end":{"line":97,"column":26}},"type":"default-arg","locations":[{"start":{"line":97,"column":15},"end":{"line":97,"column":26}}]},"19":{"loc":{"start":{"line":98,"column":6},"end":{"line":98,"column":24}},"type":"default-arg","locations":[{"start":{"line":98,"column":18},"end":{"line":98,"column":24}}]},"20":{"loc":{"start":{"line":104,"column":4},"end":{"line":104,"column":41}},"type":"if","locations":[{"start":{"line":104,"column":4},"end":{"line":104,"column":41}},{"start":{},"end":{}}]},"21":{"loc":{"start":{"line":105,"column":4},"end":{"line":105,"column":47}},"type":"if","locations":[{"start":{"line":105,"column":4},"end":{"line":105,"column":47}},{"start":{},"end":{}}]},"22":{"loc":{"start":{"line":106,"column":4},"end":{"line":106,"column":50}},"type":"if","locations":[{"start":{"line":106,"column":4},"end":{"line":106,"column":50}},{"start":{},"end":{}}]},"23":{"loc":{"start":{"line":107,"column":4},"end":{"line":107,"column":50}},"type":"if","locations":[{"start":{"line":107,"column":4},"end":{"line":107,"column":50}},{"start":{},"end":{}}]},"24":{"loc":{"start":{"line":108,"column":4},"end":{"line":108,"column":44}},"type":"if","locations":[{"start":{"line":108,"column":4},"end":{"line":108,"column":44}},{"start":{},"end":{}}]},"25":{"loc":{"start":{"line":110,"column":4},"end":{"line":119,"column":5}},"type":"if","locations":[{"start":{"line":110,"column":4},"end":{"line":119,"column":5}},{"start":{},"end":{}}]},"26":{"loc":{"start":{"line":110,"column":8},"end":{"line":110,"column":28}},"type":"binary-expr","locations":[{"start":{"line":110,"column":8},"end":{"line":110,"column":17}},{"start":{"line":110,"column":21},"end":{"line":110,"column":28}}]},"27":{"loc":{"start":{"line":112,"column":6},"end":{"line":112,"column":63}},"type":"if","locations":[{"start":{"line":112,"column":6},"end":{"line":112,"column":63}},{"start":{},"end":{}}]},"28":{"loc":{"start":{"line":113,"column":6},"end":{"line":117,"column":7}},"type":"if","locations":[{"start":{"line":113,"column":6},"end":{"line":117,"column":7}},{"start":{},"end":{}}]},"29":{"loc":{"start":{"line":121,"column":4},"end":{"line":127,"column":5}},"type":"if","locations":[{"start":{"line":121,"column":4},"end":{"line":127,"column":5}},{"start":{},"end":{}}]},"30":{"loc":{"start":{"line":121,"column":8},"end":{"line":121,"column":38}},"type":"binary-expr","locations":[{"start":{"line":121,"column":8},"end":{"line":121,"column":14}},{"start":{"line":121,"column":18},"end":{"line":121,"column":38}}]},"31":{"loc":{"start":{"line":130,"column":25},"end":{"line":132,"column":19}},"type":"cond-expr","locations":[{"start":{"line":131,"column":8},"end":{"line":131,"column":14}},{"start":{"line":132,"column":8},"end":{"line":132,"column":19}}]},"32":{"loc":{"start":{"line":20,"column":29},"end":{"line":20,"column":null}},"type":"cond-expr","locations":[{"start":{"line":20,"column":42},"end":{"line":20,"column":null}},{"start":{"line":20,"column":42},"end":{"line":20,"column":null}}]},"33":{"loc":{"start":{"line":20,"column":29},"end":{"line":20,"column":42}},"type":"binary-expr","locations":[{"start":{"line":20,"column":29},"end":{"line":20,"column":null}},{"start":{"line":20,"column":29},"end":{"line":20,"column":42}}]},"34":{"loc":{"start":{"line":20,"column":42},"end":{"line":21,"column":null}},"type":"cond-expr","locations":[{"start":{"line":21,"column":78},"end":{"line":21,"column":null}},{"start":{"line":21,"column":78},"end":{"line":21,"column":null}}]},"35":{"loc":{"start":{"line":20,"column":42},"end":{"line":21,"column":78}},"type":"binary-expr","locations":[{"start":{"line":20,"column":42},"end":{"line":21,"column":null}},{"start":{"line":21,"column":57},"end":{"line":21,"column":78}}]}},"s":{"0":18,"1":18,"2":18,"3":18,"4":4,"5":4,"6":4,"7":1,"8":1,"9":1,"10":1,"11":1,"12":0,"13":0,"14":0,"15":0,"16":0,"17":0,"18":0,"19":1,"20":0,"21":0,"22":2,"23":2,"24":2,"25":2,"26":1,"27":2,"28":0,"29":2,"30":1,"31":2,"32":0,"33":2,"34":0,"35":2,"36":0,"37":0,"38":0,"39":0,"40":0,"41":0,"42":0,"43":0,"44":2,"45":0,"46":0,"47":2,"48":2,"49":2,"50":2,"51":18,"52":18},"f":{"0":4,"1":1,"2":2},"b":{"0":[1,1],"1":[1,0],"2":[1,0],"3":[1,0],"4":[0,1],"5":[1,0],"6":[1,0],"7":[1,0],"8":[0,1],"9":[0,0],"10":[0,0],"11":[0,0],"12":[0,0],"13":[0,0],"14":[0,0,0],"15":[0,0],"16":[2],"17":[2],"18":[2],"19":[2],"20":[1,1],"21":[0,2],"22":[1,1],"23":[0,2],"24":[0,2],"25":[0,2],"26":[2,2],"27":[0,0],"28":[0,0],"29":[0,2],"30":[2,0],"31":[2,0],"32":[18,0],"33":[18,18],"34":[18,0],"35":[18,18]}}
,"D:\\D-SITES INFOSOLUTIONS\\Clients\\MLM-velur\\AAKASH-E-COM\\backend\\src\\modules\\audit\\dto\\query-audit-logs.dto.ts": {"path":"D:\\D-SITES INFOSOLUTIONS\\Clients\\MLM-velur\\AAKASH-E-COM\\backend\\src\\modules\\audit\\dto\\query-audit-logs.dto.ts","statementMap":{"0":{"start":{"line":1,"column":0},"end":{"line":1,"column":null}},"1":{"start":{"line":10,"column":0},"end":{"line":10,"column":41}},"2":{"start":{"line":11,"column":0},"end":{"line":11,"column":54}},"3":{"start":{"line":12,"column":0},"end":{"line":12,"column":44}},"4":{"start":{"line":69,"column":18},"end":{"line":69,"column":19}},"5":{"start":{"line":77,"column":19},"end":{"line":77,"column":21}},"6":{"start":{"line":82,"column":20},"end":{"line":82,"column":31}},"7":{"start":{"line":91,"column":31},"end":{"line":91,"column":37}},"8":{"start":{"line":14,"column":0},"end":{"line":14,"column":13}},"9":{"start":{"line":18,"column":2},"end":{"line":18,"column":null}},"10":{"start":{"line":26,"column":2},"end":{"line":26,"column":null}},"11":{"start":{"line":33,"column":2},"end":{"line":33,"column":null}},"12":{"start":{"line":40,"column":2},"end":{"line":40,"column":null}},"13":{"start":{"line":45,"column":2},"end":{"line":45,"column":null}},"14":{"start":{"line":50,"column":2},"end":{"line":50,"column":null}},"15":{"start":{"line":55,"column":2},"end":{"line":55,"column":null}},"16":{"start":{"line":62,"column":2},"end":{"line":62,"column":null}},"17":{"start":{"line":69,"column":2},"end":{"line":69,"column":null}},"18":{"start":{"line":66,"column":14},"end":{"line":66,"column":20}},"19":{"start":{"line":77,"column":2},"end":{"line":77,"column":null}},"20":{"start":{"line":73,"column":14},"end":{"line":73,"column":20}},"21":{"start":{"line":82,"column":2},"end":{"line":82,"column":null}},"22":{"start":{"line":91,"column":2},"end":{"line":91,"column":null}}},"fnMap":{"0":{"name":"(anonymous_2)","decl":{"start":{"line":66,"column":8},"end":{"line":66,"column":11}},"loc":{"start":{"line":66,"column":14},"end":{"line":66,"column":20}}},"1":{"name":"(anonymous_3)","decl":{"start":{"line":73,"column":8},"end":{"line":73,"column":11}},"loc":{"start":{"line":73,"column":14},"end":{"line":73,"column":20}}}},"branchMap":{"0":{"loc":{"start":{"line":26,"column":14},"end":{"line":26,"column":25}},"type":"cond-expr","locations":[{"start":{"line":26,"column":24},"end":{"line":26,"column":25}},{"start":{"line":26,"column":24},"end":{"line":26,"column":25}}]},"1":{"loc":{"start":{"line":26,"column":14},"end":{"line":26,"column":24}},"type":"binary-expr","locations":[{"start":{"line":26,"column":14},"end":{"line":26,"column":25}},{"start":{"line":26,"column":14},"end":{"line":26,"column":24}}]}},"s":{"0":1,"1":1,"2":1,"3":1,"4":0,"5":0,"6":0,"7":0,"8":1,"9":1,"10":1,"11":1,"12":1,"13":1,"14":1,"15":1,"16":1,"17":1,"18":0,"19":1,"20":0,"21":1,"22":1},"f":{"0":0,"1":0},"b":{"0":[0,1],"1":[1,1]}}
,"D:\\D-SITES INFOSOLUTIONS\\Clients\\MLM-velur\\AAKASH-E-COM\\backend\\src\\modules\\auth\\auth.controller.ts": {"path":"D:\\D-SITES INFOSOLUTIONS\\Clients\\MLM-velur\\AAKASH-E-COM\\backend\\src\\modules\\auth\\auth.controller.ts","statementMap":{"0":{"start":{"line":1,"column":0},"end":{"line":1,"column":null}},"1":{"start":{"line":9,"column":0},"end":{"line":9,"column":null}},"2":{"start":{"line":15,"column":0},"end":{"line":15,"column":45}},"3":{"start":{"line":16,"column":0},"end":{"line":16,"column":43}},"4":{"start":{"line":17,"column":0},"end":{"line":17,"column":58}},"5":{"start":{"line":18,"column":0},"end":{"line":18,"column":62}},"6":{"start":{"line":19,"column":0},"end":{"line":19,"column":62}},"7":{"start":{"line":20,"column":0},"end":{"line":20,"column":60}},"8":{"start":{"line":21,"column":0},"end":{"line":21,"column":58}},"9":{"start":{"line":22,"column":0},"end":{"line":22,"column":55}},"10":{"start":{"line":23,"column":0},"end":{"line":23,"column":66}},"11":{"start":{"line":27,"column":7},"end":{"line":139,"column":null}},"12":{"start":{"line":28,"column":31},"end":{"line":28,"column":44}},"13":{"start":{"line":45,"column":4},"end":{"line":45,"column":44}},"14":{"start":{"line":61,"column":4},"end":{"line":61,"column":72}},"15":{"start":{"line":77,"column":4},"end":{"line":77,"column":73}},"16":{"start":{"line":94,"column":4},"end":{"line":94,"column":58}},"17":{"start":{"line":108,"column":4},"end":{"line":108,"column":70}},"18":{"start":{"line":121,"column":4},"end":{"line":121,"column":48}},"19":{"start":{"line":137,"column":4},"end":{"line":137,"column":47}},"20":{"start":{"line":27,"column":13},"end":{"line":27,"column":27}},"21":{"start":{"line":44,"column":8},"end":{"line":46,"column":null}},"22":{"start":{"line":60,"column":8},"end":{"line":62,"column":null}},"23":{"start":{"line":76,"column":8},"end":{"line":78,"column":null}},"24":{"start":{"line":91,"column":8},"end":{"line":95,"column":null}},"25":{"start":{"line":104,"column":8},"end":{"line":109,"column":null}},"26":{"start":{"line":118,"column":8},"end":{"line":122,"column":null}},"27":{"start":{"line":134,"column":8},"end":{"line":138,"column":null}},"28":{"start":{"line":27,"column":13},"end":{"line":139,"column":null}}},"fnMap":{"0":{"name":"(anonymous_4)","decl":{"start":{"line":28,"column":2},"end":{"line":28,"column":31}},"loc":{"start":{"line":28,"column":55},"end":{"line":28,"column":59}}},"1":{"name":"(anonymous_5)","decl":{"start":{"line":44,"column":8},"end":{"line":44,"column":13}},"loc":{"start":{"line":44,"column":40},"end":{"line":46,"column":3}}},"2":{"name":"(anonymous_6)","decl":{"start":{"line":60,"column":8},"end":{"line":60,"column":18}},"loc":{"start":{"line":60,"column":45},"end":{"line":62,"column":3}}},"3":{"name":"(anonymous_7)","decl":{"start":{"line":76,"column":8},"end":{"line":76,"column":19}},"loc":{"start":{"line":76,"column":46},"end":{"line":78,"column":3}}},"4":{"name":"(anonymous_8)","decl":{"start":{"line":91,"column":8},"end":{"line":91,"column":15}},"loc":{"start":{"line":92,"column":44},"end":{"line":95,"column":3}}},"5":{"name":"(anonymous_9)","decl":{"start":{"line":104,"column":8},"end":{"line":104,"column":22}},"loc":{"start":{"line":106,"column":48},"end":{"line":109,"column":3}}},"6":{"name":"(anonymous_10)","decl":{"start":{"line":118,"column":8},"end":{"line":118,"column":22}},"loc":{"start":{"line":119,"column":34},"end":{"line":122,"column":3}}},"7":{"name":"(anonymous_11)","decl":{"start":{"line":134,"column":8},"end":{"line":134,"column":21}},"loc":{"start":{"line":135,"column":33},"end":{"line":138,"column":3}}}},"branchMap":{"0":{"loc":{"start":{"line":44,"column":32},"end":{"line":44,"column":43}},"type":"cond-expr","locations":[{"start":{"line":44,"column":40},"end":{"line":44,"column":43}},{"start":{"line":44,"column":40},"end":{"line":44,"column":43}}]},"1":{"loc":{"start":{"line":44,"column":32},"end":{"line":44,"column":40}},"type":"binary-expr","locations":[{"start":{"line":44,"column":32},"end":{"line":44,"column":43}},{"start":{"line":44,"column":32},"end":{"line":44,"column":40}}]},"2":{"loc":{"start":{"line":44,"column":43},"end":{"line":44,"column":null}},"type":"cond-expr","locations":[{"start":{"line":44,"column":50},"end":{"line":44,"column":null}},{"start":{"line":44,"column":50},"end":{"line":44,"column":null}}]},"3":{"loc":{"start":{"line":44,"column":43},"end":{"line":44,"column":50}},"type":"binary-expr","locations":[{"start":{"line":44,"column":43},"end":{"line":44,"column":null}},{"start":{"line":44,"column":43},"end":{"line":44,"column":50}}]},"4":{"loc":{"start":{"line":60,"column":37},"end":{"line":60,"column":48}},"type":"cond-expr","locations":[{"start":{"line":60,"column":45},"end":{"line":60,"column":48}},{"start":{"line":60,"column":45},"end":{"line":60,"column":48}}]},"5":{"loc":{"start":{"line":60,"column":37},"end":{"line":60,"column":45}},"type":"binary-expr","locations":[{"start":{"line":60,"column":37},"end":{"line":60,"column":48}},{"start":{"line":60,"column":37},"end":{"line":60,"column":45}}]},"6":{"loc":{"start":{"line":60,"column":48},"end":{"line":60,"column":null}},"type":"cond-expr","locations":[{"start":{"line":60,"column":55},"end":{"line":60,"column":null}},{"start":{"line":60,"column":55},"end":{"line":60,"column":null}}]},"7":{"loc":{"start":{"line":60,"column":48},"end":{"line":60,"column":55}},"type":"binary-expr","locations":[{"start":{"line":60,"column":48},"end":{"line":60,"column":null}},{"start":{"line":60,"column":48},"end":{"line":60,"column":55}}]},"8":{"loc":{"start":{"line":76,"column":38},"end":{"line":76,"column":49}},"type":"cond-expr","locations":[{"start":{"line":76,"column":46},"end":{"line":76,"column":49}},{"start":{"line":76,"column":46},"end":{"line":76,"column":49}}]},"9":{"loc":{"start":{"line":76,"column":38},"end":{"line":76,"column":46}},"type":"binary-expr","locations":[{"start":{"line":76,"column":38},"end":{"line":76,"column":49}},{"start":{"line":76,"column":38},"end":{"line":76,"column":46}}]},"10":{"loc":{"start":{"line":76,"column":49},"end":{"line":76,"column":null}},"type":"cond-expr","locations":[{"start":{"line":76,"column":56},"end":{"line":76,"column":null}},{"start":{"line":76,"column":56},"end":{"line":76,"column":null}}]},"11":{"loc":{"start":{"line":76,"column":49},"end":{"line":76,"column":56}},"type":"binary-expr","locations":[{"start":{"line":76,"column":49},"end":{"line":76,"column":null}},{"start":{"line":76,"column":49},"end":{"line":76,"column":56}}]},"12":{"loc":{"start":{"line":92,"column":29},"end":{"line":92,"column":null}},"type":"cond-expr","locations":[{"start":{"line":92,"column":44},"end":{"line":92,"column":null}},{"start":{"line":92,"column":44},"end":{"line":92,"column":null}}]},"13":{"loc":{"start":{"line":92,"column":29},"end":{"line":92,"column":44}},"type":"binary-expr","locations":[{"start":{"line":92,"column":29},"end":{"line":92,"column":null}},{"start":{"line":92,"column":29},"end":{"line":92,"column":44}}]},"14":{"loc":{"start":{"line":93,"column":5},"end":{"line":93,"column":null}},"type":"cond-expr","locations":[{"start":{"line":93,"column":12},"end":{"line":93,"column":null}},{"start":{"line":93,"column":12},"end":{"line":93,"column":null}}]},"15":{"loc":{"start":{"line":93,"column":5},"end":{"line":93,"column":12}},"type":"binary-expr","locations":[{"start":{"line":93,"column":5},"end":{"line":93,"column":null}},{"start":{"line":93,"column":5},"end":{"line":93,"column":12}}]},"16":{"loc":{"start":{"line":106,"column":31},"end":{"line":106,"column":null}},"type":"cond-expr","locations":[{"start":{"line":106,"column":48},"end":{"line":106,"column":null}},{"start":{"line":106,"column":48},"end":{"line":106,"column":null}}]},"17":{"loc":{"start":{"line":106,"column":31},"end":{"line":106,"column":48}},"type":"binary-expr","locations":[{"start":{"line":106,"column":31},"end":{"line":106,"column":null}},{"start":{"line":106,"column":31},"end":{"line":106,"column":48}}]},"18":{"loc":{"start":{"line":107,"column":5},"end":{"line":107,"column":null}},"type":"cond-expr","locations":[{"start":{"line":107,"column":12},"end":{"line":107,"column":null}},{"start":{"line":107,"column":12},"end":{"line":107,"column":null}}]},"19":{"loc":{"start":{"line":107,"column":5},"end":{"line":107,"column":12}},"type":"binary-expr","locations":[{"start":{"line":107,"column":5},"end":{"line":107,"column":null}},{"start":{"line":107,"column":5},"end":{"line":107,"column":12}}]},"20":{"loc":{"start":{"line":119,"column":17},"end":{"line":119,"column":null}},"type":"cond-expr","locations":[{"start":{"line":119,"column":34},"end":{"line":119,"column":null}},{"start":{"line":119,"column":34},"end":{"line":119,"column":null}}]},"21":{"loc":{"start":{"line":119,"column":17},"end":{"line":119,"column":34}},"type":"binary-expr","locations":[{"start":{"line":119,"column":17},"end":{"line":119,"column":null}},{"start":{"line":119,"column":17},"end":{"line":119,"column":34}}]},"22":{"loc":{"start":{"line":120,"column":5},"end":{"line":120,"column":null}},"type":"cond-expr","locations":[{"start":{"line":120,"column":12},"end":{"line":120,"column":null}},{"start":{"line":120,"column":12},"end":{"line":120,"column":null}}]},"23":{"loc":{"start":{"line":120,"column":5},"end":{"line":120,"column":12}},"type":"binary-expr","locations":[{"start":{"line":120,"column":5},"end":{"line":120,"column":null}},{"start":{"line":120,"column":5},"end":{"line":120,"column":12}}]},"24":{"loc":{"start":{"line":135,"column":17},"end":{"line":135,"column":null}},"type":"cond-expr","locations":[{"start":{"line":135,"column":33},"end":{"line":135,"column":null}},{"start":{"line":135,"column":33},"end":{"line":135,"column":null}}]},"25":{"loc":{"start":{"line":135,"column":17},"end":{"line":135,"column":33}},"type":"binary-expr","locations":[{"start":{"line":135,"column":17},"end":{"line":135,"column":null}},{"start":{"line":135,"column":17},"end":{"line":135,"column":33}}]},"26":{"loc":{"start":{"line":136,"column":5},"end":{"line":136,"column":null}},"type":"cond-expr","locations":[{"start":{"line":136,"column":12},"end":{"line":136,"column":null}},{"start":{"line":136,"column":12},"end":{"line":136,"column":null}}]},"27":{"loc":{"start":{"line":136,"column":5},"end":{"line":136,"column":12}},"type":"binary-expr","locations":[{"start":{"line":136,"column":5},"end":{"line":136,"column":null}},{"start":{"line":136,"column":5},"end":{"line":136,"column":12}}]},"28":{"loc":{"start":{"line":28,"column":44},"end":{"line":28,"column":58}},"type":"cond-expr","locations":[{"start":{"line":28,"column":55},"end":{"line":28,"column":58}},{"start":{"line":28,"column":55},"end":{"line":28,"column":58}}]},"29":{"loc":{"start":{"line":28,"column":44},"end":{"line":28,"column":55}},"type":"binary-expr","locations":[{"start":{"line":28,"column":44},"end":{"line":28,"column":58}},{"start":{"line":28,"column":44},"end":{"line":28,"column":55}}]}},"s":{"0":1,"1":1,"2":1,"3":1,"4":1,"5":1,"6":1,"7":1,"8":1,"9":1,"10":1,"11":1,"12":4,"13":1,"14":0,"15":0,"16":1,"17":1,"18":0,"19":0,"20":1,"21":1,"22":1,"23":1,"24":1,"25":1,"26":1,"27":1,"28":1},"f":{"0":4,"1":1,"2":0,"3":0,"4":1,"5":1,"6":0,"7":0},"b":{"0":[1,0],"1":[1,1],"2":[1,0],"3":[1,1],"4":[1,0],"5":[1,1],"6":[1,0],"7":[1,1],"8":[1,0],"9":[1,1],"10":[1,0],"11":[1,1],"12":[1,0],"13":[1,1],"14":[1,0],"15":[1,1],"16":[1,0],"17":[1,1],"18":[1,0],"19":[1,1],"20":[1,0],"21":[1,1],"22":[1,0],"23":[1,1],"24":[1,0],"25":[1,1],"26":[1,0],"27":[1,1],"28":[1,0],"29":[1,1]}}
,"D:\\D-SITES INFOSOLUTIONS\\Clients\\MLM-velur\\AAKASH-E-COM\\backend\\src\\modules\\auth\\auth.module.ts": {"path":"D:\\D-SITES INFOSOLUTIONS\\Clients\\MLM-velur\\AAKASH-E-COM\\backend\\src\\modules\\auth\\auth.module.ts","statementMap":{"0":{"start":{"line":1,"column":0},"end":{"line":1,"column":40}},"1":{"start":{"line":2,"column":0},"end":{"line":2,"column":40}},"2":{"start":{"line":3,"column":0},"end":{"line":3,"column":50}},"3":{"start":{"line":4,"column":0},"end":{"line":4,"column":61}},"4":{"start":{"line":5,"column":0},"end":{"line":5,"column":45}},"5":{"start":{"line":6,"column":0},"end":{"line":6,"column":51}},"6":{"start":{"line":7,"column":0},"end":{"line":7,"column":56}},"7":{"start":{"line":8,"column":0},"end":{"line":8,"column":50}},"8":{"start":{"line":9,"column":0},"end":{"line":9,"column":58}},"9":{"start":{"line":10,"column":0},"end":{"line":10,"column":58}},"10":{"start":{"line":11,"column":0},"end":{"line":11,"column":52}},"11":{"start":{"line":12,"column":0},"end":{"line":12,"column":46}},"12":{"start":{"line":13,"column":0},"end":{"line":13,"column":52}},"13":{"start":{"line":45,"column":7},"end":{"line":45,"column":null}},"14":{"start":{"line":45,"column":13},"end":{"line":45,"column":23}},"15":{"start":{"line":45,"column":13},"end":{"line":45,"column":null}},"16":{"start":{"line":24,"column":53},"end":{"line":30,"column":8}}},"fnMap":{"0":{"name":"(anonymous_1)","decl":{"start":{"line":24,"column":18},"end":{"line":24,"column":19}},"loc":{"start":{"line":24,"column":53},"end":{"line":30,"column":8}}}},"branchMap":{"0":{"loc":{"start":{"line":26,"column":10},"end":{"line":26,"column":79}},"type":"binary-expr","locations":[{"start":{"line":26,"column":10},"end":{"line":26,"column":49}},{"start":{"line":26,"column":53},"end":{"line":26,"column":79}}]}},"s":{"0":0,"1":0,"2":0,"3":0,"4":0,"5":0,"6":0,"7":0,"8":0,"9":0,"10":0,"11":0,"12":0,"13":0,"14":0,"15":0,"16":0},"f":{"0":0},"b":{"0":[0,0]}}
,"D:\\D-SITES INFOSOLUTIONS\\Clients\\MLM-velur\\AAKASH-E-COM\\backend\\src\\modules\\auth\\auth.service.ts": {"path":"D:\\D-SITES INFOSOLUTIONS\\Clients\\MLM-velur\\AAKASH-E-COM\\backend\\src\\modules\\auth\\auth.service.ts","statementMap":{"0":{"start":{"line":1,"column":0},"end":{"line":1,"column":null}},"1":{"start":{"line":8,"column":0},"end":{"line":8,"column":41}},"2":{"start":{"line":9,"column":0},"end":{"line":9,"column":47}},"3":{"start":{"line":10,"column":0},"end":{"line":10,"column":33}},"4":{"start":{"line":11,"column":0},"end":{"line":11,"column":60}},"5":{"start":{"line":12,"column":0},"end":{"line":12,"column":54}},"6":{"start":{"line":21,"column":0},"end":{"line":21,"column":48}},"7":{"start":{"line":22,"column":0},"end":{"line":22,"column":54}},"8":{"start":{"line":23,"column":0},"end":{"line":23,"column":59}},"9":{"start":{"line":26,"column":24},"end":{"line":462,"column":null}},"10":{"start":{"line":27,"column":28},"end":{"line":27,"column":56}},"11":{"start":{"line":28,"column":40},"end":{"line":28,"column":42}},"12":{"start":{"line":31,"column":21},"end":{"line":31,"column":29}},"13":{"start":{"line":32,"column":21},"end":{"line":32,"column":33}},"14":{"start":{"line":33,"column":21},"end":{"line":33,"column":36}},"15":{"start":{"line":34,"column":33},"end":{"line":34,"column":48}},"16":{"start":{"line":35,"column":33},"end":{"line":35,"column":46}},"17":{"start":{"line":36,"column":33},"end":{"line":36,"column":48}},"18":{"start":{"line":43,"column":4},"end":{"line":43,"column":58}},"19":{"start":{"line":50,"column":4},"end":{"line":50,"column":37}},"20":{"start":{"line":57,"column":19},"end":{"line":67,"column":6}},"21":{"start":{"line":69,"column":4},"end":{"line":71,"column":5}},"22":{"start":{"line":70,"column":6},"end":{"line":70,"column":67}},"23":{"start":{"line":73,"column":28},"end":{"line":75,"column":null}},"24":{"start":{"line":77,"column":4},"end":{"line":79,"column":5}},"25":{"start":{"line":78,"column":6},"end":{"line":78,"column":67}},"26":{"start":{"line":81,"column":4},"end":{"line":83,"column":5}},"27":{"start":{"line":82,"column":6},"end":{"line":82,"column":79}},"28":{"start":{"line":85,"column":4},"end":{"line":85,"column":18}},"29":{"start":{"line":92,"column":19},"end":{"line":102,"column":6}},"30":{"start":{"line":104,"column":4},"end":{"line":106,"column":5}},"31":{"start":{"line":105,"column":6},"end":{"line":105,"column":68}},"32":{"start":{"line":108,"column":28},"end":{"line":110,"column":null}},"33":{"start":{"line":112,"column":4},"end":{"line":114,"column":5}},"34":{"start":{"line":113,"column":6},"end":{"line":113,"column":68}},"35":{"start":{"line":116,"column":4},"end":{"line":118,"column":5}},"36":{"start":{"line":117,"column":6},"end":{"line":117,"column":80}},"37":{"start":{"line":120,"column":4},"end":{"line":120,"column":18}},"38":{"start":{"line":131,"column":19},"end":{"line":140,"column":6}},"39":{"start":{"line":142,"column":4},"end":{"line":144,"column":5}},"40":{"start":{"line":143,"column":6},"end":{"line":143,"column":61}},"41":{"start":{"line":146,"column":28},"end":{"line":148,"column":null}},"42":{"start":{"line":150,"column":4},"end":{"line":152,"column":5}},"43":{"start":{"line":151,"column":6},"end":{"line":151,"column":61}},"44":{"start":{"line":154,"column":4},"end":{"line":156,"column":5}},"45":{"start":{"line":155,"column":6},"end":{"line":155,"column":73}},"46":{"start":{"line":158,"column":24},"end":{"line":158,"column":78}},"47":{"start":{"line":160,"column":4},"end":{"line":164,"column":5}},"48":{"start":{"line":161,"column":6},"end":{"line":163,"column":8}},"49":{"start":{"line":166,"column":4},"end":{"line":170,"column":5}},"50":{"start":{"line":167,"column":6},"end":{"line":169,"column":8}},"51":{"start":{"line":172,"column":4},"end":{"line":172,"column":18}},"52":{"start":{"line":179,"column":19},"end":{"line":182,"column":null}},"53":{"start":{"line":185,"column":4},"end":{"line":199,"column":5}},"54":{"start":{"line":187,"column":8},"end":{"line":189,"column":26}},"55":{"start":{"line":191,"column":6},"end":{"line":198,"column":9}},"56":{"start":{"line":201,"column":4},"end":{"line":201,"column":43}},"57":{"start":{"line":210,"column":29},"end":{"line":210,"column":44}},"58":{"start":{"line":213,"column":4},"end":{"line":222,"column":5}},"59":{"start":{"line":215,"column":8},"end":{"line":216,"column":34}},"60":{"start":{"line":217,"column":6},"end":{"line":219,"column":9}},"61":{"start":{"line":221,"column":6},"end":{"line":221,"column":74}},"62":{"start":{"line":224,"column":4},"end":{"line":226,"column":5}},"63":{"start":{"line":225,"column":6},"end":{"line":225,"column":72}},"64":{"start":{"line":228,"column":19},"end":{"line":230,"column":6}},"65":{"start":{"line":232,"column":4},"end":{"line":234,"column":5}},"66":{"start":{"line":233,"column":6},"end":{"line":233,"column":63}},"67":{"start":{"line":236,"column":4},"end":{"line":238,"column":5}},"68":{"start":{"line":237,"column":6},"end":{"line":237,"column":63}},"69":{"start":{"line":240,"column":4},"end":{"line":240,"column":43}},"70":{"start":{"line":250,"column":19},"end":{"line":252,"column":6}},"71":{"start":{"line":254,"column":4},"end":{"line":256,"column":5}},"72":{"start":{"line":255,"column":6},"end":{"line":255,"column":56}},"73":{"start":{"line":259,"column":6},"end":{"line":259,"column":72}},"74":{"start":{"line":260,"column":4},"end":{"line":262,"column":5}},"75":{"start":{"line":261,"column":6},"end":{"line":261,"column":68}},"76":{"start":{"line":264,"column":35},"end":{"line":266,"column":null}},"77":{"start":{"line":269,"column":4},"end":{"line":271,"column":5}},"78":{"start":{"line":270,"column":6},"end":{"line":270,"column":71}},"79":{"start":{"line":273,"column":28},"end":{"line":274,"column":null}},"80":{"start":{"line":277,"column":4},"end":{"line":280,"column":7}},"81":{"start":{"line":282,"column":4},"end":{"line":291,"column":5}},"82":{"start":{"line":283,"column":6},"end":{"line":290,"column":9}},"83":{"start":{"line":293,"column":4},"end":{"line":293,"column":56}},"84":{"start":{"line":310,"column":6},"end":{"line":311,"column":32}},"85":{"start":{"line":313,"column":38},"end":{"line":318,"column":6}},"86":{"start":{"line":320,"column":39},"end":{"line":325,"column":6}},"87":{"start":{"line":327,"column":22},"end":{"line":327,"column":78}},"88":{"start":{"line":329,"column":24},"end":{"line":332,"column":6}},"89":{"start":{"line":334,"column":25},"end":{"line":337,"column":6}},"90":{"start":{"line":339,"column":4},"end":{"line":353,"column":6}},"91":{"start":{"line":360,"column":19},"end":{"line":362,"column":6}},"92":{"start":{"line":364,"column":4},"end":{"line":369,"column":5}},"93":{"start":{"line":365,"column":6},"end":{"line":368,"column":8}},"94":{"start":{"line":371,"column":4},"end":{"line":373,"column":5}},"95":{"start":{"line":372,"column":6},"end":{"line":372,"column":73}},"96":{"start":{"line":375,"column":4},"end":{"line":400,"column":5}},"97":{"start":{"line":376,"column":25},"end":{"line":379,"column":8}},"98":{"start":{"line":381,"column":22},"end":{"line":381,"column":34}},"99":{"start":{"line":383,"column":8},"end":{"line":384,"column":31}},"100":{"start":{"line":385,"column":24},"end":{"line":385,"column":134}},"101":{"start":{"line":387,"column":6},"end":{"line":392,"column":3}},"102":{"start":{"line":394,"column":6},"end":{"line":399,"column":8}},"103":{"start":{"line":402,"column":4},"end":{"line":405,"column":6}},"104":{"start":{"line":412,"column":42},"end":{"line":412,"column":45}},"105":{"start":{"line":413,"column":28},"end":{"line":413,"column":54}},"106":{"start":{"line":415,"column":19},"end":{"line":417,"column":6}},"107":{"start":{"line":419,"column":4},"end":{"line":421,"column":5}},"108":{"start":{"line":420,"column":6},"end":{"line":420,"column":75}},"109":{"start":{"line":423,"column":4},"end":{"line":429,"column":5}},"110":{"start":{"line":424,"column":6},"end":{"line":428,"column":9}},"111":{"start":{"line":431,"column":28},"end":{"line":431,"column":64}},"112":{"start":{"line":433,"column":4},"end":{"line":436,"column":7}},"113":{"start":{"line":438,"column":4},"end":{"line":447,"column":5}},"114":{"start":{"line":439,"column":6},"end":{"line":446,"column":9}},"115":{"start":{"line":449,"column":4},"end":{"line":455,"column":5}},"116":{"start":{"line":450,"column":6},"end":{"line":454,"column":8}},"117":{"start":{"line":457,"column":4},"end":{"line":460,"column":6}},"118":{"start":{"line":26,"column":13},"end":{"line":26,"column":24}},"119":{"start":{"line":26,"column":13},"end":{"line":462,"column":null}}},"fnMap":{"0":{"name":"(anonymous_13)","decl":{"start":{"line":30,"column":2},"end":{"line":30,"column":null}},"loc":{"start":{"line":36,"column":60},"end":{"line":37,"column":6}}},"1":{"name":"(anonymous_14)","decl":{"start":{"line":42,"column":2},"end":{"line":42,"column":7}},"loc":{"start":{"line":42,"column":37},"end":{"line":44,"column":3}}},"2":{"name":"(anonymous_15)","decl":{"start":{"line":49,"column":2},"end":{"line":49,"column":7}},"loc":{"start":{"line":49,"column":49},"end":{"line":51,"column":3}}},"3":{"name":"(anonymous_16)","decl":{"start":{"line":56,"column":2},"end":{"line":56,"column":7}},"loc":{"start":{"line":56,"column":62},"end":{"line":86,"column":3}}},"4":{"name":"(anonymous_17)","decl":{"start":{"line":91,"column":2},"end":{"line":91,"column":7}},"loc":{"start":{"line":91,"column":63},"end":{"line":121,"column":3}}},"5":{"name":"(anonymous_18)","decl":{"start":{"line":126,"column":2},"end":{"line":126,"column":7}},"loc":{"start":{"line":129,"column":23},"end":{"line":173,"column":3}}},"6":{"name":"(anonymous_19)","decl":{"start":{"line":178,"column":2},"end":{"line":178,"column":7}},"loc":{"start":{"line":178,"column":32},"end":{"line":202,"column":3}}},"7":{"name":"(anonymous_20)","decl":{"start":{"line":207,"column":2},"end":{"line":207,"column":7}},"loc":{"start":{"line":208,"column":36},"end":{"line":241,"column":3}}},"8":{"name":"(anonymous_21)","decl":{"start":{"line":246,"column":2},"end":{"line":246,"column":7}},"loc":{"start":{"line":248,"column":40},"end":{"line":294,"column":3}}},"9":{"name":"(anonymous_22)","decl":{"start":{"line":299,"column":10},"end":{"line":299,"column":15}},"loc":{"start":{"line":308,"column":3},"end":{"line":354,"column":3}}},"10":{"name":"(anonymous_23)","decl":{"start":{"line":359,"column":2},"end":{"line":359,"column":7}},"loc":{"start":{"line":359,"column":45},"end":{"line":406,"column":3}}},"11":{"name":"(anonymous_24)","decl":{"start":{"line":411,"column":2},"end":{"line":411,"column":7}},"loc":{"start":{"line":411,"column":43},"end":{"line":461,"column":3}}}},"branchMap":{"0":{"loc":{"start":{"line":69,"column":4},"end":{"line":71,"column":5}},"type":"if","locations":[{"start":{"line":69,"column":4},"end":{"line":71,"column":5}},{"start":{},"end":{}}]},"1":{"loc":{"start":{"line":69,"column":8},"end":{"line":69,"column":39}},"type":"binary-expr","locations":[{"start":{"line":69,"column":8},"end":{"line":69,"column":15}},{"start":{"line":69,"column":19},"end":{"line":69,"column":39}}]},"2":{"loc":{"start":{"line":77,"column":4},"end":{"line":79,"column":5}},"type":"if","locations":[{"start":{"line":77,"column":4},"end":{"line":79,"column":5}},{"start":{},"end":{}}]},"3":{"loc":{"start":{"line":81,"column":4},"end":{"line":83,"column":5}},"type":"if","locations":[{"start":{"line":81,"column":4},"end":{"line":83,"column":5}},{"start":{},"end":{}}]},"4":{"loc":{"start":{"line":81,"column":8},"end":{"line":81,"column":68}},"type":"binary-expr","locations":[{"start":{"line":81,"column":8},"end":{"line":81,"column":35}},{"start":{"line":81,"column":39},"end":{"line":81,"column":68}}]},"5":{"loc":{"start":{"line":104,"column":4},"end":{"line":106,"column":5}},"type":"if","locations":[{"start":{"line":104,"column":4},"end":{"line":106,"column":5}},{"start":{},"end":{}}]},"6":{"loc":{"start":{"line":104,"column":8},"end":{"line":104,"column":39}},"type":"binary-expr","locations":[{"start":{"line":104,"column":8},"end":{"line":104,"column":15}},{"start":{"line":104,"column":19},"end":{"line":104,"column":39}}]},"7":{"loc":{"start":{"line":112,"column":4},"end":{"line":114,"column":5}},"type":"if","locations":[{"start":{"line":112,"column":4},"end":{"line":114,"column":5}},{"start":{},"end":{}}]},"8":{"loc":{"start":{"line":116,"column":4},"end":{"line":118,"column":5}},"type":"if","locations":[{"start":{"line":116,"column":4},"end":{"line":118,"column":5}},{"start":{},"end":{}}]},"9":{"loc":{"start":{"line":116,"column":8},"end":{"line":116,"column":68}},"type":"binary-expr","locations":[{"start":{"line":116,"column":8},"end":{"line":116,"column":35}},{"start":{"line":116,"column":39},"end":{"line":116,"column":68}}]},"10":{"loc":{"start":{"line":142,"column":4},"end":{"line":144,"column":5}},"type":"if","locations":[{"start":{"line":142,"column":4},"end":{"line":144,"column":5}},{"start":{},"end":{}}]},"11":{"loc":{"start":{"line":142,"column":8},"end":{"line":142,"column":39}},"type":"binary-expr","locations":[{"start":{"line":142,"column":8},"end":{"line":142,"column":15}},{"start":{"line":142,"column":19},"end":{"line":142,"column":39}}]},"12":{"loc":{"start":{"line":150,"column":4},"end":{"line":152,"column":5}},"type":"if","locations":[{"start":{"line":150,"column":4},"end":{"line":152,"column":5}},{"start":{},"end":{}}]},"13":{"loc":{"start":{"line":154,"column":4},"end":{"line":156,"column":5}},"type":"if","locations":[{"start":{"line":154,"column":4},"end":{"line":156,"column":5}},{"start":{},"end":{}}]},"14":{"loc":{"start":{"line":154,"column":8},"end":{"line":154,"column":68}},"type":"binary-expr","locations":[{"start":{"line":154,"column":8},"end":{"line":154,"column":35}},{"start":{"line":154,"column":39},"end":{"line":154,"column":68}}]},"15":{"loc":{"start":{"line":158,"column":24},"end":{"line":158,"column":78}},"type":"binary-expr","locations":[{"start":{"line":158,"column":24},"end":{"line":158,"column":47}},{"start":{"line":158,"column":51},"end":{"line":158,"column":78}}]},"16":{"loc":{"start":{"line":160,"column":4},"end":{"line":164,"column":5}},"type":"if","locations":[{"start":{"line":160,"column":4},"end":{"line":164,"column":5}},{"start":{},"end":{}}]},"17":{"loc":{"start":{"line":160,"column":8},"end":{"line":160,"column":46}},"type":"binary-expr","locations":[{"start":{"line":160,"column":8},"end":{"line":160,"column":30}},{"start":{"line":160,"column":34},"end":{"line":160,"column":46}}]},"18":{"loc":{"start":{"line":166,"column":4},"end":{"line":170,"column":5}},"type":"if","locations":[{"start":{"line":166,"column":4},"end":{"line":170,"column":5}},{"start":{},"end":{}}]},"19":{"loc":{"start":{"line":166,"column":8},"end":{"line":166,"column":46}},"type":"binary-expr","locations":[{"start":{"line":166,"column":8},"end":{"line":166,"column":31}},{"start":{"line":166,"column":35},"end":{"line":166,"column":46}}]},"20":{"loc":{"start":{"line":185,"column":4},"end":{"line":199,"column":5}},"type":"if","locations":[{"start":{"line":185,"column":4},"end":{"line":199,"column":5}},{"start":{},"end":{}}]},"21":{"loc":{"start":{"line":187,"column":8},"end":{"line":189,"column":26}},"type":"cond-expr","locations":[{"start":{"line":188,"column":12},"end":{"line":188,"column":25}},{"start":{"line":189,"column":12},"end":{"line":189,"column":26}}]},"22":{"loc":{"start":{"line":187,"column":8},"end":{"line":187,"column":62}},"type":"binary-expr","locations":[{"start":{"line":187,"column":8},"end":{"line":187,"column":31}},{"start":{"line":187,"column":35},"end":{"line":187,"column":62}}]},"23":{"loc":{"start":{"line":215,"column":8},"end":{"line":216,"column":34}},"type":"binary-expr","locations":[{"start":{"line":215,"column":8},"end":{"line":215,"column":52}},{"start":{"line":216,"column":8},"end":{"line":216,"column":34}}]},"24":{"loc":{"start":{"line":224,"column":4},"end":{"line":226,"column":5}},"type":"if","locations":[{"start":{"line":224,"column":4},"end":{"line":226,"column":5}},{"start":{},"end":{}}]},"25":{"loc":{"start":{"line":232,"column":4},"end":{"line":234,"column":5}},"type":"if","locations":[{"start":{"line":232,"column":4},"end":{"line":234,"column":5}},{"start":{},"end":{}}]},"26":{"loc":{"start":{"line":236,"column":4},"end":{"line":238,"column":5}},"type":"if","locations":[{"start":{"line":236,"column":4},"end":{"line":238,"column":5}},{"start":{},"end":{}}]},"27":{"loc":{"start":{"line":236,"column":8},"end":{"line":236,"column":68}},"type":"binary-expr","locations":[{"start":{"line":236,"column":8},"end":{"line":236,"column":35}},{"start":{"line":236,"column":39},"end":{"line":236,"column":68}}]},"28":{"loc":{"start":{"line":254,"column":4},"end":{"line":256,"column":5}},"type":"if","locations":[{"start":{"line":254,"column":4},"end":{"line":256,"column":5}},{"start":{},"end":{}}]},"29":{"loc":{"start":{"line":259,"column":6},"end":{"line":259,"column":72}},"type":"binary-expr","locations":[{"start":{"line":259,"column":6},"end":{"line":259,"column":39}},{"start":{"line":259,"column":43},"end":{"line":259,"column":72}}]},"30":{"loc":{"start":{"line":260,"column":4},"end":{"line":262,"column":5}},"type":"if","locations":[{"start":{"line":260,"column":4},"end":{"line":262,"column":5}},{"start":{},"end":{}}]},"31":{"loc":{"start":{"line":269,"column":4},"end":{"line":271,"column":5}},"type":"if","locations":[{"start":{"line":269,"column":4},"end":{"line":271,"column":5}},{"start":{},"end":{}}]},"32":{"loc":{"start":{"line":282,"column":4},"end":{"line":291,"column":5}},"type":"if","locations":[{"start":{"line":282,"column":4},"end":{"line":291,"column":5}},{"start":{},"end":{}}]},"33":{"loc":{"start":{"line":310,"column":6},"end":{"line":311,"column":32}},"type":"binary-expr","locations":[{"start":{"line":310,"column":6},"end":{"line":310,"column":50}},{"start":{"line":311,"column":6},"end":{"line":311,"column":32}}]},"34":{"loc":{"start":{"line":327,"column":22},"end":{"line":327,"column":78}},"type":"binary-expr","locations":[{"start":{"line":327,"column":22},"end":{"line":327,"column":70}},{"start":{"line":327,"column":74},"end":{"line":327,"column":78}}]},"35":{"loc":{"start":{"line":345,"column":18},"end":{"line":345,"column":41}},"type":"binary-expr","locations":[{"start":{"line":345,"column":18},"end":{"line":345,"column":33}},{"start":{"line":345,"column":37},"end":{"line":345,"column":41}}]},"36":{"loc":{"start":{"line":351,"column":15},"end":{"line":351,"column":44}},"type":"binary-expr","locations":[{"start":{"line":351,"column":15},"end":{"line":351,"column":34}},{"start":{"line":351,"column":38},"end":{"line":351,"column":44}}]},"37":{"loc":{"start":{"line":364,"column":4},"end":{"line":369,"column":5}},"type":"if","locations":[{"start":{"line":364,"column":4},"end":{"line":369,"column":5}},{"start":{},"end":{}}]},"38":{"loc":{"start":{"line":364,"column":8},"end":{"line":364,"column":32}},"type":"binary-expr","locations":[{"start":{"line":364,"column":8},"end":{"line":364,"column":15}},{"start":{"line":364,"column":19},"end":{"line":364,"column":32}}]},"39":{"loc":{"start":{"line":371,"column":4},"end":{"line":373,"column":5}},"type":"if","locations":[{"start":{"line":371,"column":4},"end":{"line":373,"column":5}},{"start":{},"end":{}}]},"40":{"loc":{"start":{"line":371,"column":8},"end":{"line":371,"column":68}},"type":"binary-expr","locations":[{"start":{"line":371,"column":8},"end":{"line":371,"column":35}},{"start":{"line":371,"column":39},"end":{"line":371,"column":68}}]},"41":{"loc":{"start":{"line":375,"column":4},"end":{"line":400,"column":5}},"type":"if","locations":[{"start":{"line":375,"column":4},"end":{"line":400,"column":5}},{"start":{},"end":{}}]},"42":{"loc":{"start":{"line":375,"column":8},"end":{"line":375,"column":44}},"type":"binary-expr","locations":[{"start":{"line":375,"column":8},"end":{"line":375,"column":23}},{"start":{"line":375,"column":27},"end":{"line":375,"column":44}}]},"43":{"loc":{"start":{"line":381,"column":22},"end":{"line":381,"column":34}},"type":"binary-expr","locations":[{"start":{"line":381,"column":22},"end":{"line":381,"column":28}},{"start":{"line":381,"column":32},"end":{"line":381,"column":34}}]},"44":{"loc":{"start":{"line":383,"column":8},"end":{"line":384,"column":31}},"type":"binary-expr","locations":[{"start":{"line":383,"column":8},"end":{"line":383,"column":54}},{"start":{"line":384,"column":8},"end":{"line":384,"column":31}}]},"45":{"loc":{"start":{"line":419,"column":4},"end":{"line":421,"column":5}},"type":"if","locations":[{"start":{"line":419,"column":4},"end":{"line":421,"column":5}},{"start":{},"end":{}}]},"46":{"loc":{"start":{"line":423,"column":4},"end":{"line":429,"column":5}},"type":"if","locations":[{"start":{"line":423,"column":4},"end":{"line":429,"column":5}},{"start":{},"end":{}}]},"47":{"loc":{"start":{"line":438,"column":4},"end":{"line":447,"column":5}},"type":"if","locations":[{"start":{"line":438,"column":4},"end":{"line":447,"column":5}},{"start":{},"end":{}}]},"48":{"loc":{"start":{"line":449,"column":4},"end":{"line":455,"column":5}},"type":"if","locations":[{"start":{"line":449,"column":4},"end":{"line":455,"column":5}},{"start":{},"end":{}}]},"49":{"loc":{"start":{"line":449,"column":8},"end":{"line":449,"column":41}},"type":"binary-expr","locations":[{"start":{"line":449,"column":8},"end":{"line":449,"column":25}},{"start":{"line":449,"column":29},"end":{"line":449,"column":41}}]},"50":{"loc":{"start":{"line":31,"column":29},"end":{"line":31,"column":null}},"type":"cond-expr","locations":[{"start":{"line":31,"column":42},"end":{"line":31,"column":null}},{"start":{"line":31,"column":42},"end":{"line":31,"column":null}}]},"51":{"loc":{"start":{"line":31,"column":29},"end":{"line":31,"column":42}},"type":"binary-expr","locations":[{"start":{"line":31,"column":29},"end":{"line":31,"column":null}},{"start":{"line":31,"column":29},"end":{"line":31,"column":42}}]},"52":{"loc":{"start":{"line":31,"column":42},"end":{"line":32,"column":null}},"type":"cond-expr","locations":[{"start":{"line":32,"column":43},"end":{"line":32,"column":null}},{"start":{"line":32,"column":43},"end":{"line":32,"column":null}}]},"53":{"loc":{"start":{"line":31,"column":42},"end":{"line":32,"column":43}},"type":"binary-expr","locations":[{"start":{"line":31,"column":42},"end":{"line":32,"column":null}},{"start":{"line":32,"column":33},"end":{"line":32,"column":43}}]},"54":{"loc":{"start":{"line":32,"column":43},"end":{"line":33,"column":null}},"type":"cond-expr","locations":[{"start":{"line":33,"column":49},"end":{"line":33,"column":null}},{"start":{"line":33,"column":49},"end":{"line":33,"column":null}}]},"55":{"loc":{"start":{"line":32,"column":43},"end":{"line":33,"column":49}},"type":"binary-expr","locations":[{"start":{"line":32,"column":43},"end":{"line":33,"column":null}},{"start":{"line":33,"column":36},"end":{"line":33,"column":49}}]},"56":{"loc":{"start":{"line":33,"column":49},"end":{"line":34,"column":null}},"type":"cond-expr","locations":[{"start":{"line":34,"column":60},"end":{"line":34,"column":null}},{"start":{"line":34,"column":60},"end":{"line":34,"column":null}}]},"57":{"loc":{"start":{"line":33,"column":49},"end":{"line":34,"column":60}},"type":"binary-expr","locations":[{"start":{"line":33,"column":49},"end":{"line":34,"column":null}},{"start":{"line":34,"column":48},"end":{"line":34,"column":60}}]},"58":{"loc":{"start":{"line":34,"column":60},"end":{"line":35,"column":null}},"type":"cond-expr","locations":[{"start":{"line":35,"column":56},"end":{"line":35,"column":null}},{"start":{"line":35,"column":56},"end":{"line":35,"column":null}}]},"59":{"loc":{"start":{"line":34,"column":60},"end":{"line":35,"column":56}},"type":"binary-expr","locations":[{"start":{"line":34,"column":60},"end":{"line":35,"column":null}},{"start":{"line":35,"column":46},"end":{"line":35,"column":56}}]},"60":{"loc":{"start":{"line":35,"column":56},"end":{"line":36,"column":null}},"type":"cond-expr","locations":[{"start":{"line":36,"column":60},"end":{"line":36,"column":null}},{"start":{"line":36,"column":60},"end":{"line":36,"column":null}}]},"61":{"loc":{"start":{"line":35,"column":56},"end":{"line":36,"column":60}},"type":"binary-expr","locations":[{"start":{"line":35,"column":56},"end":{"line":36,"column":null}},{"start":{"line":36,"column":48},"end":{"line":36,"column":60}}]}},"s":{"0":2,"1":2,"2":2,"3":2,"4":2,"5":2,"6":2,"7":2,"8":2,"9":2,"10":15,"11":15,"12":15,"13":15,"14":15,"15":15,"16":15,"17":15,"18":0,"19":0,"20":1,"21":1,"22":0,"23":1,"24":1,"25":0,"26":1,"27":0,"28":1,"29":1,"30":1,"31":0,"32":1,"33":1,"34":0,"35":1,"36":0,"37":1,"38":7,"39":7,"40":1,"41":6,"42":6,"43":1,"44":5,"45":1,"46":4,"47":4,"48":1,"49":3,"50":1,"51":2,"52":7,"53":2,"54":0,"55":0,"56":2,"57":3,"58":3,"59":3,"60":3,"61":1,"62":2,"63":1,"64":1,"65":1,"66":0,"67":1,"68":0,"69":1,"70":2,"71":2,"72":0,"73":2,"74":2,"75":0,"76":2,"77":2,"78":1,"79":1,"80":1,"81":1,"82":0,"83":1,"84":3,"85":3,"86":3,"87":3,"88":3,"89":3,"90":3,"91":0,"92":0,"93":0,"94":0,"95":0,"96":0,"97":0,"98":0,"99":0,"100":0,"101":0,"102":0,"103":0,"104":0,"105":0,"106":0,"107":0,"108":0,"109":0,"110":0,"111":0,"112":0,"113":0,"114":0,"115":0,"116":0,"117":0,"118":2,"119":2},"f":{"0":15,"1":0,"2":0,"3":1,"4":1,"5":7,"6":7,"7":3,"8":2,"9":3,"10":0,"11":0},"b":{"0":[0,1],"1":[1,1],"2":[0,1],"3":[0,1],"4":[1,1],"5":[0,1],"6":[1,1],"7":[0,1],"8":[0,1],"9":[1,1],"10":[1,6],"11":[7,6],"12":[1,5],"13":[1,4],"14":[5,4],"15":[4,2],"16":[1,3],"17":[4,2],"18":[1,2],"19":[3,1],"20":[0,2],"21":[0,0],"22":[0,0],"23":[3,0],"24":[1,1],"25":[0,1],"26":[0,1],"27":[1,1],"28":[0,2],"29":[2,0],"30":[0,2],"31":[1,1],"32":[0,1],"33":[3,0],"34":[3,0],"35":[3,3],"36":[3,3],"37":[0,0],"38":[0,0],"39":[0,0],"40":[0,0],"41":[0,0],"42":[0,0],"43":[0,0],"44":[0,0],"45":[0,0],"46":[0,0],"47":[0,0],"48":[0,0],"49":[0,0],"50":[2,0],"51":[2,2],"52":[2,0],"53":[2,2],"54":[2,0],"55":[2,2],"56":[2,0],"57":[2,2],"58":[2,0],"59":[2,2],"60":[2,0],"61":[2,2]}}
[...]
,"D:\\D-SITES INFOSOLUTIONS\\Clients\\MLM-velur\\AAKASH-E-COM\\backend\\src\\modules\\repurchase-commission\\dto\\repurchase-commission-config.dto.ts": {"path":"D:\\D-SITES INFOSOLUTIONS\\Clients\\MLM-velur\\AAKASH-E-COM\\backend\\src\\modules\\repurchase-commission\\dto\\repurchase-commission-config.dto.ts","statementMap":{"0":{"start":{"line":1,"column":0},"end":{"line":1,"column":67}},"1":{"start":{"line":2,"column":0},"end":{"line":2,"column":41}},"2":{"start":{"line":3,"column":0},"end":{"line":3,"column":null}},"3":{"start":{"line":15,"column":0},"end":{"line":15,"column":13}},"4":{"start":{"line":21,"column":2},"end":{"line":21,"column":null}},"5":{"start":{"line":17,"column":14},"end":{"line":17,"column":20}},"6":{"start":{"line":31,"column":2},"end":{"line":31,"column":null}},"7":{"start":{"line":27,"column":14},"end":{"line":27,"column":20}},"8":{"start":{"line":36,"column":2},"end":{"line":36,"column":null}},"9":{"start":{"line":39,"column":0},"end":{"line":39,"column":13}},"10":{"start":{"line":47,"column":2},"end":{"line":47,"column":null}},"11":{"start":{"line":46,"column":14},"end":{"line":46,"column":46}},"12":{"start":{"line":50,"column":0},"end":{"line":50,"column":13}},"13":{"start":{"line":52,"column":2},"end":{"line":52,"column":null}},"14":{"start":{"line":55,"column":2},"end":{"line":55,"column":null}},"15":{"start":{"line":58,"column":2},"end":{"line":58,"column":null}},"16":{"start":{"line":61,"column":2},"end":{"line":61,"column":null}},"17":{"start":{"line":64,"column":2},"end":{"line":64,"column":null}},"18":{"start":{"line":67,"column":2},"end":{"line":67,"column":null}},"19":{"start":{"line":70,"column":2},"end":{"line":70,"column":null}},"20":{"start":{"line":73,"column":2},"end":{"line":73,"column":null}}},"fnMap":{"0":{"name":"(anonymous_2)","decl":{"start":{"line":17,"column":8},"end":{"line":17,"column":11}},"loc":{"start":{"line":17,"column":14},"end":{"line":17,"column":20}}},"1":{"name":"(anonymous_3)","decl":{"start":{"line":27,"column":8},"end":{"line":27,"column":11}},"loc":{"start":{"line":27,"column":14},"end":{"line":27,"column":20}}},"2":{"name":"(anonymous_4)","decl":{"start":{"line":46,"column":8},"end":{"line":46,"column":11}},"loc":{"start":{"line":46,"column":14},"end":{"line":46,"column":46}}}},"branchMap":{"0":{"loc":{"start":{"line":70,"column":14},"end":{"line":70,"column":19}},"type":"cond-expr","locations":[{"start":{"line":70,"column":18},"end":{"line":70,"column":19}},{"start":{"line":70,"column":18},"end":{"line":70,"column":19}}]},"1":{"loc":{"start":{"line":70,"column":14},"end":{"line":70,"column":18}},"type":"binary-expr","locations":[{"start":{"line":70,"column":14},"end":{"line":70,"column":19}},{"start":{"line":70,"column":14},"end":{"line":70,"column":18}}]},"2":{"loc":{"start":{"line":73,"column":14},"end":{"line":73,"column":19}},"type":"cond-expr","locations":[{"start":{"line":73,"column":18},"end":{"line":73,"column":19}},{"start":{"line":73,"column":18},"end":{"line":73,"column":19}}]},"3":{"loc":{"start":{"line":73,"column":14},"end":{"line":73,"column":18}},"type":"binary-expr","locations":[{"start":{"line":73,"column":14},"end":{"line":73,"column":19}},{"start":{"line":73,"column":14},"end":{"line":73,"column":18}}]}},"s":{"0":0,"1":0,"2":0,"3":0,"4":0,"5":0,"6":0,"7":0,"8":0,"9":0,"10":0,"11":0,"12":0,"13":0,"14":0,"15":0,"16":0,"17":0,"18":0,"19":0,"20":0},"f":{"0":0,"1":0,"2":0},"b":{"0":[0,0],"1":[0,0],"2":[0,0],"3":[0,0]}}
,"D:\\D-SITES INFOSOLUTIONS\\Clients\\MLM-velur\\AAKASH-E-COM\\backend\\src\\modules\\repurchase-commission\\dto\\repurchase-commission-response.dto.ts": {"path":"D:\\D-SITES INFOSOLUTIONS\\Clients\\MLM-velur\\AAKASH-E-COM\\backend\\src\\modules\\repurchase-commission\\dto\\repurchase-commission-response.dto.ts","statementMap":{"0":{"start":{"line":1,"column":0},"end":{"line":1,"column":46}},"1":{"start":{"line":2,"column":0},"end":{"line":2,"column":50}},"2":{"start":{"line":4,"column":0},"end":{"line":4,"column":13}},"3":{"start":{"line":6,"column":2},"end":{"line":6,"column":null}},"4":{"start":{"line":9,"column":2},"end":{"line":9,"column":null}},"5":{"start":{"line":12,"column":2},"end":{"line":12,"column":null}},"6":{"start":{"line":15,"column":2},"end":{"line":15,"column":null}},"7":{"start":{"line":18,"column":2},"end":{"line":18,"column":null}},"8":{"start":{"line":21,"column":2},"end":{"line":21,"column":null}},"9":{"start":{"line":24,"column":2},"end":{"line":24,"column":null}},"10":{"start":{"line":27,"column":2},"end":{"line":27,"column":null}},"11":{"start":{"line":30,"column":2},"end":{"line":30,"column":null}},"12":{"start":{"line":33,"column":2},"end":{"line":33,"column":null}}},"fnMap":{},"branchMap":{"0":{"loc":{"start":{"line":27,"column":11},"end":{"line":27,"column":28}},"type":"cond-expr","locations":[{"start":{"line":27,"column":27},"end":{"line":27,"column":28}},{"start":{"line":27,"column":27},"end":{"line":27,"column":28}}]},"1":{"loc":{"start":{"line":27,"column":11},"end":{"line":27,"column":27}},"type":"binary-expr","locations":[{"start":{"line":27,"column":11},"end":{"line":27,"column":28}},{"start":{"line":27,"column":11},"end":{"line":27,"column":27}}]},"2":{"loc":{"start":{"line":30,"column":14},"end":{"line":30,"column":19}},"type":"cond-expr","locations":[{"start":{"line":30,"column":18},"end":{"line":30,"column":19}},{"start":{"line":30,"column":18},"end":{"line":30,"column":19}}]},"3":{"loc":{"start":{"line":30,"column":14},"end":{"line":30,"column":18}},"type":"binary-expr","locations":[{"start":{"line":30,"column":14},"end":{"line":30,"column":19}},{"start":{"line":30,"column":14},"end":{"line":30,"column":18}}]},"4":{"loc":{"start":{"line":33,"column":14},"end":{"line":33,"column":19}},"type":"cond-expr","locations":[{"start":{"line":33,"column":18},"end":{"line":33,"column":19}},{"start":{"line":33,"column":18},"end":{"line":33,"column":19}}]},"5":{"loc":{"start":{"line":33,"column":14},"end":{"line":33,"column":18}},"type":"binary-expr","locations":[{"start":{"line":33,"column":14},"end":{"line":33,"column":19}},{"start":{"line":33,"column":14},"end":{"line":33,"column":18}}]}},"s":{"0":0,"1":0,"2":0,"3":0,"4":0,"5":0,"6":0,"7":0,"8":0,"9":0,"10":0,"11":0,"12":0},"f":{},"b":{"0":[0,0],"1":[0,0],"2":[0,0],"3":[0,0],"4":[0,0],"5":[0,0]}}
,"D:\\D-SITES INFOSOLUTIONS\\Clients\\MLM-velur\\AAKASH-E-COM\\backend\\src\\modules\\repurchase\\dto\\create-repurchase-entry.dto.ts": {"path":"D:\\D-SITES INFOSOLUTIONS\\Clients\\MLM-velur\\AAKASH-E-COM\\backend\\src\\modules\\repurchase\\dto\\create-repurchase-entry.dto.ts","statementMap":{"0":{"start":{"line":1,"column":0},"end":{"line":1,"column":67}},"1":{"start":{"line":2,"column":0},"end":{"line":2,"column":null}},"2":{"start":{"line":10,"column":0},"end":{"line":10,"column":52}},"3":{"start":{"line":12,"column":0},"end":{"line":12,"column":13}},"4":{"start":{"line":22,"column":2},"end":{"line":22,"column":null}},"5":{"start":{"line":18,"column":24},"end":{"line":18,"column":76}},"6":{"start":{"line":31,"column":2},"end":{"line":31,"column":null}},"7":{"start":{"line":28,"column":33},"end":{"line":28,"column":73}},"8":{"start":{"line":40,"column":2},"end":{"line":40,"column":null}},"9":{"start":{"line":37,"column":14},"end":{"line":37,"column":20}},"10":{"start":{"line":51,"column":2},"end":{"line":51,"column":null}},"11":{"start":{"line":47,"column":24},"end":{"line":47,"column":78}},"12":{"start":{"line":59,"column":2},"end":{"line":59,"column":null}},"13":{"start":{"line":67,"column":2},"end":{"line":67,"column":null}}},"fnMap":{"0":{"name":"(anonymous_2)","decl":{"start":{"line":18,"column":4},"end":{"line":18,"column":5}},"loc":{"start":{"line":18,"column":24},"end":{"line":18,"column":76}}},"1":{"name":"(anonymous_3)","decl":{"start":{"line":28,"column":13},"end":{"line":28,"column":14}},"loc":{"start":{"line":28,"column":33},"end":{"line":28,"column":73}}},"2":{"name":"(anonymous_4)","decl":{"start":{"line":37,"column":8},"end":{"line":37,"column":11}},"loc":{"start":{"line":37,"column":14},"end":{"line":37,"column":20}}},"3":{"name":"(anonymous_5)","decl":{"start":{"line":47,"column":4},"end":{"line":47,"column":5}},"loc":{"start":{"line":47,"column":24},"end":{"line":47,"column":78}}}},"branchMap":{"0":{"loc":{"start":{"line":18,"column":24},"end":{"line":18,"column":76}},"type":"binary-expr","locations":[{"start":{"line":18,"column":24},"end":{"line":18,"column":29}},{"start":{"line":18,"column":33},"end":{"line":18,"column":53}},{"start":{"line":18,"column":57},"end":{"line":18,"column":76}}]},"1":{"loc":{"start":{"line":28,"column":33},"end":{"line":28,"column":73}},"type":"binary-expr","locations":[{"start":{"line":28,"column":33},"end":{"line":28,"column":38}},{"start":{"line":28,"column":42},"end":{"line":28,"column":56}},{"start":{"line":28,"column":60},"end":{"line":28,"column":73}}]},"2":{"loc":{"start":{"line":47,"column":24},"end":{"line":47,"column":78}},"type":"binary-expr","locations":[{"start":{"line":47,"column":24},"end":{"line":47,"column":29}},{"start":{"line":47,"column":33},"end":{"line":47,"column":54}},{"start":{"line":47,"column":58},"end":{"line":47,"column":78}}]}},"s":{"0":1,"1":1,"2":1,"3":1,"4":1,"5":0,"6":1,"7":0,"8":1,"9":0,"10":1,"11":0,"12":1,"13":1},"f":{"0":0,"1":0,"2":0,"3":0},"b":{"0":[0,0,0],"1":[0,0,0],"2":[0,0,0]}}
,"D:\\D-SITES INFOSOLUTIONS\\Clients\\MLM-velur\\AAKASH-E-COM\\backend\\src\\modules\\repurchase\\dto\\query-repurchase-entry.dto.ts": {"path":"D:\\D-SITES INFOSOLUTIONS\\Clients\\MLM-velur\\AAKASH-E-COM\\backend\\src\\modules\\repurchase\\dto\\query-repurchase-entry.dto.ts","statementMap":{"0":{"start":{"line":1,"column":0},"end":{"line":1,"column":null}},"1":{"start":{"line":9,"column":0},"end":{"line":9,"column":52}},"2":{"start":{"line":10,"column":0},"end":{"line":10,"column":54}},"3":{"start":{"line":48,"column":18},"end":{"line":48,"column":19}},"4":{"start":{"line":56,"column":19},"end":{"line":56,"column":21}},"5":{"start":{"line":64,"column":20},"end":{"line":64,"column":37}},"6":{"start":{"line":73,"column":31},"end":{"line":73,"column":37}},"7":{"start":{"line":12,"column":0},"end":{"line":12,"column":13}},"8":{"start":{"line":17,"column":2},"end":{"line":17,"column":null}},"9":{"start":{"line":14,"column":33},"end":{"line":14,"column":73}},"10":{"start":{"line":25,"column":2},"end":{"line":25,"column":null}},"11":{"start":{"line":22,"column":33},"end":{"line":22,"column":77}},"12":{"start":{"line":33,"column":2},"end":{"line":33,"column":null}},"13":{"start":{"line":30,"column":33},"end":{"line":30,"column":75}},"14":{"start":{"line":41,"column":2},"end":{"line":41,"column":null}},"15":{"start":{"line":38,"column":33},"end":{"line":38,"column":71}},"16":{"start":{"line":48,"column":2},"end":{"line":48,"column":null}},"17":{"start":{"line":45,"column":14},"end":{"line":45,"column":20}},"18":{"start":{"line":56,"column":2},"end":{"line":56,"column":null}},"19":{"start":{"line":52,"column":14},"end":{"line":52,"column":20}},"20":{"start":{"line":64,"column":2},"end":{"line":64,"column":null}},"21":{"start":{"line":73,"column":2},"end":{"line":73,"column":null}}},"fnMap":{"0":{"name":"(anonymous_2)","decl":{"start":{"line":14,"column":13},"end":{"line":14,"column":14}},"loc":{"start":{"line":14,"column":33},"end":{"line":14,"column":73}}},"1":{"name":"(anonymous_3)","decl":{"start":{"line":22,"column":13},"end":{"line":22,"column":14}},"loc":{"start":{"line":22,"column":33},"end":{"line":22,"column":77}}},"2":{"name":"(anonymous_4)","decl":{"start":{"line":30,"column":13},"end":{"line":30,"column":14}},"loc":{"start":{"line":30,"column":33},"end":{"line":30,"column":75}}},"3":{"name":"(anonymous_5)","decl":{"start":{"line":38,"column":13},"end":{"line":38,"column":14}},"loc":{"start":{"line":38,"column":33},"end":{"line":38,"column":71}}},"4":{"name":"(anonymous_6)","decl":{"start":{"line":45,"column":8},"end":{"line":45,"column":11}},"loc":{"start":{"line":45,"column":14},"end":{"line":45,"column":20}}},"5":{"name":"(anonymous_7)","decl":{"start":{"line":52,"column":8},"end":{"line":52,"column":11}},"loc":{"start":{"line":52,"column":14},"end":{"line":52,"column":20}}}},"branchMap":{"0":{"loc":{"start":{"line":14,"column":33},"end":{"line":14,"column":73}},"type":"binary-expr","locations":[{"start":{"line":14,"column":33},"end":{"line":14,"column":38}},{"start":{"line":14,"column":42},"end":{"line":14,"column":56}},{"start":{"line":14,"column":60},"end":{"line":14,"column":73}}]},"1":{"loc":{"start":{"line":22,"column":33},"end":{"line":22,"column":77}},"type":"binary-expr","locations":[{"start":{"line":22,"column":33},"end":{"line":22,"column":38}},{"start":{"line":22,"column":42},"end":{"line":22,"column":62}},{"start":{"line":22,"column":66},"end":{"line":22,"column":77}}]},"2":{"loc":{"start":{"line":30,"column":33},"end":{"line":30,"column":75}},"type":"binary-expr","locations":[{"start":{"line":30,"column":33},"end":{"line":30,"column":38}},{"start":{"line":30,"column":42},"end":{"line":30,"column":57}},{"start":{"line":30,"column":61},"end":{"line":30,"column":75}}]},"3":{"loc":{"start":{"line":38,"column":33},"end":{"line":38,"column":71}},"type":"binary-expr","locations":[{"start":{"line":38,"column":33},"end":{"line":38,"column":38}},{"start":{"line":38,"column":42},"end":{"line":38,"column":55}},{"start":{"line":38,"column":59},"end":{"line":38,"column":71}}]}},"s":{"0":1,"1":1,"2":1,"3":0,"4":0,"5":0,"6":0,"7":1,"8":1,"9":0,"10":1,"11":0,"12":1,"13":0,"14":1,"15":0,"16":1,"17":0,"18":1,"19":0,"20":1,"21":1},"f":{"0":0,"1":0,"2":0,"3":0,"4":0,"5":0},"b":{"0":[0,0,0],"1":[0,0,0],"2":[0,0,0],"3":[0,0,0]}}
,"D:\\D-SITES INFOSOLUTIONS\\Clients\\MLM-velur\\AAKASH-E-COM\\backend\\src\\modules\\repurchase\\dto\\repurchase-entry-response.dto.ts": {"path":"D:\\D-SITES INFOSOLUTIONS\\Clients\\MLM-velur\\AAKASH-E-COM\\backend\\src\\modules\\repurchase\\dto\\repurchase-entry-response.dto.ts","statementMap":{"0":{"start":{"line":1,"column":0},"end":{"line":1,"column":67}},"1":{"start":{"line":3,"column":0},"end":{"line":3,"column":13}},"2":{"start":{"line":5,"column":2},"end":{"line":5,"column":null}},"3":{"start":{"line":8,"column":2},"end":{"line":8,"column":null}},"4":{"start":{"line":11,"column":2},"end":{"line":11,"column":null}},"5":{"start":{"line":14,"column":2},"end":{"line":14,"column":null}},"6":{"start":{"line":17,"column":2},"end":{"line":17,"column":null}},"7":{"start":{"line":20,"column":2},"end":{"line":20,"column":null}},"8":{"start":{"line":23,"column":2},"end":{"line":23,"column":null}},"9":{"start":{"line":26,"column":2},"end":{"line":26,"column":null}},"10":{"start":{"line":29,"column":2},"end":{"line":29,"column":null}}},"fnMap":{},"branchMap":{"0":{"loc":{"start":{"line":17,"column":20},"end":{"line":17,"column":25}},"type":"cond-expr","locations":[{"start":{"line":17,"column":24},"end":{"line":17,"column":25}},{"start":{"line":17,"column":24},"end":{"line":17,"column":25}}]},"1":{"loc":{"start":{"line":17,"column":20},"end":{"line":17,"column":24}},"type":"binary-expr","locations":[{"start":{"line":17,"column":20},"end":{"line":17,"column":25}},{"start":{"line":17,"column":20},"end":{"line":17,"column":24}}]},"2":{"loc":{"start":{"line":26,"column":14},"end":{"line":26,"column":19}},"type":"cond-expr","locations":[{"start":{"line":26,"column":18},"end":{"line":26,"column":19}},{"start":{"line":26,"column":18},"end":{"line":26,"column":19}}]},"3":{"loc":{"start":{"line":26,"column":14},"end":{"line":26,"column":18}},"type":"binary-expr","locations":[{"start":{"line":26,"column":14},"end":{"line":26,"column":19}},{"start":{"line":26,"column":14},"end":{"line":26,"column":18}}]},"4":{"loc":{"start":{"line":29,"column":14},"end":{"line":29,"column":19}},"type":"cond-expr","locations":[{"start":{"line":29,"column":18},"end":{"line":29,"column":19}},{"start":{"line":29,"column":18},"end":{"line":29,"column":19}}]},"5":{"loc":{"start":{"line":29,"column":14},"end":{"line":29,"column":18}},"type":"binary-expr","locations":[{"start":{"line":29,"column":14},"end":{"line":29,"column":19}},{"start":{"line":29,"column":14},"end":{"line":29,"column":18}}]}},"s":{"0":1,"1":1,"2":1,"3":1,"4":1,"5":1,"6":1,"7":1,"8":1,"9":1,"10":1},"f":{},"b":{"0":[1,0],"1":[1,1],"2":[1,0],"3":[1,1],"4":[1,0],"5":[1,1]}}
,"D:\\D-SITES INFOSOLUTIONS\\Clients\\MLM-velur\\AAKASH-E-COM\\backend\\src\\modules\\repurchase\\dto\\update-repurchase-entry.dto.ts": {"path":"D:\\D-SITES INFOSOLUTIONS\\Clients\\MLM-velur\\AAKASH-E-COM\\backend\\src\\modules\\repurchase\\dto\\update-repurchase-entry.dto.ts","statementMap":{"0":{"start":{"line":1,"column":0},"end":{"line":1,"column":46}},"1":{"start":{"line":2,"column":0},"end":{"line":2,"column":73}},"2":{"start":{"line":4,"column":0},"end":{"line":4,"column":13}}},"fnMap":{},"branchMap":{},"s":{"0":1,"1":1,"2":1},"f":{},"b":{}}
,"D:\\D-SITES INFOSOLUTIONS\\Clients\\MLM-velur\\AAKASH-E-COM\\backend\\src\\prisma\\prisma.module.ts": {"path":"D:\\D-SITES INFOSOLUTIONS\\Clients\\MLM-velur\\AAKASH-E-COM\\backend\\src\\prisma\\prisma.module.ts","statementMap":{"0":{"start":{"line":1,"column":0},"end":{"line":1,"column":48}},"1":{"start":{"line":2,"column":0},"end":{"line":2,"column":49}},"2":{"start":{"line":9,"column":7},"end":{"line":9,"column":null}},"3":{"start":{"line":9,"column":13},"end":{"line":9,"column":25}},"4":{"start":{"line":9,"column":13},"end":{"line":9,"column":null}}},"fnMap":{},"branchMap":{},"s":{"0":0,"1":0,"2":0,"3":0,"4":0},"f":{},"b":{}}
,"D:\\D-SITES INFOSOLUTIONS\\Clients\\MLM-velur\\AAKASH-E-COM\\backend\\src\\prisma\\prisma.service.ts": {"path":"D:\\D-SITES INFOSOLUTIONS\\Clients\\MLM-velur\\AAKASH-E-COM\\backend\\src\\prisma\\prisma.service.ts","statementMap":{"0":{"start":{"line":1,"column":0},"end":{"line":1,"column":75}},"1":{"start":{"line":2,"column":0},"end":{"line":2,"column":46}},"2":{"start":{"line":5,"column":7},"end":{"line":27,"column":null}},"3":{"start":{"line":10,"column":4},"end":{"line":21,"column":5}},"4":{"start":{"line":11,"column":6},"end":{"line":11,"column":28}},"5":{"start":{"line":12,"column":6},"end":{"line":12,"column":55}},"6":{"start":{"line":14,"column":22},"end":{"line":14,"column":76}},"7":{"start":{"line":15,"column":6},"end":{"line":17,"column":8}},"8":{"start":{"line":18,"column":6},"end":{"line":20,"column":8}},"9":{"start":{"line":25,"column":4},"end":{"line":25,"column":29}},"10":{"start":{"line":5,"column":13},"end":{"line":5,"column":26}},"11":{"start":{"line":5,"column":13},"end":{"line":27,"column":null}}},"fnMap":{"0":{"name":"(anonymous_1)","decl":{"start":{"line":9,"column":2},"end":{"line":9,"column":7}},"loc":{"start":{"line":9,"column":20},"end":{"line":22,"column":3}}},"1":{"name":"(anonymous_2)","decl":{"start":{"line":24,"column":2},"end":{"line":24,"column":7}},"loc":{"start":{"line":24,"column":23},"end":{"line":26,"column":3}}}},"branchMap":{"0":{"loc":{"start":{"line":14,"column":22},"end":{"line":14,"column":76}},"type":"cond-expr","locations":[{"start":{"line":14,"column":47},"end":{"line":14,"column":60}},{"start":{"line":14,"column":63},"end":{"line":14,"column":76}}]}},"s":{"0":32,"1":32,"2":32,"3":0,"4":0,"5":0,"6":0,"7":0,"8":0,"9":0,"10":32,"11":32},"f":{"0":0,"1":0},"b":{"0":[0,0]}}
}
