TN:
SF:src\app.controller.ts
FN:6,(anonymous_2)
FN:9,(anonymous_3)
FNF:2
FNH:2
FNDA:1,(anonymous_2)
FNDA:1,(anonymous_3)
DA:1,1
DA:2,1
DA:5,1
DA:6,1
DA:9,1
DA:10,1
LF:6
LH:6
BRDA:6,0,0,1
BRDA:6,0,1,0
BRDA:6,1,0,1
BRDA:6,1,1,1
BRF:4
BRH:3
end_of_record
TN:
SF:src\app.module.ts
FN:56,(anonymous_2)
FNF:1
FNH:0
FNDA:0,(anonymous_2)
DA:1,0
DA:2,0
DA:3,0
DA:4,0
DA:5,0
DA:6,0
DA:8,0
DA:9,0
DA:11,0
DA:12,0
DA:13,0
DA:14,0
DA:15,0
DA:16,0
DA:17,0
DA:18,0
DA:19,0
DA:20,0
DA:21,0
DA:22,0
DA:23,0
DA:24,0
DA:25,0
DA:27,0
DA:56,0
DA:88,0
LF:26
LH:0
BRDA:27,0,0,0
BRDA:27,0,1,0
BRDA:58,1,0,0
BRDA:58,1,1,0
BRDA:59,2,0,0
BRDA:59,2,1,0
BRF:6
BRH:0
end_of_record
TN:
SF:src\app.service.ts
FN:5,(anonymous_1)
FNF:1
FNH:1
FNDA:1,(anonymous_1)
DA:1,1
DA:4,1
DA:6,1
LF:3
LH:3
BRF:0
BRH:0
end_of_record
TN:
SF:src\main.ts
FN:14,bootstrap
FN:97,(anonymous_11)
FNF:2
FNH:0
FNDA:0,bootstrap
FNDA:0,(anonymous_11)
DA:1,0
DA:2,0
DA:3,0
DA:4,0
DA:5,0
DA:7,0
DA:8,0
DA:9,0
DA:10,0
DA:12,0
DA:15,0
DA:16,0
DA:17,0
DA:19,0
DA:20,0
DA:21,0
DA:22,0
DA:25,0
DA:26,0
DA:31,0
DA:34,0
DA:41,0
DA:44,0
DA:45,0
DA:46,0
DA:50,0
DA:52,0
DA:54,0
DA:55,0
DA:65,0
DA:67,0
DA:76,0
DA:85,0
DA:86,0
DA:88,0
DA:89,0
DA:92,0
DA:97,0
DA:98,0
DA:99,0
LF:40
LH:0
BRDA:19,0,0,0
BRDA:19,0,1,0
BRDA:20,1,0,0
BRDA:20,1,1,0
BRDA:21,2,0,0
BRDA:21,2,1,0
BRDA:25,3,0,0
BRDA:25,3,1,0
BRDA:26,4,0,0
BRDA:26,4,1,0
BRDA:27,5,0,0
BRDA:27,5,1,0
BRDA:27,5,2,0
BRDA:45,6,0,0
BRDA:45,6,1,0
BRDA:57,7,0,0
BRDA:57,7,1,0
BRDA:58,8,0,0
BRDA:58,8,1,0
BRDA:58,9,0,0
BRDA:58,9,1,0
BRDA:61,10,0,0
BRDA:61,10,1,0
BRF:23
BRH:0
end_of_record
TN:
SF:src\common\filters\http-exception.filter.ts
FN:15,(anonymous_1)
FNF:1
FNH:0
FNDA:0,(anonymous_1)
DA:1,0
DA:12,0
DA:13,0
DA:16,0
DA:17,0
DA:18,0
DA:19,0
DA:22,0
DA:26,0
DA:27,0
DA:29,0
DA:30,0
DA:32,0
DA:33,0
DA:34,0
DA:35,0
DA:36,0
DA:37,0
DA:38,0
DA:40,0
DA:41,0
DA:45,0
DA:49,0
DA:50,0
DA:53,0
DA:54,0
DA:59,0
DA:68,0
LF:28
LH:0
BRDA:22,0,0,0
BRDA:22,0,1,0
BRDA:29,1,0,0
BRDA:29,1,1,0
BRDA:32,2,0,0
BRDA:32,2,1,0
BRDA:35,3,0,0
BRDA:35,3,1,0
BRDA:35,4,0,0
BRDA:35,4,1,0
BRDA:37,5,0,0
BRDA:37,5,1,0
BRDA:38,6,0,0
BRDA:38,6,1,0
BRDA:40,7,0,0
BRDA:40,7,1,0
BRDA:45,8,0,0
BRDA:45,8,1,0
BRDA:53,9,0,0
BRDA:53,9,1,0
BRDA:53,10,0,0
BRDA:53,10,1,0
BRDA:55,11,0,0
BRDA:55,11,1,0
BRF:24
BRH:0
end_of_record
TN:
SF:src\config\configuration.ts
FN:14,(anonymous_0)
FNF:1
FNH:0
FNDA:0,(anonymous_0)
DA:14,0
LF:1
LH:0
BRDA:15,0,0,0
BRDA:15,0,1,0
BRDA:16,1,0,0
BRDA:16,1,1,0
BRDA:17,2,0,0
BRDA:17,2,1,0
BRDA:18,3,0,0
BRDA:18,3,1,0
BRDA:19,4,0,0
BRDA:19,4,1,0
BRDA:20,5,0,0
BRDA:20,5,1,0
BRDA:21,6,0,0
BRDA:21,6,1,0
BRDA:22,7,0,0
BRDA:22,7,1,0
BRDA:23,8,0,0
BRDA:23,8,1,0
BRDA:24,9,0,0
BRDA:24,9,1,0
BRF:20
BRH:0
end_of_record
TN:
SF:src\modules\audit\audit.controller.ts
FN:21,(anonymous_4)
FN:30,(anonymous_5)
FNF:2
FNH:2
FNDA:4,(anonymous_4)
FNDA:2,(anonymous_5)
DA:1,1
DA:2,1
DA:8,1
DA:9,1
DA:10,1
DA:11,1
DA:12,1
DA:13,1
DA:20,1
DA:21,4
DA:30,1
DA:31,2
LF:12
LH:12
BRDA:30,0,0,1
BRDA:30,0,1,0
BRDA:30,1,0,1
BRDA:30,1,1,1
BRDA:21,2,0,1
BRDA:21,2,1,0
BRDA:21,3,0,1
BRDA:21,3,1,1
BRF:8
BRH:6
end_of_record
TN:
SF:src\modules\audit\audit.module.ts
FNF:0
FNH:0
DA:1,0
DA:2,0
DA:3,0
DA:4,0
DA:12,0
LF:5
LH:0
BRF:0
BRH:0
end_of_record
TN:
SF:src\modules\audit\audit.service.ts
FN:19,(anonymous_4)
FN:27,(anonymous_5)
FN:85,(anonymous_6)
FNF:3
FNH:3
FNDA:4,(anonymous_4)
FNDA:1,(anonymous_5)
FNDA:2,(anonymous_6)
DA:1,18
DA:2,18
DA:4,18
DA:16,18
DA:17,4
DA:20,4
DA:21,4
DA:31,1
DA:32,1
DA:33,1
DA:46,1
DA:51,1
DA:52,0
DA:56,0
DA:57,0
DA:61,0
DA:62,0
DA:67,0
DA:69,0
DA:75,1
DA:77,0
DA:78,0
DA:99,2
DA:101,2
DA:102,2
DA:104,2
DA:105,2
DA:106,2
DA:107,2
DA:108,2
DA:110,2
DA:111,0
DA:112,0
DA:113,0
DA:114,0
DA:115,0
DA:116,0
DA:118,0
DA:121,2
DA:122,0
DA:123,0
DA:129,2
DA:130,2
DA:134,2
DA:154,2
LF:45
LH:27
BRDA:31,0,0,1
BRDA:31,0,1,1
BRDA:35,1,0,1
BRDA:35,1,1,0
BRDA:36,2,0,1
BRDA:36,2,1,0
BRDA:39,3,0,1
BRDA:39,3,1,0
BRDA:40,4,0,0
BRDA:40,4,1,1
BRDA:47,5,0,1
BRDA:47,5,1,0
BRDA:47,6,0,1
BRDA:47,6,1,0
BRDA:47,7,0,1
BRDA:47,7,1,0
BRDA:51,8,0,0
BRDA:51,8,1,1
BRDA:52,9,0,0
BRDA:52,9,1,0
BRDA:53,10,0,0
BRDA:53,10,1,0
BRDA:57,11,0,0
BRDA:57,11,1,0
BRDA:58,12,0,0
BRDA:58,12,1,0
BRDA:62,13,0,0
BRDA:62,13,1,0
BRDA:63,14,0,0
BRDA:63,14,1,0
BRDA:63,14,2,0
BRDA:77,15,0,0
BRDA:77,15,1,0
BRDA:95,16,0,2
BRDA:96,17,0,2
BRDA:97,18,0,2
BRDA:98,19,0,2
BRDA:104,20,0,1
BRDA:104,20,1,1
BRDA:105,21,0,0
BRDA:105,21,1,2
BRDA:106,22,0,1
BRDA:106,22,1,1
BRDA:107,23,0,0
BRDA:107,23,1,2
BRDA:108,24,0,0
BRDA:108,24,1,2
BRDA:110,25,0,0
BRDA:110,25,1,2
BRDA:110,26,0,2
BRDA:110,26,1,2
BRDA:112,27,0,0
BRDA:112,27,1,0
BRDA:113,28,0,0
BRDA:113,28,1,0
BRDA:121,29,0,0
BRDA:121,29,1,2
BRDA:121,30,0,2
BRDA:121,30,1,0
BRDA:130,31,0,2
BRDA:130,31,1,0
BRDA:20,32,0,18
BRDA:20,32,1,0
BRDA:20,33,0,18
BRDA:20,33,1,18
BRDA:20,34,0,18
BRDA:20,34,1,0
BRDA:20,35,0,18
BRDA:20,35,1,18
BRF:69
BRH:33
end_of_record
TN:
SF:src\modules\audit\dto\query-audit-logs.dto.ts
FN:66,(anonymous_2)
FN:73,(anonymous_3)
FNF:2
FNH:0
FNDA:0,(anonymous_2)
FNDA:0,(anonymous_3)
DA:1,1
DA:10,1
DA:11,1
DA:12,1
DA:14,1
DA:18,1
DA:26,1
DA:33,1
DA:40,1
DA:45,1
DA:50,1
DA:55,1
DA:62,1
DA:66,0
DA:69,1
DA:73,0
DA:77,1
DA:82,1
DA:91,1
LF:19
LH:17
BRDA:26,0,0,0
BRDA:26,0,1,1
BRDA:26,1,0,1
BRDA:26,1,1,1
BRF:4
BRH:3
end_of_record
TN:
SF:src\modules\auth\auth.controller.ts
FN:28,(anonymous_4)
FN:44,(anonymous_5)
FN:60,(anonymous_6)
FN:76,(anonymous_7)
FN:91,(anonymous_8)
FN:104,(anonymous_9)
FN:118,(anonymous_10)
FN:134,(anonymous_11)
FNF:8
FNH:4
FNDA:4,(anonymous_4)
FNDA:1,(anonymous_5)
FNDA:0,(anonymous_6)
FNDA:0,(anonymous_7)
FNDA:1,(anonymous_8)
FNDA:1,(anonymous_9)
FNDA:0,(anonymous_10)
FNDA:0,(anonymous_11)
DA:1,1
DA:9,1
DA:15,1
DA:16,1
DA:17,1
DA:18,1
DA:19,1
DA:20,1
DA:21,1
DA:22,1
DA:23,1
DA:27,1
DA:28,4
DA:44,1
DA:45,1
DA:60,1
DA:61,0
DA:76,1
DA:77,0
DA:91,1
DA:94,1
DA:104,1
DA:108,1
DA:118,1
DA:121,0
DA:134,1
DA:137,0
LF:27
LH:23
BRDA:44,0,0,1
BRDA:44,0,1,0
BRDA:44,1,0,1
BRDA:44,1,1,1
BRDA:44,2,0,1
BRDA:44,2,1,0
BRDA:44,3,0,1
BRDA:44,3,1,1
BRDA:60,4,0,1
BRDA:60,4,1,0
BRDA:60,5,0,1
BRDA:60,5,1,1
BRDA:60,6,0,1
BRDA:60,6,1,0
BRDA:60,7,0,1
BRDA:60,7,1,1
BRDA:76,8,0,1
BRDA:76,8,1,0
BRDA:76,9,0,1
BRDA:76,9,1,1
BRDA:76,10,0,1
BRDA:76,10,1,0
BRDA:76,11,0,1
BRDA:76,11,1,1
BRDA:92,12,0,1
BRDA:92,12,1,0
BRDA:92,13,0,1
BRDA:92,13,1,1
BRDA:93,14,0,1
BRDA:93,14,1,0
BRDA:93,15,0,1
BRDA:93,15,1,1
BRDA:106,16,0,1
BRDA:106,16,1,0
BRDA:106,17,0,1
BRDA:106,17,1,1
BRDA:107,18,0,1
BRDA:107,18,1,0
BRDA:107,19,0,1
BRDA:107,19,1,1
BRDA:119,20,0,1
BRDA:119,20,1,0
BRDA:119,21,0,1
BRDA:119,21,1,1
BRDA:120,22,0,1
BRDA:120,22,1,0
BRDA:120,23,0,1
BRDA:120,23,1,1
BRDA:135,24,0,1
BRDA:135,24,1,0
BRDA:135,25,0,1
BRDA:135,25,1,1
BRDA:136,26,0,1
BRDA:136,26,1,0
BRDA:136,27,0,1
BRDA:136,27,1,1
BRDA:28,28,0,1
BRDA:28,28,1,0
BRDA:28,29,0,1
BRDA:28,29,1,1
BRF:60
BRH:45
end_of_record
TN:
SF:src\modules\auth\auth.module.ts
FN:24,(anonymous_1)
FNF:1
FNH:0
FNDA:0,(anonymous_1)
DA:1,0
DA:2,0
DA:3,0
DA:4,0
DA:5,0
DA:6,0
DA:7,0
DA:8,0
DA:9,0
DA:10,0
DA:11,0
DA:12,0
DA:13,0
DA:24,0
DA:45,0
LF:15
LH:0
BRDA:26,0,0,0
BRDA:26,0,1,0
BRF:2
BRH:0
end_of_record
TN:
SF:src\modules\auth\auth.service.ts
FN:30,(anonymous_13)
FN:42,(anonymous_14)
FN:49,(anonymous_15)
FN:56,(anonymous_16)
FN:91,(anonymous_17)
FN:126,(anonymous_18)
FN:178,(anonymous_19)
FN:207,(anonymous_20)
FN:246,(anonymous_21)
FN:299,(anonymous_22)
FN:359,(anonymous_23)
FN:411,(anonymous_24)
FNF:12
FNH:8
FNDA:15,(anonymous_13)
FNDA:0,(anonymous_14)
FNDA:0,(anonymous_15)
FNDA:1,(anonymous_16)
FNDA:1,(anonymous_17)
FNDA:7,(anonymous_18)
FNDA:7,(anonymous_19)
FNDA:3,(anonymous_20)
FNDA:2,(anonymous_21)
FNDA:3,(anonymous_22)
FNDA:0,(anonymous_23)
FNDA:0,(anonymous_24)
DA:1,2
DA:8,2
DA:9,2
DA:10,2
DA:11,2
DA:12,2
DA:21,2
DA:22,2
DA:23,2
DA:26,2
DA:27,15
DA:28,15
DA:31,15
DA:32,15
DA:33,15
DA:34,15
DA:35,15
DA:36,15
DA:43,0
DA:50,0
DA:57,1
DA:69,1
DA:70,0
DA:73,1
DA:77,1
DA:78,0
DA:81,1
DA:82,0
DA:85,1
DA:92,1
DA:104,1
DA:105,0
DA:108,1
DA:112,1
DA:113,0
DA:116,1
DA:117,0
DA:120,1
DA:131,7
DA:142,7
DA:143,1
DA:146,6
DA:150,6
DA:151,1
DA:154,5
DA:155,1
DA:158,4
DA:160,4
DA:161,1
DA:166,3
DA:167,1
DA:172,2
DA:179,7
DA:185,2
DA:187,0
DA:191,0
DA:201,2
DA:210,3
DA:213,3
DA:215,3
DA:217,3
DA:221,1
DA:224,2
DA:225,1
DA:228,1
DA:232,1
DA:233,0
DA:236,1
DA:237,0
DA:240,1
DA:250,2
DA:254,2
DA:255,0
DA:259,2
DA:260,2
DA:261,0
DA:264,2
DA:269,2
DA:270,1
DA:273,1
DA:277,1
DA:282,1
DA:283,0
DA:293,1
DA:310,3
DA:313,3
DA:320,3
DA:327,3
DA:329,3
DA:334,3
DA:339,3
DA:360,0
DA:364,0
DA:365,0
DA:371,0
DA:372,0
DA:375,0
DA:376,0
DA:381,0
DA:383,0
DA:385,0
DA:387,0
DA:394,0
DA:402,0
DA:412,0
DA:413,0
DA:415,0
DA:419,0
DA:420,0
DA:423,0
DA:424,0
DA:431,0
DA:433,0
DA:438,0
DA:439,0
DA:449,0
DA:450,0
DA:457,0
LF:118
LH:76
BRDA:69,0,0,0
BRDA:69,0,1,1
BRDA:69,1,0,1
BRDA:69,1,1,1
BRDA:77,2,0,0
BRDA:77,2,1,1
BRDA:81,3,0,0
BRDA:81,3,1,1
BRDA:81,4,0,1
BRDA:81,4,1,1
BRDA:104,5,0,0
BRDA:104,5,1,1
BRDA:104,6,0,1
BRDA:104,6,1,1
BRDA:112,7,0,0
BRDA:112,7,1,1
BRDA:116,8,0,0
BRDA:116,8,1,1
BRDA:116,9,0,1
BRDA:116,9,1,1
BRDA:142,10,0,1
BRDA:142,10,1,6
BRDA:142,11,0,7
BRDA:142,11,1,6
BRDA:150,12,0,1
BRDA:150,12,1,5
BRDA:154,13,0,1
BRDA:154,13,1,4
BRDA:154,14,0,5
BRDA:154,14,1,4
BRDA:158,15,0,4
BRDA:158,15,1,2
BRDA:160,16,0,1
BRDA:160,16,1,3
BRDA:160,17,0,4
BRDA:160,17,1,2
BRDA:166,18,0,1
BRDA:166,18,1,2
BRDA:166,19,0,3
BRDA:166,19,1,1
BRDA:185,20,0,0
BRDA:185,20,1,2
BRDA:187,21,0,0
BRDA:187,21,1,0
BRDA:187,22,0,0
BRDA:187,22,1,0
BRDA:215,23,0,3
BRDA:215,23,1,0
BRDA:224,24,0,1
BRDA:224,24,1,1
BRDA:232,25,0,0
BRDA:232,25,1,1
BRDA:236,26,0,0
BRDA:236,26,1,1
BRDA:236,27,0,1
BRDA:236,27,1,1
BRDA:254,28,0,0
BRDA:254,28,1,2
BRDA:259,29,0,2
BRDA:259,29,1,0
BRDA:260,30,0,0
BRDA:260,30,1,2
BRDA:269,31,0,1
BRDA:269,31,1,1
BRDA:282,32,0,0
BRDA:282,32,1,1
BRDA:310,33,0,3
BRDA:310,33,1,0
BRDA:327,34,0,3
BRDA:327,34,1,0
BRDA:345,35,0,3
BRDA:345,35,1,3
BRDA:351,36,0,3
BRDA:351,36,1,3
BRDA:364,37,0,0
BRDA:364,37,1,0
BRDA:364,38,0,0
BRDA:364,38,1,0
BRDA:371,39,0,0
BRDA:371,39,1,0
BRDA:371,40,0,0
BRDA:371,40,1,0
BRDA:375,41,0,0
BRDA:375,41,1,0
BRDA:375,42,0,0
BRDA:375,42,1,0
BRDA:381,43,0,0
BRDA:381,43,1,0
BRDA:383,44,0,0
BRDA:383,44,1,0
BRDA:419,45,0,0
BRDA:419,45,1,0
BRDA:423,46,0,0
BRDA:423,46,1,0
BRDA:438,47,0,0
BRDA:438,47,1,0
BRDA:449,48,0,0
BRDA:449,48,1,0
BRDA:449,49,0,0
BRDA:449,49,1,0
BRDA:31,50,0,2
BRDA:31,50,1,0
BRDA:31,51,0,2
BRDA:31,51,1,2
BRDA:31,52,0,2
BRDA:31,52,1,0
BRDA:31,53,0,2
BRDA:31,53,1,2
BRDA:32,54,0,2
BRDA:32,54,1,0
BRDA:32,55,0,2
BRDA:32,55,1,2
BRDA:33,56,0,2
BRDA:33,56,1,0
BRDA:33,57,0,2
BRDA:33,57,1,2
BRDA:34,58,0,2
BRDA:34,58,1,0
BRDA:34,59,0,2
BRDA:34,59,1,2
BRDA:35,60,0,2
BRDA:35,60,1,0
BRDA:35,61,0,2
BRDA:35,61,1,2
BRF:124
BRH:72
end_of_record
TN:
SF:src\modules\auth\decorators\current-user.decorator.ts
FN:4,(anonymous_0)
FNF:1
FNH:0
FNDA:0,(anonymous_0)
DA:1,9
DA:3,9
DA:5,0
DA:6,0
DA:8,0
LF:5
LH:2
BRDA:8,0,0,0
BRDA:8,0,1,0
BRF:2
BRH:0
end_of_record
TN:
SF:src\modules\auth\decorators\roles.decorator.ts
FN:5,(anonymous_0)
FNF:1
FNH:1
FNDA:11,(anonymous_0)
DA:1,11
DA:4,11
DA:5,11
LF:3
LH:3
BRF:0
BRH:0
end_of_record
TN:
SF:src\modules\auth\dto\auth-response.dto.ts
FNF:0
FNH:0
DA:1,1
DA:3,1
DA:5,1
DA:8,1
DA:11,1
DA:14,1
DA:17,1
DA:20,1
DA:23,1
DA:26,1
DA:29,1
DA:32,1
DA:37,1
DA:43,1
DA:46,1
LF:15
LH:15
BRF:0
BRH:0
end_of_record
TN:
SF:src\modules\auth\dto\change-password.dto.ts
FNF:0
FNH:0
DA:1,1
DA:2,1
DA:4,1
DA:12,1
DA:20,1
DA:29,1
LF:6
LH:6
BRF:0
BRH:0
end_of_record
TN:
SF:src\modules\auth\dto\forgot-password.dto.ts
FNF:0
FNH:0
DA:1,1
DA:2,1
DA:4,1
DA:11,1
LF:4
LH:4
BRF:0
BRH:0
end_of_record
TN:
SF:src\modules\auth\dto\login.dto.ts
FNF:0
FNH:0
DA:1,1
DA:2,1
DA:4,1
DA:11,1
DA:19,1
DA:27,1
LF:6
LH:6
BRF:0
BRH:0
end_of_record
TN:
SF:src\modules\auth\dto\refresh-token.dto.ts
FNF:0
FNH:0
DA:1,1
DA:2,1
DA:4,1
DA:11,1
LF:4
LH:4
BRF:0
BRH:0
end_of_record
TN:
SF:src\modules\auth\dto\reset-password.dto.ts
FNF:0
FNH:0
DA:1,1
DA:2,1
DA:10,1
DA:17,1
DA:25,1
DA:39,1
LF:6
LH:6
BRF:0
BRH:0
end_of_record
TN:
SF:src\modules\auth\guards\downline-access.guard.ts
FN:13,(anonymous_2)
FN:15,(anonymous_3)
FNF:2
FNH:2
FNDA:7,(anonymous_2)
FNDA:7,(anonymous_3)
DA:1,1
DA:8,1
DA:9,1
DA:12,1
DA:13,7
DA:16,7
DA:17,7
DA:19,7
DA:20,1
DA:24,6
DA:25,2
DA:29,4
DA:30,4
DA:31,4
DA:34,4
DA:42,4
DA:43,1
DA:47,3
DA:48,1
DA:52,2
DA:57,2
DA:58,1
DA:63,1
LF:23
LH:23
BRDA:19,0,0,1
BRDA:19,0,1,6
BRDA:24,1,0,2
BRDA:24,1,1,4
BRDA:24,2,0,6
BRDA:24,2,1,5
BRDA:29,3,0,4
BRDA:29,3,1,0
BRDA:30,4,0,4
BRDA:30,4,1,0
BRDA:31,5,0,4
BRDA:31,5,1,0
BRDA:34,6,0,4
BRDA:34,6,1,1
BRDA:34,6,2,1
BRDA:34,6,3,1
BRDA:34,6,4,1
BRDA:34,6,5,1
BRDA:42,7,0,1
BRDA:42,7,1,3
BRDA:47,8,0,1
BRDA:47,8,1,2
BRDA:47,9,0,3
BRDA:47,9,1,2
BRDA:57,10,0,1
BRDA:57,10,1,1
BRDA:13,11,0,1
BRDA:13,11,1,0
BRDA:13,12,0,1
BRDA:13,12,1,1
BRF:30
BRH:26
end_of_record
TN:
SF:src\modules\auth\guards\jwt-auth.guard.ts
FN:10,(anonymous_1)
FN:14,(anonymous_2)
FNF:2
FNH:0
FNDA:0,(anonymous_1)
FNDA:0,(anonymous_2)
DA:1,15
DA:6,15
DA:9,15
DA:11,0
DA:15,0
DA:16,0
DA:21,0
LF:7
LH:3
BRDA:15,0,0,0
BRDA:15,0,1,0
BRDA:15,1,0,0
BRDA:15,1,1,0
BRDA:17,2,0,0
BRDA:17,2,1,0
BRF:6
BRH:0
end_of_record
TN:
SF:src\modules\auth\guards\ownership.guard.ts
FN:12,(anonymous_1)
FNF:1
FNH:1
FNDA:10,(anonymous_1)
DA:1,2
DA:8,2
DA:11,2
DA:13,10
DA:14,10
DA:16,10
DA:17,2
DA:21,8
DA:22,2
DA:26,6
DA:27,6
DA:30,6
DA:37,6
DA:38,0
DA:42,6
DA:44,6
DA:45,4
DA:50,2
LF:18
LH:17
BRDA:16,0,0,2
BRDA:16,0,1,8
BRDA:21,1,0,2
BRDA:21,1,1,6
BRDA:21,2,0,8
BRDA:21,2,1,6
BRDA:26,3,0,6
BRDA:26,3,1,0
BRDA:27,4,0,6
BRDA:27,4,1,0
BRDA:30,5,0,6
BRDA:30,5,1,2
BRDA:30,5,2,1
BRDA:30,5,3,1
BRDA:30,5,4,1
BRDA:37,6,0,0
BRDA:37,6,1,6
BRDA:42,7,0,6
BRDA:42,7,1,4
BRDA:44,8,0,4
BRDA:44,8,1,2
BRF:21
BRH:18
end_of_record
TN:
SF:src\modules\auth\guards\roles.guard.ts
FN:14,(anonymous_2)
FN:16,(anonymous_3)
FNF:2
FNH:2
FNDA:65,(anonymous_2)
FNDA:4,(anonymous_3)
DA:1,11
DA:8,11
DA:10,11
DA:13,11
DA:14,65
DA:17,4
DA:22,4
DA:23,1
DA:26,3
DA:28,3
DA:29,1
DA:32,2
DA:33,0
DA:36,2
DA:38,2
DA:39,1
DA:44,1
LF:17
LH:16
BRDA:22,0,0,1
BRDA:22,0,1,3
BRDA:22,1,0,4
BRDA:22,1,1,3
BRDA:28,2,0,1
BRDA:28,2,1,2
BRDA:32,3,0,0
BRDA:32,3,1,2
BRDA:38,4,0,1
BRDA:38,4,1,1
BRDA:14,5,0,11
BRDA:14,5,1,0
BRDA:14,6,0,11
BRDA:14,6,1,11
BRF:14
BRH:12
end_of_record
TN:
SF:src\modules\auth\strategies\jwt.strategy.ts
FN:18,(anonymous_2)
FN:30,(anonymous_3)
FNF:2
FNH:0
FNDA:0,(anonymous_2)
FNDA:0,(anonymous_3)
DA:1,0
DA:2,0
DA:3,0
DA:4,0
DA:5,0
DA:17,0
DA:19,0
DA:20,0
DA:22,0
DA:31,0
DA:32,0
DA:35,0
DA:48,0
DA:49,0
DA:52,0
DA:53,0
DA:56,0
LF:17
LH:0
BRDA:26,0,0,0
BRDA:26,0,1,0
BRDA:31,1,0,0
BRDA:31,1,1,0
BRDA:48,2,0,0
BRDA:48,2,1,0
BRDA:52,3,0,0
BRDA:52,3,1,0
BRDA:52,4,0,0
BRDA:52,4,1,0
BRDA:19,5,0,0
BRDA:19,5,1,0
BRDA:19,6,0,0
BRDA:19,6,1,0
BRDA:19,7,0,0
BRDA:19,7,1,0
BRDA:19,8,0,0
BRDA:19,8,1,0
BRF:18
BRH:0
end_of_record
TN:
SF:src\modules\dashboard\dashboard-cache.service.ts
FN:17,(anonymous_3)
FN:21,(anonymous_4)
FN:41,(anonymous_5)
FN:48,(anonymous_6)
FN:56,(anonymous_7)
FN:70,(anonymous_8)
FN:94,(anonymous_9)
FN:112,(anonymous_10)
FN:126,(anonymous_11)
FN:129,(anonymous_12)
FN:151,(anonymous_13)
FN:165,(anonymous_14)
FN:179,(anonymous_15)
FN:193,(anonymous_16)
FN:207,(anonymous_17)
FNF:15
FNH:5
FNDA:14,(anonymous_3)
FNDA:14,(anonymous_4)
FNDA:0,(anonymous_5)
FNDA:0,(anonymous_6)
FNDA:0,(anonymous_7)
FNDA:3,(anonymous_8)
FNDA:15,(anonymous_9)
FNDA:0,(anonymous_10)
FNDA:0,(anonymous_11)
FNDA:0,(anonymous_12)
FNDA:0,(anonymous_13)
FNDA:0,(anonymous_14)
FNDA:0,(anonymous_15)
FNDA:14,(anonymous_16)
FNDA:0,(anonymous_17)
DA:1,21
DA:2,21
DA:3,21
DA:11,21
DA:12,14
DA:13,14
DA:14,14
DA:15,14
DA:17,14
DA:18,14
DA:22,14
DA:23,14
DA:26,0
DA:27,0
DA:28,0
DA:30,0
DA:31,0
DA:41,0
DA:42,0
DA:43,0
DA:48,0
DA:49,0
DA:50,0
DA:56,0
DA:57,0
DA:58,0
DA:63,0
DA:64,0
DA:71,3
DA:72,0
DA:73,0
DA:74,0
DA:75,0
DA:78,0
DA:83,3
DA:84,3
DA:85,1
DA:86,1
DA:88,0
DA:91,2
DA:95,15
DA:96,15
DA:98,15
DA:99,0
DA:100,0
DA:107,0
DA:113,0
DA:114,0
DA:115,0
DA:116,0
DA:118,0
DA:128,0
DA:129,0
DA:130,0
DA:134,0
DA:135,0
DA:136,0
DA:137,0
DA:138,0
DA:139,0
DA:143,0
DA:152,0
DA:155,0
DA:166,0
DA:169,0
DA:180,0
DA:183,0
DA:194,14
DA:195,14
DA:196,0
DA:197,0
DA:198,0
DA:199,0
DA:202,0
DA:208,0
DA:209,0
LF:76
LH:23
BRDA:22,0,0,14
BRDA:22,0,1,0
BRDA:26,1,0,0
BRDA:26,1,1,0
BRDA:27,2,0,0
BRDA:27,2,1,0
BRDA:71,3,0,0
BRDA:71,3,1,3
BRDA:71,4,0,3
BRDA:71,4,1,0
BRDA:74,5,0,0
BRDA:74,5,1,0
BRDA:84,6,0,1
BRDA:84,6,1,2
BRDA:85,7,0,1
BRDA:85,7,1,0
BRDA:94,8,0,0
BRDA:98,9,0,0
BRDA:98,9,1,15
BRDA:98,10,0,15
BRDA:98,10,1,0
BRDA:114,11,0,0
BRDA:114,11,1,0
BRDA:114,12,0,0
BRDA:114,12,1,0
BRDA:129,13,0,0
BRDA:129,13,1,0
BRDA:134,14,0,0
BRDA:134,14,1,0
BRDA:134,15,0,0
BRDA:134,15,1,0
BRDA:138,16,0,0
BRDA:138,16,1,0
BRDA:195,17,0,0
BRDA:195,17,1,14
BRDA:195,18,0,14
BRDA:195,18,1,0
BRDA:198,19,0,0
BRDA:198,19,1,0
BRDA:208,20,0,0
BRDA:208,20,1,0
BRDA:17,21,0,21
BRDA:17,21,1,0
BRDA:17,22,0,21
BRDA:17,22,1,21
BRF:45
BRH:13
end_of_record
TN:
SF:src\modules\dashboard\dashboard.controller.ts
FN:22,(anonymous_4)
FN:35,(anonymous_5)
FN:50,(anonymous_6)
FN:65,(anonymous_7)
FN:80,(anonymous_8)
FNF:5
FNH:5
FNDA:5,(anonymous_4)
FNDA:1,(anonymous_5)
FNDA:1,(anonymous_6)
FNDA:1,(anonymous_7)
FNDA:1,(anonymous_8)
DA:1,1
DA:2,1
DA:8,1
DA:9,1
DA:10,1
DA:11,1
DA:12,1
DA:13,1
DA:14,1
DA:21,1
DA:22,5
DA:35,1
DA:36,1
DA:50,1
DA:51,1
DA:65,1
DA:66,1
DA:80,1
DA:81,1
LF:19
LH:19
BRDA:35,0,0,1
BRDA:35,0,1,0
BRDA:35,1,0,1
BRDA:35,1,1,1
BRDA:50,2,0,1
BRDA:50,2,1,0
BRDA:50,3,0,1
BRDA:50,3,1,1
BRDA:65,4,0,1
BRDA:65,4,1,0
BRDA:65,5,0,1
BRDA:65,5,1,1
BRDA:80,6,0,1
BRDA:80,6,1,0
BRDA:80,7,0,1
BRDA:80,7,1,1
BRDA:22,8,0,1
BRDA:22,8,1,0
BRDA:22,9,0,1
BRDA:22,9,1,1
BRF:20
BRH:15
end_of_record
TN:
SF:src\modules\dashboard\dashboard.module.ts
FNF:0
FNH:0
DA:1,0
DA:2,0
DA:3,0
DA:4,0
DA:5,0
DA:6,0
DA:15,0
LF:7
LH:0
BRF:0
BRH:0
end_of_record
TN:
SF:src\modules\dashboard\dashboard.service.ts
FN:136,(anonymous_2)
FN:144,(anonymous_3)
FN:180,(anonymous_4)
FN:202,(anonymous_5)
FN:256,(anonymous_6)
FN:283,(anonymous_7)
FN:318,(anonymous_8)
FN:390,(anonymous_9)
FN:407,(anonymous_10)
FN:459,(anonymous_11)
FN:580,(anonymous_12)
FN:618,(anonymous_13)
FN:635,(anonymous_14)
FN:666,(anonymous_15)
FN:686,(anonymous_16)
FN:715,(anonymous_17)
FN:735,(anonymous_18)
FN:767,(anonymous_19)
FN:786,(anonymous_20)
FN:816,(anonymous_21)
FN:844,(anonymous_22)
FN:954,(anonymous_23)
FN:970,(anonymous_24)
FN:987,(anonymous_25)
FN:1006,(anonymous_26)
FN:1018,(anonymous_27)
FN:1031,(anonymous_28)
FNF:27
FNH:25
FNDA:14,(anonymous_2)
FNDA:7,(anonymous_3)
FNDA:13,(anonymous_4)
FNDA:6,(anonymous_5)
FNDA:9,(anonymous_6)
FNDA:3,(anonymous_7)
FNDA:4,(anonymous_8)
FNDA:7,(anonymous_9)
FNDA:5,(anonymous_10)
FNDA:2,(anonymous_11)
FNDA:2,(anonymous_12)
FNDA:2,(anonymous_13)
FNDA:2,(anonymous_14)
FNDA:2,(anonymous_15)
FNDA:2,(anonymous_16)
FNDA:2,(anonymous_17)
FNDA:1,(anonymous_18)
FNDA:2,(anonymous_19)
FNDA:1,(anonymous_20)
FNDA:6,(anonymous_21)
FNDA:3,(anonymous_22)
FNDA:7,(anonymous_23)
FNDA:4,(anonymous_24)
FNDA:2,(anonymous_25)
FNDA:2,(anonymous_26)
FNDA:0,(anonymous_27)
FNDA:0,(anonymous_28)
DA:1,3
DA:2,3
DA:3,3
DA:5,3
DA:6,3
DA:133,3
DA:134,14
DA:137,14
DA:138,14
DA:145,7
DA:147,7
DA:158,7
DA:159,7
DA:160,7
DA:161,7
DA:162,7
DA:164,7
DA:174,7
DA:184,13
DA:186,0
DA:187,0
DA:188,0
DA:190,0
DA:191,0
DA:192,0
DA:193,0
DA:195,0
DA:205,6
DA:207,6
DA:209,2
DA:210,2
DA:211,1
DA:215,5
DA:216,5
DA:218,5
DA:219,5
DA:220,0
DA:229,5
DA:248,5
DA:256,5
DA:257,9
DA:261,5
DA:262,5
DA:263,5
DA:267,5
DA:283,5
DA:292,0
DA:295,0
DA:300,5
DA:310,5
DA:311,5
DA:321,4
DA:323,4
DA:325,0
DA:326,0
DA:327,0
DA:331,4
DA:333,4
DA:334,4
DA:335,4
DA:337,4
DA:338,0
DA:339,0
DA:340,0
DA:348,4
DA:382,4
DA:383,4
DA:390,4
DA:391,7
DA:392,7
DA:393,7
DA:394,7
DA:399,4
DA:400,4
DA:407,4
DA:408,5
DA:409,5
DA:410,5
DA:411,5
DA:415,4
DA:418,4
DA:419,4
DA:422,4
DA:423,4
DA:427,4
DA:428,4
DA:429,4
DA:431,4
DA:451,4
DA:452,4
DA:462,2
DA:464,2
DA:466,0
DA:467,0
DA:468,0
DA:472,2
DA:473,2
DA:477,2
DA:478,2
DA:479,0
DA:490,2
DA:512,2
DA:515,2
DA:516,2
DA:517,2
DA:519,2
DA:523,2
DA:525,2
DA:532,2
DA:541,2
DA:572,2
DA:573,2
DA:583,2
DA:585,2
DA:587,0
DA:588,0
DA:589,0
DA:599,2
DA:600,2
DA:602,2
DA:604,2
DA:606,2
DA:607,2
DA:609,2
DA:611,2
DA:613,2
DA:616,2
DA:617,2
DA:619,2
DA:635,2
DA:636,2
DA:664,2
DA:665,2
DA:667,2
DA:686,2
DA:687,2
DA:713,2
DA:714,2
DA:716,2
DA:735,2
DA:736,1
DA:737,1
DA:765,2
DA:766,2
DA:768,2
DA:786,2
DA:787,1
DA:812,2
DA:815,2
DA:817,6
DA:821,2
DA:822,2
DA:823,2
DA:825,2
DA:836,2
DA:837,2
DA:848,3
DA:850,3
DA:852,1
DA:853,1
DA:854,0
DA:858,3
DA:873,3
DA:874,1
DA:885,2
DA:929,2
DA:930,2
DA:932,2
DA:933,2
DA:934,2
DA:952,2
DA:953,2
DA:954,7
DA:958,0
DA:962,2
DA:963,2
DA:970,2
DA:971,4
DA:972,4
DA:973,4
DA:974,4
DA:979,2
DA:980,2
DA:987,2
DA:988,2
DA:989,2
DA:990,2
DA:991,2
DA:995,2
DA:997,2
DA:1000,2
DA:1004,2
DA:1006,2
DA:1007,2
DA:1018,2
DA:1019,0
DA:1030,2
DA:1032,0
DA:1034,2
DA:1036,2
DA:1067,2
DA:1068,2
LF:202
LH:174
BRDA:159,0,0,0
BRDA:159,0,1,7
BRDA:184,1,0,13
BRDA:184,1,1,0
BRDA:184,2,0,13
BRDA:184,2,1,13
BRDA:187,3,0,0
BRDA:187,3,1,0
BRDA:190,4,0,0
BRDA:190,4,1,0
BRDA:207,5,0,2
BRDA:207,5,1,4
BRDA:210,6,0,1
BRDA:210,6,1,1
BRDA:219,7,0,0
BRDA:219,7,1,5
BRDA:263,8,0,5
BRDA:263,8,1,0
BRDA:273,9,0,0
BRDA:273,9,1,5
BRDA:273,10,0,5
BRDA:273,10,1,5
BRDA:274,11,0,0
BRDA:274,11,1,0
BRDA:275,12,0,0
BRDA:275,12,1,0
BRDA:285,13,0,3
BRDA:285,13,1,0
BRDA:323,14,0,0
BRDA:323,14,1,4
BRDA:326,15,0,0
BRDA:326,15,1,0
BRDA:337,16,0,0
BRDA:337,16,1,4
BRDA:391,17,0,7
BRDA:391,17,1,0
BRDA:393,18,0,7
BRDA:393,18,1,0
BRDA:408,19,0,5
BRDA:408,19,1,0
BRDA:410,20,0,5
BRDA:410,20,1,0
BRDA:418,21,0,4
BRDA:418,21,1,0
BRDA:420,22,0,4
BRDA:420,22,1,0
BRDA:422,23,0,4
BRDA:422,23,1,0
BRDA:423,24,0,4
BRDA:423,24,1,0
BRDA:428,25,0,4
BRDA:428,25,1,0
BRDA:464,26,0,0
BRDA:464,26,1,2
BRDA:467,27,0,0
BRDA:467,27,1,0
BRDA:478,28,0,0
BRDA:478,28,1,2
BRDA:513,29,0,2
BRDA:513,29,1,0
BRDA:515,30,0,2
BRDA:515,30,1,0
BRDA:516,31,0,2
BRDA:516,31,1,0
BRDA:517,32,0,2
BRDA:517,32,1,0
BRDA:519,33,0,2
BRDA:519,33,1,0
BRDA:523,34,0,2
BRDA:523,34,1,0
BRDA:525,35,0,2
BRDA:525,35,1,0
BRDA:532,36,0,2
BRDA:532,36,1,0
BRDA:585,37,0,0
BRDA:585,37,1,2
BRDA:588,38,0,0
BRDA:588,38,1,0
BRDA:594,39,0,0
BRDA:595,40,0,0
BRDA:596,41,0,0
BRDA:606,42,0,2
BRDA:606,42,1,0
BRDA:607,43,0,2
BRDA:607,43,1,0
BRDA:609,44,0,2
BRDA:609,44,1,0
BRDA:611,45,0,2
BRDA:611,45,1,0
BRDA:616,46,0,2
BRDA:616,46,1,0
BRDA:620,47,0,0
BRDA:620,47,1,2
BRDA:641,48,0,1
BRDA:641,48,1,1
BRDA:664,49,0,2
BRDA:664,49,1,0
BRDA:670,50,0,0
BRDA:670,50,1,2
BRDA:690,51,0,2
BRDA:690,51,1,0
BRDA:692,52,0,2
BRDA:692,52,1,0
BRDA:713,53,0,2
BRDA:713,53,1,0
BRDA:717,54,0,0
BRDA:717,54,1,2
BRDA:736,55,0,1
BRDA:736,55,1,0
BRDA:742,56,0,1
BRDA:742,56,1,0
BRDA:765,57,0,2
BRDA:765,57,1,0
BRDA:769,58,0,0
BRDA:769,58,1,2
BRDA:790,59,0,1
BRDA:790,59,1,0
BRDA:792,60,0,1
BRDA:792,60,1,0
BRDA:797,61,0,1
BRDA:797,61,1,0
BRDA:831,62,0,2
BRDA:831,62,1,0
BRDA:850,63,0,1
BRDA:850,63,1,2
BRDA:853,64,0,0
BRDA:853,64,1,1
BRDA:873,65,0,1
BRDA:873,65,1,2
BRDA:933,66,0,2
BRDA:933,66,1,0
BRDA:971,67,0,4
BRDA:971,67,1,0
BRDA:973,68,0,4
BRDA:973,68,1,0
BRDA:988,69,0,2
BRDA:988,69,1,0
BRDA:990,70,0,2
BRDA:990,70,1,0
BRDA:997,71,0,2
BRDA:997,71,1,0
BRDA:998,72,0,2
BRDA:998,72,1,0
BRDA:1000,73,0,2
BRDA:1000,73,1,0
BRDA:1000,74,0,2
BRDA:1000,74,1,2
BRDA:137,75,0,3
BRDA:137,75,1,0
BRDA:137,76,0,3
BRDA:137,76,1,3
BRDA:137,77,0,3
BRDA:137,77,1,0
BRDA:137,78,0,3
BRDA:137,78,1,3
BRF:155
BRH:79
end_of_record
TN:
SF:src\modules\dashboard\member-dashboard.controller.ts
FN:18,(anonymous_4)
FN:37,(anonymous_5)
FNF:2
FNH:2
FNDA:2,(anonymous_4)
FNDA:1,(anonymous_5)
DA:1,1
DA:2,1
DA:9,1
DA:10,1
DA:11,1
DA:17,1
DA:18,2
DA:37,1
DA:41,1
DA:42,1
LF:10
LH:10
BRDA:41,0,0,1
BRDA:41,0,1,0
BRDA:18,1,0,1
BRDA:18,1,1,0
BRDA:18,2,0,1
BRDA:18,2,1,1
BRF:6
BRH:4
end_of_record
TN:
SF:src\modules\dashboard\dto\query-activity.dto.ts
FN:14,(anonymous_2)
FN:44,(anonymous_3)
FN:51,(anonymous_4)
FN:63,(anonymous_5)
FNF:4
FNH:1
FNDA:3,(anonymous_2)
FNDA:0,(anonymous_3)
FNDA:0,(anonymous_4)
FNDA:0,(anonymous_5)
DA:1,3
DA:11,3
DA:12,3
DA:14,3
DA:15,3
DA:16,3
DA:17,3
DA:18,3
DA:19,3
DA:22,3
DA:30,3
DA:35,3
DA:40,3
DA:44,0
DA:47,3
DA:51,0
DA:55,3
DA:64,0
DA:67,3
LF:19
LH:16
BRDA:14,0,0,3
BRDA:14,0,1,3
BRDA:64,1,0,0
BRDA:64,1,1,0
BRDA:64,1,2,0
BRDA:64,1,3,0
BRF:6
BRH:2
end_of_record
TN:
SF:src\modules\dashboard\dto\query-dashboard.dto.ts
FN:26,(anonymous_2)
FNF:1
FNH:0
FNDA:0,(anonymous_2)
DA:1,1
DA:2,1
DA:3,1
DA:5,1
DA:11,1
DA:18,1
DA:27,0
DA:30,1
LF:8
LH:7
BRDA:27,0,0,0
BRDA:27,0,1,0
BRDA:27,0,2,0
BRDA:27,0,3,0
BRF:4
BRH:0
end_of_record
TN:
SF:src\modules\distribution\admin-distribution.controller.ts
FN:35,(anonymous_4)
FN:48,(anonymous_5)
FN:68,(anonymous_6)
FN:91,(anonymous_7)
FN:109,(anonymous_8)
FNF:5
FNH:5
FNDA:5,(anonymous_4)
FNDA:1,(anonymous_5)
FNDA:1,(anonymous_6)
FNDA:1,(anonymous_7)
FNDA:1,(anonymous_8)
DA:1,1
DA:12,1
DA:19,1
DA:20,1
DA:21,1
DA:22,1
DA:23,1
DA:24,1
DA:25,1
DA:26,1
DA:27,1
DA:34,1
DA:35,5
DA:48,1
DA:49,1
DA:68,1
DA:73,1
DA:91,1
DA:92,1
DA:109,1
DA:110,1
LF:21
LH:21
BRDA:48,0,0,1
BRDA:48,0,1,0
BRDA:48,1,0,1
BRDA:48,1,1,1
BRDA:69,2,0,1
BRDA:69,2,1,0
BRDA:69,3,0,1
BRDA:69,3,1,1
BRDA:69,4,0,0
BRDA:69,4,1,1
BRDA:69,5,0,1
BRDA:69,5,1,1
BRDA:91,6,0,1
BRDA:91,6,1,0
BRDA:91,7,0,1
BRDA:91,7,1,1
BRDA:35,8,0,1
BRDA:35,8,1,0
BRDA:35,9,0,1
BRDA:35,9,1,1
BRF:20
BRH:15
end_of_record
TN:
SF:src\modules\distribution\distribution.module.ts
FNF:0
FNH:0
DA:1,0
DA:2,0
DA:3,0
DA:4,0
DA:5,0
DA:6,0
DA:7,0
DA:8,0
DA:23,0
LF:9
LH:0
BRF:0
BRH:0
end_of_record
TN:
SF:src\modules\distribution\distribution.processor.ts
FN:21,(anonymous_2)
FN:24,(anonymous_3)
FNF:2
FNH:2
FNDA:2,(anonymous_2)
FNDA:1,(anonymous_3)
DA:1,1
DA:3,1
DA:4,1
DA:18,1
DA:19,2
DA:21,2
DA:24,1
DA:25,1
DA:29,1
DA:30,1
DA:37,1
DA:40,1
DA:42,0
DA:46,0
LF:14
LH:12
BRDA:21,0,0,1
BRDA:21,0,1,0
BRDA:21,1,0,1
BRDA:21,1,1,1
BRF:4
BRH:3
end_of_record
TN:
SF:src\modules\distribution\distribution.service.ts
FN:30,(anonymous_4)
FN:42,(anonymous_5)
FN:63,(anonymous_6)
FN:103,(anonymous_7)
FN:229,(anonymous_8)
FN:253,(anonymous_9)
FN:254,(anonymous_10)
FN:264,(anonymous_11)
FN:296,(anonymous_12)
FN:372,(anonymous_13)
FN:382,(anonymous_14)
FN:529,(anonymous_15)
FN:541,(anonymous_16)
FN:637,(anonymous_17)
FN:655,(anonymous_18)
FN:691,(anonymous_19)
FN:721,(anonymous_20)
FN:786,(anonymous_21)
FN:799,(anonymous_22)
FN:804,(anonymous_23)
FNF:20
FNH:16
FNDA:15,(anonymous_4)
FNDA:4,(anonymous_5)
FNDA:1,(anonymous_6)
FNDA:2,(anonymous_7)
FNDA:2,(anonymous_8)
FNDA:2,(anonymous_9)
FNDA:1,(anonymous_10)
FNDA:2,(anonymous_11)
FNDA:3,(anonymous_12)
FNDA:3,(anonymous_13)
FNDA:3,(anonymous_14)
FNDA:2,(anonymous_15)
FNDA:1,(anonymous_16)
FNDA:0,(anonymous_17)
FNDA:2,(anonymous_18)
FNDA:2,(anonymous_19)
FNDA:3,(anonymous_20)
FNDA:0,(anonymous_21)
FNDA:0,(anonymous_22)
FNDA:0,(anonymous_23)
DA:1,4
DA:9,4
DA:11,4
DA:12,4
DA:13,4
DA:17,4
DA:27,4
DA:28,15
DA:31,15
DA:32,15
DA:33,15
DA:36,15
DA:46,4
DA:48,0
DA:49,0
DA:50,0
DA:52,0
DA:53,0
DA:54,0
DA:55,0
DA:57,0
DA:69,1
DA:86,1
DA:87,1
DA:89,1
DA:111,2
DA:113,2
DA:115,2
DA:122,2
DA:130,2
DA:132,2
DA:134,2
DA:174,2
DA:185,2
DA:186,2
DA:187,2
DA:188,2
DA:196,2
DA:197,2
DA:202,2
DA:205,2
DA:206,1
DA:207,1
DA:208,0
DA:216,1
DA:217,1
DA:222,1
DA:225,2
DA:226,2
DA:229,2
DA:231,2
DA:234,2
DA:235,2
DA:237,2
DA:239,2
DA:253,2
DA:254,1
DA:259,2
DA:260,2
DA:261,2
DA:262,2
DA:264,2
DA:265,2
DA:266,2
DA:267,2
DA:268,2
DA:271,2
DA:272,2
DA:274,2
DA:301,3
DA:304,3
DA:305,3
DA:310,3
DA:313,3
DA:324,3
DA:337,3
DA:338,0
DA:339,0
DA:346,0
DA:350,0
DA:359,0
DA:366,3
DA:379,3
DA:380,3
DA:382,3
DA:384,3
DA:390,3
DA:403,3
DA:415,3
DA:420,3
DA:421,1
DA:428,1
DA:434,2
DA:443,2
DA:444,2
DA:445,2
DA:446,2
DA:452,2
DA:453,2
DA:454,2
DA:457,2
DA:458,1
DA:459,1
DA:460,0
DA:466,1
DA:467,1
DA:468,1
DA:472,2
DA:473,2
DA:474,2
DA:475,2
DA:476,2
DA:478,2
DA:479,2
DA:480,2
DA:481,2
DA:483,2
DA:485,2
DA:486,2
DA:487,2
DA:488,2
DA:490,2
DA:503,2
DA:511,2
DA:528,2
DA:529,2
DA:530,2
DA:540,2
DA:541,1
DA:542,1
DA:551,2
DA:552,2
DA:567,2
DA:603,2
DA:604,2
DA:611,2
DA:625,2
DA:637,0
DA:656,2
DA:657,2
DA:659,2
DA:661,2
DA:662,2
DA:663,0
DA:666,2
DA:667,0
DA:670,2
DA:671,0
DA:672,0
DA:678,2
DA:691,2
DA:707,2
DA:722,3
DA:767,3
DA:768,1
DA:771,2
DA:786,0
DA:799,0
DA:804,0
LF:159
LH:136
BRDA:46,0,0,4
BRDA:46,0,1,0
BRDA:46,1,0,4
BRDA:46,1,1,4
BRDA:49,2,0,0
BRDA:49,2,1,0
BRDA:52,3,0,0
BRDA:52,3,1,0
BRDA:86,4,0,1
BRDA:86,4,1,0
BRDA:87,5,0,1
BRDA:87,5,1,0
BRDA:108,6,0,2
BRDA:109,7,0,0
BRDA:110,8,0,0
BRDA:118,9,0,0
BRDA:118,9,1,2
BRDA:119,10,0,0
BRDA:119,10,1,2
BRDA:125,11,0,0
BRDA:125,11,1,2
BRDA:126,12,0,0
BRDA:126,12,1,2
BRDA:130,13,0,2
BRDA:130,13,1,0
BRDA:132,14,0,2
BRDA:132,14,1,0
BRDA:135,15,0,2
BRDA:135,15,1,0
BRDA:153,16,0,2
BRDA:153,16,1,0
BRDA:187,17,0,2
BRDA:187,17,1,0
BRDA:207,18,0,0
BRDA:207,18,1,1
BRDA:318,19,0,3
BRDA:318,19,1,0
BRDA:319,20,0,3
BRDA:319,20,1,1
BRDA:325,21,0,3
BRDA:325,21,1,0
BRDA:326,22,0,3
BRDA:326,22,1,0
BRDA:337,23,0,0
BRDA:337,23,1,3
BRDA:380,24,0,0
BRDA:380,24,1,3
BRDA:393,25,0,0
BRDA:393,25,1,3
BRDA:394,26,0,0
BRDA:394,26,1,3
BRDA:394,27,0,3
BRDA:394,27,1,0
BRDA:397,28,0,0
BRDA:397,28,1,3
BRDA:397,29,0,3
BRDA:397,29,1,0
BRDA:406,30,0,0
BRDA:406,30,1,3
BRDA:407,31,0,0
BRDA:407,31,1,3
BRDA:407,32,0,3
BRDA:407,32,1,0
BRDA:410,33,0,0
BRDA:410,33,1,3
BRDA:410,34,0,3
BRDA:410,34,1,0
BRDA:420,35,0,1
BRDA:420,35,1,2
BRDA:420,36,0,3
BRDA:420,36,1,1
BRDA:445,37,0,2
BRDA:445,37,1,0
BRDA:459,38,0,0
BRDA:459,38,1,1
BRDA:503,39,0,1
BRDA:503,39,1,1
BRDA:503,40,0,2
BRDA:503,40,1,2
BRDA:506,41,0,1
BRDA:506,41,1,0
BRDA:521,42,0,2
BRDA:521,42,1,0
BRDA:528,43,0,2
BRDA:528,43,1,0
BRDA:540,44,0,1
BRDA:540,44,1,1
BRDA:551,45,0,2
BRDA:551,45,1,0
BRDA:612,46,0,2
BRDA:612,46,1,0
BRDA:613,47,0,2
BRDA:613,47,1,0
BRDA:656,48,0,0
BRDA:656,49,0,0
BRDA:662,50,0,0
BRDA:662,50,1,2
BRDA:666,51,0,0
BRDA:666,51,1,2
BRDA:670,52,0,0
BRDA:670,52,1,2
BRDA:670,53,0,2
BRDA:670,53,1,0
BRDA:767,54,0,1
BRDA:767,54,1,2
BRDA:31,55,0,4
BRDA:31,55,1,0
BRDA:31,56,0,4
BRDA:31,56,1,4
BRDA:31,57,0,4
BRDA:31,57,1,0
BRDA:31,58,0,4
BRDA:31,58,1,4
BRDA:32,59,0,4
BRDA:32,59,1,0
BRDA:32,60,0,4
BRDA:32,60,1,4
BRF:117
BRH:66
end_of_record
TN:
SF:src\modules\distribution\dto\process-distribution-batch.dto.ts
FN:11,(anonymous_2)
FNF:1
FNH:0
FNDA:0,(anonymous_2)
DA:1,1
DA:2,1
DA:3,1
DA:5,1
DA:11,0
DA:14,1
DA:23,1
DA:32,1
DA:40,1
DA:48,1
LF:10
LH:9
BRDA:11,0,0,0
BRDA:11,0,1,0
BRDA:11,0,2,0
BRF:3
BRH:0
end_of_record
TN:
SF:src\modules\distribution\dto\query-distribution-history.dto.ts
FN:16,(anonymous_2)
FN:22,(anonymous_3)
FN:42,(anonymous_4)
FN:49,(anonymous_5)
FNF:4
FNH:0
FNDA:0,(anonymous_2)
FNDA:0,(anonymous_3)
FNDA:0,(anonymous_4)
FNDA:0,(anonymous_5)
DA:1,1
DA:10,1
DA:11,1
DA:12,1
DA:14,1
DA:16,0
DA:19,1
DA:22,0
DA:25,1
DA:33,1
DA:38,1
DA:42,0
DA:45,1
DA:49,0
DA:53,1
LF:15
LH:11
BRDA:16,0,0,0
BRDA:16,0,1,0
BRDA:16,0,2,0
BRDA:22,1,0,0
BRDA:22,1,1,0
BRDA:22,1,2,0
BRDA:33,2,0,0
BRDA:33,2,1,1
BRDA:33,3,0,1
BRDA:33,3,1,1
BRF:10
BRH:3
end_of_record
TN:
SF:src\modules\distribution\dto\query-pending-distribution.dto.ts
FN:14,(anonymous_2)
FN:23,(anonymous_3)
FN:35,(anonymous_4)
FN:51,(anonymous_5)
FN:58,(anonymous_6)
FNF:5
FNH:0
FNDA:0,(anonymous_2)
FNDA:0,(anonymous_3)
FNDA:0,(anonymous_4)
FNDA:0,(anonymous_5)
FNDA:0,(anonymous_6)
DA:1,1
DA:9,1
DA:10,1
DA:12,1
DA:14,0
DA:17,1
DA:24,0
DA:32,1
DA:35,0
DA:38,1
DA:47,1
DA:51,0
DA:54,1
DA:58,0
DA:62,1
LF:15
LH:10
BRDA:14,0,0,0
BRDA:14,0,1,0
BRDA:14,0,2,0
BRDA:24,1,0,0
BRDA:24,1,1,0
BRDA:24,1,2,0
BRDA:24,1,3,0
BRDA:24,1,4,0
BRDA:35,2,0,0
BRDA:35,2,1,0
BRDA:35,2,2,0
BRF:11
BRH:0
end_of_record
TN:
SF:src\modules\email\email.module.ts
FNF:0
FNH:0
DA:1,0
DA:2,0
DA:3,0
DA:10,0
LF:4
LH:0
BRF:0
BRH:0
end_of_record
TN:
SF:src\modules\email\email.service.ts
FN:17,(anonymous_2)
FN:70,(anonymous_3)
FN:132,(anonymous_4)
FN:175,(anonymous_5)
FN:215,(anonymous_6)
FN:264,(anonymous_7)
FN:320,(anonymous_8)
FN:351,(anonymous_9)
FNF:8
FNH:0
FNDA:0,(anonymous_2)
FNDA:0,(anonymous_3)
FNDA:0,(anonymous_4)
FNDA:0,(anonymous_5)
FNDA:0,(anonymous_6)
FNDA:0,(anonymous_7)
FNDA:0,(anonymous_8)
FNDA:0,(anonymous_9)
DA:1,9
DA:2,9
DA:12,9
DA:13,0
DA:14,0
DA:17,0
DA:18,0
DA:19,0
DA:23,0
DA:24,0
DA:25,0
DA:26,0
DA:27,0
DA:29,0
DA:32,0
DA:36,0
DA:38,0
DA:39,0
DA:40,0
DA:41,0
DA:45,0
DA:46,0
DA:48,0
DA:49,0
DA:50,0
DA:53,0
DA:54,0
DA:56,0
DA:61,0
DA:71,0
DA:73,0
DA:74,0
DA:83,0
DA:86,0
DA:87,0
DA:94,0
DA:97,0
DA:98,0
DA:99,0
DA:100,0
DA:102,0
DA:104,0
DA:108,0
DA:109,0
DA:110,0
DA:113,0
DA:122,0
DA:125,0
DA:137,0
DA:138,0
DA:140,0
DA:169,0
DA:180,0
DA:182,0
DA:209,0
DA:223,0
DA:225,0
DA:258,0
DA:274,0
DA:276,0
DA:314,0
DA:326,0
DA:328,0
DA:345,0
DA:357,0
DA:359,0
DA:397,0
LF:67
LH:3
BRDA:20,0,0,0
BRDA:20,0,1,0
BRDA:24,1,0,0
BRDA:24,1,1,0
BRDA:29,2,0,0
BRDA:29,2,1,0
BRDA:32,3,0,0
BRDA:32,3,1,0
BRDA:32,3,2,0
BRDA:38,4,0,0
BRDA:38,4,1,0
BRDA:38,5,0,0
BRDA:38,5,1,0
BRDA:38,5,2,0
BRDA:38,5,3,0
BRDA:45,6,0,0
BRDA:45,6,1,0
BRDA:54,7,0,0
BRDA:54,7,1,0
BRDA:73,8,0,0
BRDA:73,8,1,0
BRDA:80,9,0,0
BRDA:80,9,1,0
BRDA:92,10,0,0
BRDA:92,10,1,0
BRDA:99,11,0,0
BRDA:99,11,1,0
BRDA:109,12,0,0
BRDA:109,12,1,0
BRDA:119,13,0,0
BRDA:119,13,1,0
BRDA:306,14,0,0
BRDA:306,14,1,0
BRDA:339,15,0,0
BRDA:339,15,1,0
BRDA:17,16,0,9
BRDA:17,16,1,0
BRDA:17,17,0,9
BRDA:17,17,1,9
BRF:39
BRH:3
end_of_record
TN:
SF:src\modules\hierarchy\hierarchy.controller.ts
FN:24,(anonymous_4)
FN:57,(anonymous_5)
FN:93,(anonymous_6)
FN:128,(anonymous_7)
FN:168,(anonymous_8)
FN:202,(anonymous_9)
FN:235,(anonymous_10)
FN:280,(anonymous_11)
FNF:8
FNH:8
FNDA:15,(anonymous_4)
FNDA:1,(anonymous_5)
FNDA:1,(anonymous_6)
FNDA:1,(anonymous_7)
FNDA:3,(anonymous_8)
FNDA:3,(anonymous_9)
FNDA:1,(anonymous_10)
FNDA:2,(anonymous_11)
DA:1,2
DA:2,2
DA:9,2
DA:10,2
DA:11,2
DA:12,2
DA:13,2
DA:14,2
DA:15,2
DA:16,2
DA:23,2
DA:24,15
DA:57,2
DA:61,1
DA:62,1
DA:93,2
DA:94,1
DA:128,2
DA:132,1
DA:133,1
DA:168,2
DA:172,3
DA:202,2
DA:206,3
DA:235,2
DA:239,1
DA:240,1
DA:280,2
DA:284,2
DA:285,2
LF:30
LH:30
BRDA:61,0,0,1
BRDA:61,0,1,0
BRDA:132,1,0,1
BRDA:132,1,1,0
BRDA:239,2,0,1
BRDA:239,2,1,0
BRDA:284,3,0,2
BRDA:284,3,1,0
BRDA:59,4,0,2
BRDA:59,4,1,0
BRDA:59,5,0,2
BRDA:59,5,1,2
BRDA:130,6,0,2
BRDA:130,6,1,0
BRDA:130,7,0,2
BRDA:130,7,1,2
BRDA:170,8,0,2
BRDA:170,8,1,0
BRDA:170,9,0,2
BRDA:170,9,1,2
BRDA:204,10,0,2
BRDA:204,10,1,0
BRDA:204,11,0,2
BRDA:204,11,1,2
BRDA:237,12,0,2
BRDA:237,12,1,0
BRDA:237,13,0,2
BRDA:237,13,1,2
BRDA:282,14,0,2
BRDA:282,14,1,0
BRDA:282,15,0,2
BRDA:282,15,1,2
BRDA:24,16,0,2
BRDA:24,16,1,0
BRDA:24,17,0,2
BRDA:24,17,1,2
BRF:36
BRH:25
end_of_record
TN:
SF:src\modules\hierarchy\hierarchy.module.ts
FNF:0
FNH:0
DA:1,0
DA:2,0
DA:3,0
DA:4,0
DA:5,0
DA:13,0
LF:6
LH:0
BRF:0
BRH:0
end_of_record
TN:
SF:src\modules\hierarchy\hierarchy.service.ts
FN:19,(anonymous_2)
FN:25,(anonymous_3)
FN:86,(anonymous_4)
FN:147,(anonymous_5)
FN:215,(anonymous_6)
FN:241,(anonymous_7)
FN:247,(anonymous_8)
FN:280,(anonymous_9)
FN:289,(anonymous_10)
FN:319,(anonymous_11)
FN:337,(anonymous_12)
FN:340,(anonymous_13)
FN:341,(anonymous_14)
FN:342,(anonymous_15)
FN:343,(anonymous_16)
FN:351,(anonymous_17)
FN:366,(anonymous_18)
FN:368,(anonymous_19)
FN:390,(anonymous_20)
FN:395,(anonymous_21)
FN:416,(anonymous_22)
FN:425,(anonymous_23)
FN:434,(anonymous_24)
FNF:23
FNH:17
FNDA:22,(anonymous_2)
FNDA:11,(anonymous_3)
FNDA:7,(anonymous_4)
FNDA:4,(anonymous_5)
FNDA:4,(anonymous_6)
FNDA:5,(anonymous_7)
FNDA:4,(anonymous_8)
FNDA:3,(anonymous_9)
FNDA:3,(anonymous_10)
FNDA:5,(anonymous_11)
FNDA:0,(anonymous_12)
FNDA:0,(anonymous_13)
FNDA:0,(anonymous_14)
FNDA:0,(anonymous_15)
FNDA:0,(anonymous_16)
FNDA:2,(anonymous_17)
FNDA:4,(anonymous_18)
FNDA:4,(anonymous_19)
FNDA:3,(anonymous_20)
FNDA:1,(anonymous_21)
FNDA:6,(anonymous_22)
FNDA:9,(anonymous_23)
FNDA:0,(anonymous_24)
DA:1,5
DA:2,5
DA:5,5
DA:16,5
DA:17,22
DA:19,22
DA:29,11
DA:34,11
DA:35,1
DA:38,10
DA:43,10
DA:79,10
DA:90,7
DA:95,7
DA:96,1
DA:99,6
DA:104,6
DA:141,6
DA:151,4
DA:156,4
DA:157,2
DA:160,2
DA:161,2
DA:165,2
DA:167,2
DA:209,2
DA:219,4
DA:224,4
DA:225,0
DA:228,4
DA:229,4
DA:233,4
DA:235,4
DA:237,4
DA:238,4
DA:239,2
DA:240,2
DA:241,5
DA:244,4
DA:245,2
DA:246,2
DA:247,4
DA:251,4
DA:253,4
DA:254,8
DA:257,8
DA:258,2
DA:259,2
DA:260,2
DA:261,2
DA:262,2
DA:264,6
DA:267,8
DA:268,8
DA:269,8
DA:270,1
DA:272,7
DA:280,4
DA:281,3
DA:282,2
DA:293,3
DA:298,3
DA:299,0
DA:302,3
DA:312,3
DA:314,3
DA:315,3
DA:316,3
DA:318,3
DA:319,5
DA:321,3
DA:331,3
DA:338,0
DA:339,0
DA:340,0
DA:341,0
DA:342,0
DA:343,0
DA:345,0
DA:355,2
DA:360,2
DA:361,0
DA:364,2
DA:365,2
DA:366,4
DA:367,2
DA:368,4
DA:371,2
DA:373,2
DA:377,2
DA:378,4
DA:382,4
DA:383,4
DA:384,3
DA:386,4
DA:389,2
DA:390,3
DA:395,1
DA:397,2
DA:417,6
DA:418,6
DA:420,5
DA:421,5
DA:425,9
DA:427,0
DA:438,0
LF:106
LH:94
BRDA:27,0,0,1
BRDA:34,1,0,1
BRDA:34,1,1,10
BRDA:39,2,0,10
BRDA:39,2,1,0
BRDA:88,3,0,1
BRDA:95,4,0,1
BRDA:95,4,1,6
BRDA:100,5,0,6
BRDA:100,5,1,0
BRDA:156,6,0,2
BRDA:156,6,1,2
BRDA:160,7,0,2
BRDA:160,7,1,1
BRDA:224,8,0,0
BRDA:224,8,1,4
BRDA:228,9,0,4
BRDA:228,9,1,3
BRDA:233,10,0,4
BRDA:233,10,1,0
BRDA:238,11,0,2
BRDA:238,11,1,2
BRDA:244,12,0,2
BRDA:244,12,1,2
BRDA:257,13,0,2
BRDA:257,13,1,6
BRDA:260,14,0,0
BRDA:260,14,1,2
BRDA:269,15,0,1
BRDA:269,15,1,7
BRDA:281,16,0,1
BRDA:281,16,1,2
BRDA:291,17,0,1
BRDA:298,18,0,0
BRDA:298,18,1,3
BRDA:318,19,0,3
BRDA:318,19,1,0
BRDA:337,20,0,0
BRDA:353,21,0,1
BRDA:360,22,0,0
BRDA:360,22,1,2
BRDA:368,23,0,4
BRDA:368,23,1,3
BRDA:378,24,0,4
BRDA:378,24,1,3
BRDA:383,25,0,3
BRDA:383,25,1,1
BRDA:417,26,0,0
BRDA:417,26,1,6
BRDA:417,27,0,6
BRDA:417,27,1,6
BRDA:418,28,0,1
BRDA:418,28,1,5
BRDA:19,29,0,5
BRDA:19,29,1,0
BRDA:19,30,0,5
BRDA:19,30,1,5
BRF:57
BRH:46
end_of_record
TN:
SF:src\modules\hierarchy\member-network.controller.ts
FN:19,(anonymous_4)
FN:33,(anonymous_5)
FN:49,(anonymous_6)
FN:66,(anonymous_7)
FN:85,(anonymous_8)
FNF:5
FNH:5
FNDA:7,(anonymous_4)
FNDA:1,(anonymous_5)
FNDA:1,(anonymous_6)
FNDA:1,(anonymous_7)
FNDA:1,(anonymous_8)
DA:1,1
DA:2,1
DA:8,1
DA:9,1
DA:10,1
DA:11,1
DA:12,1
DA:18,1
DA:19,7
DA:33,1
DA:34,1
DA:49,1
DA:53,1
DA:54,1
DA:66,1
DA:70,1
DA:71,1
DA:85,1
DA:89,1
LF:19
LH:19
BRDA:53,0,0,1
BRDA:53,0,1,0
BRDA:70,1,0,1
BRDA:70,1,1,0
BRDA:51,2,0,1
BRDA:51,2,1,0
BRDA:51,3,0,1
BRDA:51,3,1,1
BRDA:68,4,0,1
BRDA:68,4,1,0
BRDA:68,5,0,1
BRDA:68,5,1,1
BRDA:87,6,0,1
BRDA:87,6,1,0
BRDA:87,7,0,1
BRDA:87,7,1,1
BRDA:19,8,0,1
BRDA:19,8,1,0
BRDA:19,9,0,1
BRDA:19,9,1,1
BRF:20
BRH:14
end_of_record
TN:
SF:src\modules\hierarchy\dto\get-hierarchy-query.dto.ts
FN:12,(anonymous_2)
FNF:1
FNH:0
FNDA:0,(anonymous_2)
DA:1,3
DA:2,3
DA:3,3
DA:5,3
DA:12,0
DA:16,3
LF:6
LH:5
BRF:0
BRH:0
end_of_record
TN:
SF:src\modules\hierarchy\dto\network-growth-query.dto.ts
FN:12,(anonymous_2)
FN:34,(anonymous_3)
FNF:2
FNH:1
FNDA:5,(anonymous_2)
FNDA:0,(anonymous_3)
DA:1,5
DA:2,5
DA:10,5
DA:12,5
DA:13,5
DA:14,5
DA:17,5
DA:26,5
DA:34,0
DA:38,5
DA:46,5
DA:54,5
LF:12
LH:11
BRDA:12,0,0,5
BRDA:12,0,1,5
BRF:2
BRH:2
end_of_record
TN:
SF:src\modules\hierarchy\dto\search-downline-query.dto.ts
FN:28,(anonymous_2)
FNF:1
FNH:0
FNDA:0,(anonymous_2)
DA:1,3
DA:2,3
DA:10,3
DA:12,3
DA:20,3
DA:28,0
DA:32,3
LF:7
LH:6
BRF:0
BRH:0
end_of_record
TN:
SF:src\modules\members\admin-members.controller.ts
FN:37,(anonymous_4)
FN:58,(anonymous_5)
FN:78,(anonymous_6)
FN:104,(anonymous_7)
FN:118,(anonymous_8)
FN:131,(anonymous_9)
FN:141,(anonymous_10)
FN:155,(anonymous_11)
FNF:8
FNH:0
FNDA:0,(anonymous_4)
FNDA:0,(anonymous_5)
FNDA:0,(anonymous_6)
FNDA:0,(anonymous_7)
FNDA:0,(anonymous_8)
FNDA:0,(anonymous_9)
FNDA:0,(anonymous_10)
FNDA:0,(anonymous_11)
DA:1,0
DA:13,0
DA:19,0
DA:20,0
DA:21,0
DA:22,0
DA:23,0
DA:24,0
DA:25,0
DA:26,0
DA:27,0
DA:28,0
DA:29,0
DA:36,0
DA:37,0
DA:58,0
DA:63,0
DA:78,0
DA:84,0
DA:104,0
DA:110,0
DA:118,0
DA:119,0
DA:131,0
DA:132,0
DA:141,0
DA:142,0
DA:155,0
DA:156,0
LF:29
LH:0
BRDA:59,0,0,0
BRDA:59,0,1,0
BRDA:59,1,0,0
BRDA:59,1,1,0
BRDA:59,2,0,0
BRDA:59,2,1,0
BRDA:59,3,0,0
BRDA:59,3,1,0
BRDA:80,4,0,0
BRDA:80,4,1,0
BRDA:80,5,0,0
BRDA:80,5,1,0
BRDA:80,6,0,0
BRDA:80,6,1,0
BRDA:80,7,0,0
BRDA:80,7,1,0
BRDA:106,8,0,0
BRDA:106,8,1,0
BRDA:106,9,0,0
BRDA:106,9,1,0
BRDA:106,10,0,0
BRDA:106,10,1,0
BRDA:106,11,0,0
BRDA:106,11,1,0
BRDA:118,12,0,0
BRDA:118,12,1,0
BRDA:118,13,0,0
BRDA:118,13,1,0
BRDA:37,14,0,0
BRDA:37,14,1,0
BRDA:37,15,0,0
BRDA:37,15,1,0
BRF:32
BRH:0
end_of_record
TN:
SF:src\modules\members\member-profile.controller.ts
FN:35,(anonymous_4)
FN:39,(anonymous_5)
FN:51,(anonymous_6)
FN:65,(anonymous_7)
FN:101,(anonymous_8)
FN:131,(anonymous_9)
FN:157,(anonymous_10)
FN:181,(anonymous_11)
FN:88,(anonymous_12)
FNF:9
FNH:5
FNDA:0,(anonymous_4)
FNDA:0,(anonymous_5)
FNDA:13,(anonymous_6)
FNDA:1,(anonymous_7)
FNDA:0,(anonymous_8)
FNDA:3,(anonymous_9)
FNDA:1,(anonymous_10)
FNDA:2,(anonymous_11)
FNDA:0,(anonymous_12)
DA:1,1
DA:14,1
DA:15,1
DA:16,1
DA:17,1
DA:24,1
DA:25,1
DA:26,1
DA:27,1
DA:28,1
DA:29,1
DA:30,1
DA:32,1
DA:34,1
DA:36,0
DA:37,0
DA:40,0
DA:41,0
DA:42,0
DA:50,1
DA:51,13
DA:65,1
DA:68,1
DA:89,0
DA:90,0
DA:97,0
DA:101,1
DA:105,0
DA:106,0
DA:110,0
DA:111,0
DA:131,1
DA:136,3
DA:157,1
DA:162,1
DA:181,1
DA:186,2
LF:37
LH:25
BRDA:41,0,0,0
BRDA:41,0,1,0
BRDA:105,1,0,0
BRDA:105,1,1,0
BRDA:67,2,0,1
BRDA:67,2,1,0
BRDA:67,3,0,1
BRDA:67,3,1,1
BRDA:89,4,0,0
BRDA:89,4,1,0
BRDA:89,5,0,0
BRDA:89,5,1,0
BRDA:104,6,0,1
BRDA:104,6,1,0
BRDA:104,7,0,1
BRDA:104,7,1,1
BRDA:133,8,0,0
BRDA:133,8,1,1
BRDA:133,9,0,1
BRDA:133,9,1,1
BRDA:133,10,0,1
BRDA:133,10,1,0
BRDA:133,11,0,1
BRDA:133,11,1,1
BRDA:135,12,0,1
BRDA:135,12,1,0
BRDA:135,13,0,1
BRDA:135,13,1,1
BRDA:159,14,0,0
BRDA:159,14,1,1
BRDA:159,15,0,1
BRDA:159,15,1,1
BRDA:159,16,0,1
BRDA:159,16,1,0
BRDA:159,17,0,1
BRDA:159,17,1,1
BRDA:161,18,0,1
BRDA:161,18,1,0
BRDA:161,19,0,1
BRDA:161,19,1,1
BRDA:183,20,0,0
BRDA:183,20,1,1
BRDA:183,21,0,1
BRDA:183,21,1,1
BRDA:183,22,0,1
BRDA:183,22,1,0
BRDA:183,23,0,1
BRDA:183,23,1,1
BRDA:185,24,0,1
BRDA:185,24,1,0
BRDA:185,25,0,1
BRDA:185,25,1,1
BRDA:51,26,0,1
BRDA:51,26,1,0
BRDA:51,27,0,1
BRDA:51,27,1,1
BRF:56
BRH:36
end_of_record
TN:
SF:src\modules\members\member-profile.service.ts
FN:22,(anonymous_13)
FN:31,(anonymous_14)
FN:57,(anonymous_15)
FN:156,(anonymous_16)
FN:192,(anonymous_17)
FN:240,(anonymous_18)
FN:291,(anonymous_19)
FNF:7
FNH:6
FNDA:13,(anonymous_13)
FNDA:1,(anonymous_14)
FNDA:3,(anonymous_15)
FNDA:0,(anonymous_16)
FNDA:1,(anonymous_17)
FNDA:2,(anonymous_18)
FNDA:3,(anonymous_19)
DA:1,1
DA:8,1
DA:9,1
DA:10,1
DA:11,1
DA:19,1
DA:20,13
DA:23,13
DA:24,13
DA:25,13
DA:32,1
DA:47,1
DA:48,0
DA:51,1
DA:63,3
DA:66,3
DA:67,0
DA:79,3
DA:82,3
DA:83,3
DA:98,3
DA:99,2
DA:100,0
DA:104,2
DA:105,1
DA:109,1
DA:110,1
DA:117,1
DA:138,1
DA:149,1
DA:150,1
DA:160,0
DA:163,0
DA:164,0
DA:167,0
DA:174,0
DA:175,0
DA:185,0
DA:186,0
DA:198,1
DA:201,1
DA:202,0
DA:206,1
DA:207,1
DA:213,1
DA:221,1
DA:233,1
DA:234,1
DA:246,2
DA:249,2
DA:250,0
DA:253,2
DA:254,2
DA:255,0
DA:258,2
DA:262,2
DA:263,1
DA:266,1
DA:271,1
DA:277,1
DA:288,1
DA:292,3
DA:293,3
LF:63
LH:49
BRDA:47,0,0,0
BRDA:47,0,1,1
BRDA:66,1,0,0
BRDA:66,1,1,3
BRDA:82,2,0,3
BRDA:82,2,1,0
BRDA:82,3,0,3
BRDA:82,3,1,2
BRDA:82,3,2,1
BRDA:89,4,0,1
BRDA:89,4,1,2
BRDA:90,5,0,1
BRDA:90,5,1,2
BRDA:91,6,0,1
BRDA:91,6,1,2
BRDA:98,7,0,2
BRDA:98,7,1,1
BRDA:99,8,0,0
BRDA:99,8,1,2
BRDA:99,9,0,2
BRDA:99,9,1,0
BRDA:104,10,0,1
BRDA:104,10,1,1
BRDA:104,11,0,2
BRDA:104,11,1,1
BRDA:109,12,0,1
BRDA:109,12,1,0
BRDA:109,13,0,1
BRDA:109,13,1,1
BRDA:120,14,0,1
BRDA:120,14,1,0
BRDA:121,15,0,0
BRDA:121,15,1,1
BRDA:122,16,0,0
BRDA:122,16,1,1
BRDA:123,17,0,1
BRDA:123,17,1,0
BRDA:124,18,0,0
BRDA:124,18,1,1
BRDA:125,19,0,0
BRDA:125,19,1,1
BRDA:126,20,0,0
BRDA:126,20,1,1
BRDA:127,21,0,0
BRDA:127,21,1,1
BRDA:129,22,0,0
BRDA:129,22,1,0
BRDA:139,23,0,1
BRDA:139,23,1,0
BRDA:140,24,0,1
BRDA:140,24,1,0
BRDA:163,25,0,0
BRDA:163,25,1,0
BRDA:174,26,0,0
BRDA:174,26,1,0
BRDA:201,27,0,0
BRDA:201,27,1,1
BRDA:206,28,0,1
BRDA:206,28,1,0
BRDA:210,29,0,1
BRDA:210,29,1,0
BRDA:210,29,2,0
BRDA:222,30,0,1
BRDA:222,30,1,0
BRDA:223,31,0,1
BRDA:223,31,1,0
BRDA:249,32,0,0
BRDA:249,32,1,2
BRDA:253,33,0,2
BRDA:253,33,1,2
BRDA:254,34,0,0
BRDA:254,34,1,2
BRDA:262,35,0,1
BRDA:262,35,1,1
BRDA:278,36,0,1
BRDA:278,36,1,0
BRDA:279,37,0,1
BRDA:279,37,1,0
BRDA:23,38,0,1
BRDA:23,38,1,0
BRDA:23,39,0,1
BRDA:23,39,1,1
BRDA:23,40,0,1
BRDA:23,40,1,0
BRDA:23,41,0,1
BRDA:23,41,1,1
BRDA:24,42,0,1
BRDA:24,42,1,0
BRDA:24,43,0,1
BRDA:24,43,1,1
BRF:90
BRH:55
end_of_record
TN:
SF:src\modules\members\members.controller.ts
FN:29,(anonymous_4)
FN:45,(anonymous_5)
FN:56,(anonymous_6)
FN:75,(anonymous_7)
FNF:4
FNH:0
FNDA:0,(anonymous_4)
FNDA:0,(anonymous_5)
FNDA:0,(anonymous_6)
FNDA:0,(anonymous_7)
DA:1,0
DA:10,0
DA:16,0
DA:17,0
DA:18,0
DA:19,0
DA:20,0
DA:21,0
DA:22,0
DA:23,0
DA:24,0
DA:28,0
DA:29,0
DA:45,0
DA:48,0
DA:56,0
DA:57,0
DA:75,0
DA:76,0
LF:19
LH:0
BRDA:46,0,0,0
BRDA:46,0,1,0
BRDA:46,1,0,0
BRDA:46,1,1,0
BRDA:47,2,0,0
BRDA:47,2,1,0
BRDA:47,3,0,0
BRDA:47,3,1,0
BRDA:56,4,0,0
BRDA:56,4,1,0
BRDA:56,5,0,0
BRDA:56,5,1,0
BRDA:75,6,0,0
BRDA:75,6,1,0
BRDA:75,7,0,0
BRDA:75,7,1,0
BRDA:29,8,0,0
BRDA:29,8,1,0
BRDA:29,9,0,0
BRDA:29,9,1,0
BRF:20
BRH:0
end_of_record
TN:
SF:src\modules\members\members.module.ts
FNF:0
FNH:0
DA:1,0
DA:2,0
DA:3,0
DA:4,0
DA:5,0
DA:6,0
DA:7,0
DA:8,0
DA:9,0
DA:10,0
DA:11,0
DA:29,0
LF:12
LH:0
BRF:0
BRH:0
end_of_record
TN:
SF:src\modules\members\members.service.ts
FN:29,(anonymous_13)
FN:41,(anonymous_14)
FN:63,(anonymous_15)
FN:71,(anonymous_16)
FN:82,(anonymous_17)
FN:118,(anonymous_18)
FN:190,(anonymous_19)
FN:234,(anonymous_20)
FN:261,(anonymous_21)
FN:274,(anonymous_22)
FN:284,(anonymous_23)
FN:406,(anonymous_24)
FN:475,(anonymous_25)
FN:506,(anonymous_26)
FN:525,(anonymous_27)
FN:537,(anonymous_28)
FN:563,(anonymous_29)
FN:625,(anonymous_30)
FN:638,(anonymous_31)
FN:672,(anonymous_32)
FN:698,(anonymous_33)
FN:711,(anonymous_34)
FNF:22
FNH:19
FNDA:40,(anonymous_13)
FNDA:4,(anonymous_14)
FNDA:5,(anonymous_15)
FNDA:6,(anonymous_16)
FNDA:4,(anonymous_17)
FNDA:10,(anonymous_18)
FNDA:3,(anonymous_19)
FNDA:0,(anonymous_20)
FNDA:0,(anonymous_21)
FNDA:0,(anonymous_22)
FNDA:8,(anonymous_23)
FNDA:6,(anonymous_24)
FNDA:3,(anonymous_25)
FNDA:4,(anonymous_26)
FNDA:2,(anonymous_27)
FNDA:2,(anonymous_28)
FNDA:3,(anonymous_29)
FNDA:3,(anonymous_30)
FNDA:2,(anonymous_31)
FNDA:2,(anonymous_32)
FNDA:1,(anonymous_33)
FNDA:11,(anonymous_34)
DA:1,2
DA:7,2
DA:8,2
DA:9,2
DA:16,2
DA:17,2
DA:19,2
DA:20,2
DA:21,2
DA:22,2
DA:23,2
DA:26,2
DA:27,40
DA:30,40
DA:31,40
DA:32,40
DA:33,40
DA:34,40
DA:35,40
DA:42,4
DA:43,4
DA:44,4
DA:46,4
DA:49,4
DA:50,1
DA:51,1
DA:52,1
DA:57,4
DA:64,5
DA:65,5
DA:76,6
DA:87,4
DA:88,4
DA:89,2
DA:92,4
DA:93,4
DA:95,4
DA:96,4
DA:97,4
DA:100,4
DA:106,4
DA:112,2
DA:124,10
DA:127,10
DA:128,0
DA:136,10
DA:147,10
DA:148,3
DA:149,1
DA:153,2
DA:154,1
DA:158,1
DA:159,1
DA:163,0
DA:164,0
DA:171,7
DA:172,7
DA:175,7
DA:176,1
DA:180,6
DA:181,3
DA:188,3
DA:190,3
DA:192,3
DA:207,3
DA:214,3
DA:232,3
DA:233,0
DA:234,0
DA:238,0
DA:258,3
DA:259,0
DA:264,3
DA:267,3
DA:268,0
DA:277,3
DA:290,8
DA:291,8
DA:292,1
DA:295,7
DA:298,7
DA:299,1
DA:314,1
DA:315,1
DA:316,0
DA:320,1
DA:321,1
DA:325,0
DA:326,0
DA:334,6
DA:335,4
DA:336,4
DA:337,2
DA:342,2
DA:343,1
DA:348,1
DA:349,1
DA:352,1
DA:353,0
DA:357,1
DA:358,1
DA:367,2
DA:368,0
DA:371,2
DA:388,2
DA:400,2
DA:412,6
DA:413,6
DA:414,1
DA:417,5
DA:419,5
DA:420,1
DA:425,4
DA:428,4
DA:429,0
DA:434,4
DA:435,1
DA:441,3
DA:442,3
DA:443,1
DA:448,2
DA:450,2
DA:456,2
DA:469,2
DA:479,3
DA:480,3
DA:482,3
DA:483,4
DA:484,1
DA:486,3
DA:489,3
DA:494,3
DA:495,2
DA:497,1
DA:500,2
DA:509,4
DA:522,4
DA:526,2
DA:530,2
DA:531,1
DA:534,1
DA:538,2
DA:555,2
DA:556,1
DA:559,1
DA:560,1
DA:572,3
DA:573,3
DA:575,3
DA:577,3
DA:578,2
DA:581,3
DA:582,1
DA:585,3
DA:586,2
DA:587,2
DA:595,3
DA:602,3
DA:606,3
DA:625,3
DA:627,3
DA:639,2
DA:660,2
DA:661,1
DA:664,1
DA:673,2
DA:678,2
DA:679,1
DA:682,1
DA:697,1
DA:698,1
DA:701,1
DA:712,11
DA:713,11
LF:174
LH:160
BRDA:88,0,0,2
BRDA:88,0,1,2
BRDA:95,1,0,4
BRDA:95,1,1,0
BRDA:127,2,0,0
BRDA:127,2,1,10
BRDA:127,3,0,10
BRDA:127,3,1,0
BRDA:127,3,2,0
BRDA:141,4,0,1
BRDA:141,4,1,9
BRDA:142,5,0,0
BRDA:142,5,1,10
BRDA:147,6,0,3
BRDA:147,6,1,7
BRDA:148,7,0,1
BRDA:148,7,1,2
BRDA:153,8,0,1
BRDA:153,8,1,1
BRDA:158,9,0,1
BRDA:158,9,1,0
BRDA:158,10,0,1
BRDA:158,10,1,1
BRDA:163,11,0,0
BRDA:163,11,1,0
BRDA:163,12,0,0
BRDA:163,12,1,0
BRDA:171,13,0,7
BRDA:171,13,1,0
BRDA:175,14,0,1
BRDA:175,14,1,6
BRDA:180,15,0,3
BRDA:180,15,1,3
BRDA:196,16,0,3
BRDA:196,16,1,0
BRDA:197,17,0,3
BRDA:197,17,1,3
BRDA:198,18,0,3
BRDA:198,18,1,3
BRDA:199,19,0,0
BRDA:199,19,1,3
BRDA:216,20,0,3
BRDA:216,20,1,2
BRDA:217,21,0,3
BRDA:217,21,1,2
BRDA:232,22,0,0
BRDA:232,22,1,3
BRDA:240,23,0,0
BRDA:240,23,1,0
BRDA:241,24,0,0
BRDA:241,24,1,0
BRDA:258,25,0,0
BRDA:258,25,1,3
BRDA:258,26,0,3
BRDA:258,26,1,0
BRDA:267,27,0,0
BRDA:267,27,1,3
BRDA:267,28,0,3
BRDA:267,28,1,0
BRDA:291,29,0,1
BRDA:291,29,1,7
BRDA:298,30,0,1
BRDA:298,30,1,6
BRDA:298,31,0,7
BRDA:298,31,1,7
BRDA:298,31,2,6
BRDA:305,32,0,0
BRDA:305,32,1,1
BRDA:306,33,0,1
BRDA:306,33,1,0
BRDA:307,34,0,0
BRDA:307,34,1,1
BRDA:314,35,0,1
BRDA:314,35,1,0
BRDA:315,36,0,0
BRDA:315,36,1,1
BRDA:315,37,0,1
BRDA:315,37,1,0
BRDA:320,38,0,1
BRDA:320,38,1,0
BRDA:320,39,0,1
BRDA:320,39,1,1
BRDA:325,40,0,0
BRDA:325,40,1,0
BRDA:325,41,0,0
BRDA:325,41,1,0
BRDA:334,42,0,4
BRDA:334,42,1,2
BRDA:334,43,0,6
BRDA:334,43,1,4
BRDA:336,44,0,2
BRDA:336,44,1,2
BRDA:342,45,0,1
BRDA:342,45,1,1
BRDA:348,46,0,1
BRDA:348,46,1,0
BRDA:352,47,0,0
BRDA:352,47,1,1
BRDA:357,48,0,1
BRDA:357,48,1,0
BRDA:367,49,0,0
BRDA:367,49,1,2
BRDA:375,50,0,0
BRDA:375,50,1,2
BRDA:376,51,0,0
BRDA:376,51,1,2
BRDA:377,52,0,0
BRDA:377,52,1,2
BRDA:379,53,0,0
BRDA:379,53,1,0
BRDA:389,54,0,2
BRDA:389,54,1,1
BRDA:390,55,0,2
BRDA:390,55,1,1
BRDA:413,56,0,1
BRDA:413,56,1,5
BRDA:419,57,0,1
BRDA:419,57,1,4
BRDA:428,58,0,0
BRDA:428,58,1,4
BRDA:434,59,0,1
BRDA:434,59,1,3
BRDA:442,60,0,1
BRDA:442,60,1,2
BRDA:457,61,0,2
BRDA:457,61,1,1
BRDA:458,62,0,2
BRDA:458,62,1,1
BRDA:483,63,0,1
BRDA:483,63,1,3
BRDA:494,64,0,2
BRDA:494,64,1,1
BRDA:494,65,0,3
BRDA:494,65,1,3
BRDA:494,65,2,1
BRDA:522,66,0,4
BRDA:522,66,1,2
BRDA:530,67,0,1
BRDA:530,67,1,1
BRDA:555,68,0,1
BRDA:555,68,1,1
BRDA:565,69,0,0
BRDA:566,70,0,0
BRDA:570,71,0,2
BRDA:571,72,0,2
BRDA:577,73,0,2
BRDA:577,73,1,1
BRDA:581,74,0,1
BRDA:581,74,1,2
BRDA:585,75,0,2
BRDA:585,75,1,1
BRDA:585,76,0,3
BRDA:585,76,1,2
BRDA:602,77,0,3
BRDA:602,77,1,0
BRDA:660,78,0,1
BRDA:660,78,1,1
BRDA:668,79,0,1
BRDA:668,79,1,0
BRDA:678,80,0,1
BRDA:678,80,1,1
BRDA:30,81,0,2
BRDA:30,81,1,0
BRDA:30,82,0,2
BRDA:30,82,1,2
BRDA:30,83,0,2
BRDA:30,83,1,0
BRDA:30,84,0,2
BRDA:30,84,1,2
BRDA:31,85,0,2
BRDA:31,85,1,0
BRDA:31,86,0,2
BRDA:31,86,1,2
BRDA:32,87,0,2
BRDA:32,87,1,0
BRDA:32,88,0,2
BRDA:32,88,1,2
BRDA:33,89,0,2
BRDA:33,89,1,0
BRDA:33,90,0,2
BRDA:33,90,1,2
BRDA:34,91,0,2
BRDA:34,91,1,0
BRDA:34,92,0,2
BRDA:34,92,1,2
BRF:185
BRH:132
end_of_record
TN:
SF:src\modules\members\dto\bank-details.dto.ts
FNF:0
FNH:0
DA:1,1
DA:2,1
DA:4,1
DA:8,1
DA:16,1
DA:21,1
DA:26,1
DA:34,1
LF:8
LH:8
BRF:0
BRH:0
end_of_record
TN:
SF:src\modules\members\dto\create-admin-member.dto.ts
FN:75,(anonymous_2)
FNF:1
FNH:0
FNDA:0,(anonymous_2)
DA:1,0
DA:2,0
DA:13,0
DA:14,0
DA:15,0
DA:17,0
DA:24,0
DA:29,0
DA:38,0
DA:46,0
DA:54,0
DA:62,0
DA:67,0
DA:75,0
DA:76,0
DA:81,0
DA:91,0
DA:96,0
LF:18
LH:0
BRDA:76,0,0,0
BRDA:76,0,1,0
BRDA:76,1,0,0
BRDA:76,1,1,0
BRDA:81,2,0,0
BRDA:81,2,1,0
BRDA:81,3,0,0
BRDA:81,3,1,0
BRDA:96,4,0,0
BRDA:96,4,1,0
BRDA:96,5,0,0
BRDA:96,5,1,0
BRF:12
BRH:0
end_of_record
TN:
SF:src\modules\members\dto\create-member.dto.ts
FN:77,(anonymous_2)
FNF:1
FNH:0
FNDA:0,(anonymous_2)
DA:1,0
DA:2,0
DA:13,0
DA:14,0
DA:15,0
DA:17,0
DA:21,0
DA:26,0
DA:31,0
DA:40,0
DA:48,0
DA:56,0
DA:64,0
DA:69,0
DA:77,0
DA:78,0
DA:83,0
DA:92,0
DA:97,0
DA:105,0
LF:20
LH:0
BRDA:78,0,0,0
BRDA:78,0,1,0
BRDA:78,1,0,0
BRDA:78,1,1,0
BRDA:83,2,0,0
BRDA:83,2,1,0
BRDA:83,3,0,0
BRDA:83,3,1,0
BRDA:97,4,0,0
BRDA:97,4,1,0
BRDA:97,5,0,0
BRDA:97,5,1,0
BRF:12
BRH:0
end_of_record
TN:
SF:src\modules\members\dto\member-change-password.dto.ts
FNF:0
FNH:0
DA:1,1
DA:8,1
DA:10,1
DA:14,1
DA:22,1
DA:36,1
LF:6
LH:6
BRF:0
BRH:0
end_of_record
TN:
SF:src\modules\members\dto\member-response.dto.ts
FNF:0
FNH:0
DA:1,1
DA:2,1
DA:3,1
DA:4,1
DA:6,1
DA:8,1
DA:11,1
DA:14,1
DA:17,1
DA:20,1
DA:23,1
DA:26,1
DA:29,1
DA:32,1
DA:35,1
DA:38,1
DA:41,1
DA:44,1
DA:47,1
DA:50,1
DA:53,1
LF:21
LH:21
BRDA:32,0,0,1
BRDA:32,0,1,0
BRDA:32,1,0,1
BRDA:32,1,1,1
BRDA:41,2,0,0
BRDA:41,2,1,1
BRDA:41,3,0,1
BRDA:41,3,1,1
BRDA:44,4,0,0
BRDA:44,4,1,1
BRDA:44,5,0,1
BRDA:44,5,1,1
BRDA:47,6,0,0
BRDA:47,6,1,1
BRDA:47,7,0,1
BRDA:47,7,1,1
BRDA:50,8,0,1
BRDA:50,8,1,0
BRDA:50,9,0,1
BRDA:50,9,1,1
BRDA:53,10,0,1
BRDA:53,10,1,0
BRDA:53,11,0,1
BRDA:53,11,1,1
BRF:24
BRH:18
end_of_record
TN:
SF:src\modules\members\dto\query-members.dto.ts
FN:9,(anonymous_2)
FN:16,(anonymous_3)
FNF:2
FNH:0
FNDA:0,(anonymous_2)
FNDA:0,(anonymous_3)
DA:1,0
DA:2,0
DA:3,0
DA:4,0
DA:6,0
DA:9,0
DA:12,0
DA:16,0
DA:19,0
DA:27,0
DA:32,0
DA:37,0
DA:42,0
DA:51,0
LF:14
LH:0
BRDA:32,0,0,0
BRDA:32,0,1,0
BRDA:32,1,0,0
BRDA:32,1,1,0
BRDA:37,2,0,0
BRDA:37,2,1,0
BRDA:37,3,0,0
BRDA:37,3,1,0
BRF:8
BRH:0
end_of_record
TN:
SF:src\modules\members\dto\reassign-referrer.dto.ts
FNF:0
FNH:0
DA:1,0
DA:2,0
DA:4,0
DA:12,0
DA:20,0
LF:5
LH:0
BRF:0
BRH:0
end_of_record
TN:
SF:src\modules\members\dto\update-member-profile.dto.ts
FNF:0
FNH:0
DA:1,1
DA:2,1
DA:4,1
DA:8,1
DA:13,1
DA:18,1
DA:23,1
DA:27,1
DA:32,1
DA:37,1
DA:41,1
LF:11
LH:11
BRDA:41,0,0,0
BRDA:41,0,1,1
BRDA:41,1,0,1
BRDA:41,1,1,0
BRF:4
BRH:2
end_of_record
TN:
SF:src\modules\members\dto\update-member.dto.ts
FNF:0
FNH:0
DA:1,0
DA:2,0
DA:3,0
DA:5,0
DA:13,0
LF:5
LH:0
BRF:0
BRH:0
end_of_record
TN:
SF:src\modules\members\dto\update-upi.dto.ts
FNF:0
FNH:0
DA:1,1
DA:2,1
DA:4,1
DA:14,1
DA:22,1
LF:5
LH:5
BRF:0
BRH:0
end_of_record
TN:
SF:src\modules\membership-commission\membership-commission.controller.ts
FN:36,(anonymous_4)
FN:52,(anonymous_5)
FN:73,(anonymous_6)
FN:90,(anonymous_7)
FN:104,(anonymous_8)
FN:127,(anonymous_9)
FNF:6
FNH:5
FNDA:5,(anonymous_4)
FNDA:1,(anonymous_5)
FNDA:1,(anonymous_6)
FNDA:1,(anonymous_7)
FNDA:0,(anonymous_8)
FNDA:2,(anonymous_9)
DA:1,1
DA:10,1
DA:18,1
DA:19,1
DA:20,1
DA:24,1
DA:25,1
DA:26,1
DA:27,1
DA:28,1
DA:29,1
DA:35,1
DA:37,5
DA:52,1
DA:55,1
DA:73,1
DA:77,1
DA:90,1
DA:91,1
DA:104,1
DA:107,0
DA:127,1
DA:131,2
DA:132,2
LF:24
LH:23
BRDA:56,0,0,0
BRDA:56,0,1,1
BRDA:131,1,0,2
BRDA:131,1,1,0
BRDA:54,2,0,1
BRDA:54,2,1,0
BRDA:54,3,0,1
BRDA:54,3,1,1
BRDA:74,4,0,1
BRDA:74,4,1,0
BRDA:74,5,0,1
BRDA:74,5,1,1
BRDA:76,6,0,1
BRDA:76,6,1,0
BRDA:76,7,0,1
BRDA:76,7,1,1
BRDA:90,8,0,1
BRDA:90,8,1,0
BRDA:90,9,0,1
BRDA:90,9,1,1
BRDA:106,10,0,1
BRDA:106,10,1,0
BRDA:106,11,0,1
BRDA:106,11,1,1
BRDA:130,12,0,1
BRDA:130,12,1,0
BRDA:130,13,0,1
BRDA:130,13,1,1
BRDA:37,14,0,1
BRDA:37,14,1,0
BRDA:37,15,0,1
BRDA:37,15,1,1
BRF:32
BRH:23
end_of_record
TN:
SF:src\modules\membership-commission\membership-commission.module.ts
FNF:0
FNH:0
DA:1,0
DA:2,0
DA:3,0
DA:4,0
DA:5,0
DA:13,0
LF:6
LH:0
BRF:0
BRH:0
end_of_record
TN:
SF:src\modules\membership-commission\membership-commission.service.ts
FN:32,(anonymous_2)
FN:43,(anonymous_3)
FN:51,(anonymous_4)
FN:77,(anonymous_5)
FN:85,(anonymous_6)
FN:100,(anonymous_7)
FN:127,(anonymous_8)
FN:174,(anonymous_9)
FN:187,(anonymous_10)
FN:207,(anonymous_11)
FN:230,(anonymous_12)
FN:272,(anonymous_13)
FN:363,(anonymous_14)
FN:369,(anonymous_15)
FN:380,(anonymous_16)
FN:431,(anonymous_17)
FN:451,(anonymous_18)
FN:477,(anonymous_19)
FNF:18
FNH:16
FNDA:70,(anonymous_2)
FNDA:20,(anonymous_3)
FNDA:12,(anonymous_4)
FNDA:2,(anonymous_5)
FNDA:220,(anonymous_6)
FNDA:4,(anonymous_7)
FNDA:2,(anonymous_8)
FNDA:5,(anonymous_9)
FNDA:11,(anonymous_10)
FNDA:1,(anonymous_11)
FNDA:180,(anonymous_12)
FNDA:0,(anonymous_13)
FNDA:77,(anonymous_14)
FNDA:2,(anonymous_15)
FNDA:1,(anonymous_16)
FNDA:3,(anonymous_17)
FNDA:0,(anonymous_18)
FNDA:81,(anonymous_19)
DA:1,5
DA:7,5
DA:8,5
DA:9,5
DA:17,5
DA:32,70
DA:40,5
DA:41,20
DA:44,20
DA:45,20
DA:55,12
DA:56,12
DA:58,12
DA:59,12
DA:65,12
DA:66,1
DA:70,12
DA:71,1
DA:76,1
DA:77,2
DA:85,220
DA:104,4
DA:106,4
DA:107,0
DA:112,4
DA:113,4
DA:114,8
DA:115,1
DA:119,7
DA:120,1
DA:124,6
DA:127,2
DA:128,2
DA:130,2
DA:137,2
DA:138,2
DA:139,5
DA:159,5
DA:162,2
DA:174,5
DA:192,11
DA:195,11
DA:199,11
DA:200,1
DA:203,1
DA:207,1
DA:211,10
DA:216,10
DA:217,0
DA:220,10
DA:221,1
DA:224,1
DA:228,9
DA:229,9
DA:230,9
DA:231,180
DA:241,9
DA:243,9
DA:244,9
DA:245,0
DA:271,0
DA:272,0
DA:282,0
DA:288,9
DA:289,9
DA:290,9
DA:291,9
DA:293,9
DA:294,78
DA:295,1
DA:298,1
DA:300,77
DA:302,77
DA:312,77
DA:314,77
DA:322,77
DA:323,77
DA:329,9
DA:331,9
DA:332,77
DA:334,77
DA:336,77
DA:337,77
DA:340,77
DA:344,77
DA:355,77
DA:359,9
DA:363,77
DA:374,2
DA:390,1
DA:392,1
DA:393,1
DA:395,1
DA:396,1
DA:398,1
DA:399,0
DA:401,1
DA:402,0
DA:404,1
DA:405,0
DA:408,1
DA:409,1
DA:413,1
DA:431,3
DA:437,1
DA:452,0
DA:464,0
DA:465,0
DA:470,0
DA:478,81
LF:110
LH:97
BRDA:55,0,0,12
BRDA:55,0,1,12
BRDA:58,1,0,12
BRDA:58,1,1,0
BRDA:65,2,0,1
BRDA:65,2,1,11
BRDA:70,3,0,1
BRDA:70,3,1,11
BRDA:76,4,0,1
BRDA:76,4,1,0
BRDA:104,5,0,2
BRDA:106,6,0,0
BRDA:106,6,1,4
BRDA:106,7,0,4
BRDA:106,7,1,4
BRDA:114,8,0,1
BRDA:114,8,1,7
BRDA:114,9,0,8
BRDA:114,9,1,8
BRDA:119,10,0,1
BRDA:119,10,1,6
BRDA:128,11,0,2
BRDA:128,11,1,0
BRDA:163,12,0,2
BRDA:163,12,1,0
BRDA:189,13,0,0
BRDA:192,14,0,11
BRDA:192,14,1,11
BRDA:199,15,0,1
BRDA:199,15,1,10
BRDA:216,16,0,0
BRDA:216,16,1,10
BRDA:220,17,0,1
BRDA:220,17,1,9
BRDA:244,18,0,0
BRDA:244,18,1,9
BRDA:271,19,0,0
BRDA:271,19,1,0
BRDA:271,20,0,0
BRDA:271,20,1,0
BRDA:288,21,0,9
BRDA:288,21,1,0
BRDA:293,22,0,86
BRDA:293,22,1,80
BRDA:294,23,0,1
BRDA:294,23,1,77
BRDA:312,24,0,0
BRDA:312,24,1,77
BRDA:332,25,0,0
BRDA:332,25,1,77
BRDA:334,26,0,77
BRDA:334,26,1,0
BRDA:336,27,0,77
BRDA:336,27,1,0
BRDA:340,28,0,76
BRDA:340,28,1,1
BRDA:340,29,0,77
BRDA:340,29,1,73
BRDA:371,30,0,0
BRDA:382,31,0,1
BRDA:383,32,0,1
BRDA:388,33,0,1
BRDA:389,34,0,1
BRDA:395,35,0,1
BRDA:395,35,1,0
BRDA:398,36,0,0
BRDA:398,36,1,1
BRDA:401,37,0,0
BRDA:401,37,1,1
BRDA:404,38,0,0
BRDA:404,38,1,1
BRDA:409,39,0,1
BRDA:409,39,1,0
BRDA:464,40,0,0
BRDA:464,40,1,0
BRDA:44,41,0,5
BRDA:44,41,1,0
BRDA:44,42,0,5
BRDA:44,42,1,5
BRDA:44,43,0,5
BRDA:44,43,1,0
BRDA:44,44,0,5
BRDA:44,44,1,5
BRF:83
BRH:56
end_of_record
TN:
SF:src\modules\membership-commission\dto\create-membership-commission.dto.ts
FN:40,(anonymous_2)
FN:46,(anonymous_3)
FNF:2
FNH:0
FNDA:0,(anonymous_2)
FNDA:0,(anonymous_3)
DA:1,0
DA:2,0
DA:11,0
DA:12,0
DA:14,0
DA:21,0
DA:29,0
DA:37,0
DA:40,0
DA:43,0
DA:46,0
DA:49,0
DA:57,0
LF:13
LH:0
BRDA:57,0,0,0
BRDA:57,0,1,0
BRDA:57,1,0,0
BRDA:57,1,1,0
BRF:4
BRH:0
end_of_record
TN:
SF:src\modules\membership-commission\dto\membership-commission-config.dto.ts
FN:24,(anonymous_2)
FN:51,(anonymous_3)
FNF:2
FNH:0
FNDA:0,(anonymous_2)
FNDA:0,(anonymous_3)
DA:1,1
DA:2,1
DA:14,1
DA:16,1
DA:21,1
DA:24,0
DA:28,1
DA:33,1
DA:36,1
DA:43,1
DA:51,0
DA:52,1
DA:60,1
DA:63,1
DA:65,1
DA:68,1
DA:71,1
DA:74,1
DA:77,1
DA:80,1
DA:83,1
DA:86,1
LF:22
LH:20
BRDA:83,0,0,1
BRDA:83,0,1,0
BRDA:83,1,0,1
BRDA:83,1,1,1
BRDA:86,2,0,1
BRDA:86,2,1,0
BRDA:86,3,0,1
BRDA:86,3,1,1
BRF:8
BRH:6
end_of_record
TN:
SF:src\modules\membership-commission\dto\membership-commission-response.dto.ts
FNF:0
FNH:0
DA:1,1
DA:2,1
DA:4,1
DA:6,1
DA:9,1
DA:12,1
DA:15,1
DA:18,1
DA:21,1
DA:24,1
DA:27,1
DA:30,1
LF:12
LH:12
BRDA:24,0,0,0
BRDA:24,0,1,1
BRDA:24,1,0,1
BRDA:24,1,1,1
BRDA:27,2,0,1
BRDA:27,2,1,0
BRDA:27,3,0,1
BRDA:27,3,1,1
BRDA:30,4,0,1
BRDA:30,4,1,0
BRDA:30,5,0,1
BRDA:30,5,1,1
BRF:12
BRH:9
end_of_record
TN:
SF:src\modules\membership-commission\dto\query-membership-commission.dto.ts
FN:16,(anonymous_2)
FN:23,(anonymous_3)
FN:44,(anonymous_4)
FNF:3
FNH:0
FNDA:0,(anonymous_2)
FNDA:0,(anonymous_3)
FNDA:0,(anonymous_4)
DA:1,1
DA:2,1
DA:10,1
DA:11,1
DA:13,1
DA:16,0
DA:19,1
DA:23,0
DA:26,1
DA:33,1
DA:40,1
DA:44,0
DA:47,1
DA:55,1
DA:63,1
DA:68,1
LF:16
LH:13
BRDA:55,0,0,0
BRDA:55,0,1,1
BRDA:55,1,0,1
BRDA:55,1,1,1
BRF:4
BRH:3
end_of_record
TN:
SF:src\modules\notifications\notifications.module.ts
FNF:0
FNH:0
DA:1,0
DA:2,0
DA:3,0
DA:4,0
DA:5,0
DA:12,0
LF:6
LH:0
BRF:0
BRH:0
end_of_record
TN:
SF:src\modules\notifications\notifications.service.ts
FN:26,(anonymous_4)
FN:36,(anonymous_5)
FNF:2
FNH:0
FNDA:0,(anonymous_4)
FNDA:0,(anonymous_5)
DA:1,4
DA:2,4
DA:3,4
DA:4,4
DA:5,4
DA:23,4
DA:24,0
DA:27,0
DA:28,0
DA:29,0
DA:52,0
DA:54,0
DA:61,0
DA:62,0
DA:68,0
DA:69,0
DA:70,0
DA:81,0
DA:88,0
DA:89,0
DA:95,0
LF:21
LH:6
BRDA:51,0,0,0
BRDA:61,1,0,0
BRDA:61,1,1,0
BRDA:68,2,0,0
BRDA:68,2,1,0
BRDA:68,3,0,0
BRDA:68,3,1,0
BRDA:69,4,0,0
BRDA:69,4,1,0
BRDA:88,5,0,0
BRDA:88,5,1,0
BRDA:88,6,0,0
BRDA:88,6,1,0
BRDA:27,7,0,4
BRDA:27,7,1,0
BRDA:27,8,0,4
BRDA:27,8,1,4
BRDA:27,9,0,4
BRDA:27,9,1,0
BRDA:27,10,0,4
BRDA:27,10,1,4
BRDA:28,11,0,4
BRDA:28,11,1,0
BRDA:28,12,0,4
BRDA:28,12,1,4
BRF:25
BRH:9
end_of_record
TN:
SF:src\modules\otp\otp.controller.ts
FN:10,(anonymous_4)
FN:20,(anonymous_5)
FN:32,(anonymous_6)
FNF:3
FNH:0
FNDA:0,(anonymous_4)
FNDA:0,(anonymous_5)
FNDA:0,(anonymous_6)
DA:1,0
DA:2,0
DA:3,0
DA:4,0
DA:5,0
DA:9,0
DA:10,0
DA:20,0
DA:21,0
DA:32,0
DA:33,0
LF:11
LH:0
BRDA:20,0,0,0
BRDA:20,0,1,0
BRDA:20,1,0,0
BRDA:20,1,1,0
BRDA:32,2,0,0
BRDA:32,2,1,0
BRDA:32,3,0,0
BRDA:32,3,1,0
BRDA:10,4,0,0
BRDA:10,4,1,0
BRDA:10,5,0,0
BRDA:10,5,1,0
BRF:12
BRH:0
end_of_record
TN:
SF:src\modules\otp\otp.module.ts
FNF:0
FNH:0
DA:1,0
DA:2,0
DA:3,0
DA:4,0
DA:5,0
DA:13,0
LF:6
LH:0
BRF:0
BRH:0
end_of_record
TN:
SF:src\modules\otp\otp.service.ts
FN:16,(anonymous_11)
FN:24,(anonymous_12)
FN:85,(anonymous_13)
FNF:3
FNH:3
FNDA:4,(anonymous_11)
FNDA:2,(anonymous_12)
FNDA:1,(anonymous_13)
DA:1,5
DA:2,5
DA:3,5
DA:4,5
DA:5,5
DA:10,5
DA:11,4
DA:12,4
DA:13,4
DA:14,4
DA:17,4
DA:18,4
DA:27,2
DA:28,2
DA:31,2
DA:40,2
DA:41,1
DA:45,1
DA:46,1
DA:47,1
DA:54,1
DA:55,1
DA:56,1
DA:59,1
DA:69,1
DA:71,1
DA:75,1
DA:88,1
DA:89,1
DA:92,1
DA:102,1
DA:103,1
DA:108,0
DA:110,0
DA:115,0
DA:120,0
DA:122,0
DA:123,0
DA:129,0
DA:130,0
DA:136,0
DA:141,0
DA:145,0
LF:43
LH:32
BRDA:40,0,0,1
BRDA:40,0,1,1
BRDA:45,1,0,1
BRDA:45,1,1,0
BRDA:102,2,0,1
BRDA:102,2,1,0
BRDA:108,3,0,0
BRDA:108,3,1,0
BRDA:122,4,0,0
BRDA:122,4,1,0
BRDA:17,5,0,5
BRDA:17,5,1,0
BRDA:17,6,0,5
BRDA:17,6,1,5
BRDA:17,7,0,5
BRDA:17,7,1,0
BRDA:17,8,0,5
BRDA:17,8,1,5
BRF:18
BRH:10
end_of_record
TN:
SF:src\modules\otp\dto\send-otp.dto.ts
FNF:0
FNH:0
DA:1,0
DA:2,0
DA:3,0
DA:5,0
DA:12,0
DA:21,0
LF:6
LH:0
BRDA:21,0,0,0
BRDA:21,0,1,0
BRDA:21,1,0,0
BRDA:21,1,1,0
BRF:4
BRH:0
end_of_record
TN:
SF:src\modules\otp\dto\verify-otp.dto.ts
FNF:0
FNH:0
DA:1,0
DA:2,0
DA:3,0
DA:5,0
DA:12,0
DA:21,0
DA:30,0
LF:7
LH:0
BRDA:30,0,0,0
BRDA:30,0,1,0
BRDA:30,1,0,0
BRDA:30,1,1,0
BRF:4
BRH:0
end_of_record
TN:
SF:src\modules\otp\enums\otp-purpose.enum.ts
FN:1,(anonymous_0)
FNF:1
FNH:1
FNDA:5,(anonymous_0)
DA:1,5
DA:2,5
DA:3,5
DA:4,5
DA:5,5
LF:5
LH:5
BRDA:1,0,0,5
BRDA:1,0,1,5
BRF:2
BRH:2
end_of_record
TN:
SF:src\modules\promotions\promotions.controller.ts
FN:27,(anonymous_4)
FN:33,(anonymous_5)
FN:42,(anonymous_6)
FN:67,(anonymous_7)
FNF:4
FNH:0
FNDA:0,(anonymous_4)
FNDA:0,(anonymous_5)
FNDA:0,(anonymous_6)
FNDA:0,(anonymous_7)
DA:1,0
DA:10,0
DA:16,0
DA:17,0
DA:18,0
DA:19,0
DA:20,0
DA:26,0
DA:27,0
DA:33,0
DA:34,0
DA:35,0
DA:42,0
DA:46,0
DA:47,0
DA:49,0
DA:54,0
DA:59,0
DA:67,0
DA:68,0
LF:20
LH:0
BRDA:34,0,0,0
BRDA:34,0,1,0
BRDA:46,1,0,0
BRDA:46,1,1,0
BRDA:49,2,0,0
BRDA:49,2,1,0
BRDA:50,3,0,0
BRDA:50,3,1,0
BRDA:50,3,2,0
BRDA:27,4,0,0
BRDA:27,4,1,0
BRDA:27,5,0,0
BRDA:27,5,1,0
BRF:13
BRH:0
end_of_record
TN:
SF:src\modules\promotions\promotions.module.ts
FNF:0
FNH:0
DA:1,0
DA:2,0
DA:3,0
DA:4,0
DA:5,0
DA:13,0
LF:6
LH:0
BRF:0
BRH:0
end_of_record
TN:
SF:src\modules\promotions\promotions.service.ts
FN:11,(anonymous_4)
FN:34,calculateRankFromReferralCount
FN:46,(anonymous_6)
FN:54,(anonymous_7)
FN:144,(anonymous_8)
FN:230,(anonymous_9)
FNF:6
FNH:5
FNDA:4,(anonymous_4)
FNDA:15,calculateRankFromReferralCount
FNDA:13,(anonymous_6)
FNDA:6,(anonymous_7)
FNDA:2,(anonymous_8)
FNDA:0,(anonymous_9)
DA:1,4
DA:7,4
DA:8,4
DA:9,4
DA:11,4
DA:12,4
DA:13,4
DA:14,4
DA:15,4
DA:16,4
DA:19,4
DA:26,4
DA:34,4
DA:35,15
DA:36,12
DA:37,9
DA:38,6
DA:39,3
DA:43,4
DA:44,13
DA:47,13
DA:48,13
DA:58,6
DA:60,6
DA:71,6
DA:72,1
DA:75,5
DA:82,5
DA:85,5
DA:86,5
DA:88,5
DA:90,4
DA:92,4
DA:97,4
DA:106,4
DA:110,4
DA:111,4
DA:124,4
DA:133,1
DA:145,2
DA:156,2
DA:157,0
DA:160,2
DA:167,2
DA:168,2
DA:169,2
DA:170,2
DA:172,2
DA:173,1
DA:174,1
DA:175,1
DA:176,1
DA:177,0
DA:178,0
DA:179,0
DA:180,1
DA:181,0
DA:182,0
DA:183,0
DA:184,1
DA:185,0
DA:186,0
DA:187,0
DA:188,1
DA:189,1
DA:190,1
DA:191,1
DA:195,2
DA:197,2
DA:198,2
DA:199,1
DA:200,1
DA:201,1
DA:207,2
DA:212,2
DA:231,0
DA:235,0
DA:236,0
DA:238,0
DA:239,0
DA:240,0
DA:241,0
DA:242,0
DA:252,0
LF:84
LH:65
BRDA:11,0,0,4
BRDA:11,0,1,4
BRDA:35,1,0,3
BRDA:35,1,1,12
BRDA:36,2,0,3
BRDA:36,2,1,9
BRDA:37,3,0,3
BRDA:37,3,1,6
BRDA:38,4,0,3
BRDA:38,4,1,3
BRDA:58,5,0,6
BRDA:58,5,1,6
BRDA:71,6,0,1
BRDA:71,6,1,5
BRDA:85,7,0,5
BRDA:85,7,1,2
BRDA:86,8,0,5
BRDA:86,8,1,1
BRDA:88,9,0,4
BRDA:88,9,1,1
BRDA:110,10,0,4
BRDA:110,10,1,0
BRDA:110,11,0,4
BRDA:110,11,1,4
BRDA:156,12,0,0
BRDA:156,12,1,2
BRDA:167,13,0,2
BRDA:167,13,1,0
BRDA:172,14,0,1
BRDA:172,14,1,1
BRDA:176,15,0,0
BRDA:176,15,1,1
BRDA:180,16,0,0
BRDA:180,16,1,1
BRDA:184,17,0,0
BRDA:184,17,1,1
BRDA:188,18,0,1
BRDA:188,18,1,0
BRDA:195,19,0,1
BRDA:195,19,1,1
BRDA:198,20,0,1
BRDA:198,20,1,1
BRDA:240,21,0,0
BRDA:240,21,1,0
BRDA:47,22,0,4
BRDA:47,22,1,0
BRDA:47,23,0,4
BRDA:47,23,1,4
BRDA:47,24,0,4
BRDA:47,24,1,0
BRDA:47,25,0,4
BRDA:47,25,1,4
BRF:52
BRH:41
end_of_record
TN:
SF:src\modules\reports\admin-earnings-membership.controller.ts
FN:23,(anonymous_4)
FN:36,(anonymous_5)
FN:51,(anonymous_6)
FN:66,(anonymous_7)
FNF:4
FNH:4
FNDA:5,(anonymous_4)
FNDA:1,(anonymous_5)
FNDA:1,(anonymous_6)
FNDA:1,(anonymous_7)
DA:1,1
DA:2,1
DA:8,1
DA:9,1
DA:10,1
DA:11,1
DA:12,1
DA:13,1
DA:14,1
DA:15,1
DA:22,1
DA:23,5
DA:36,1
DA:37,1
DA:51,1
DA:52,1
DA:66,1
DA:67,1
LF:18
LH:18
BRDA:36,0,0,1
BRDA:36,0,1,0
BRDA:36,1,0,1
BRDA:36,1,1,1
BRDA:51,2,0,1
BRDA:51,2,1,0
BRDA:51,3,0,1
BRDA:51,3,1,1
BRDA:66,4,0,1
BRDA:66,4,1,0
BRDA:66,5,0,1
BRDA:66,5,1,1
BRDA:23,6,0,1
BRDA:23,6,1,0
BRDA:23,7,0,1
BRDA:23,7,1,1
BRF:16
BRH:12
end_of_record
TN:
SF:src\modules\reports\admin-earnings-repurchase.controller.ts
FN:23,(anonymous_4)
FN:36,(anonymous_5)
FN:53,(anonymous_6)
FN:70,(anonymous_7)
FNF:4
FNH:0
FNDA:0,(anonymous_4)
FNDA:0,(anonymous_5)
FNDA:0,(anonymous_6)
FNDA:0,(anonymous_7)
DA:1,0
DA:2,0
DA:8,0
DA:9,0
DA:10,0
DA:11,0
DA:12,0
DA:13,0
DA:14,0
DA:15,0
DA:22,0
DA:23,0
DA:36,0
DA:39,0
DA:53,0
DA:56,0
DA:70,0
DA:73,0
LF:18
LH:0
BRDA:37,0,0,0
BRDA:37,0,1,0
BRDA:37,1,0,0
BRDA:37,1,1,0
BRDA:54,2,0,0
BRDA:54,2,1,0
BRDA:54,3,0,0
BRDA:54,3,1,0
BRDA:71,4,0,0
BRDA:71,4,1,0
BRDA:71,5,0,0
BRDA:71,5,1,0
BRDA:23,6,0,0
BRDA:23,6,1,0
BRDA:23,7,0,0
BRDA:23,7,1,0
BRF:16
BRH:0
end_of_record
TN:
SF:src\modules\reports\admin-reports.controller.ts
FN:41,(anonymous_13)
FN:65,(anonymous_14)
FN:80,(anonymous_15)
FN:95,(anonymous_16)
FN:109,(anonymous_17)
FN:144,(anonymous_18)
FN:184,(anonymous_19)
FN:218,(anonymous_20)
FN:245,(anonymous_21)
FNF:9
FNH:9
FNDA:15,(anonymous_13)
FNDA:4,(anonymous_14)
FNDA:1,(anonymous_15)
FNDA:1,(anonymous_16)
FNDA:2,(anonymous_17)
FNDA:1,(anonymous_18)
FNDA:1,(anonymous_19)
FNDA:1,(anonymous_20)
FNDA:1,(anonymous_21)
DA:1,2
DA:12,2
DA:19,2
DA:20,2
DA:23,2
DA:24,2
DA:25,2
DA:26,2
DA:27,2
DA:28,2
DA:29,2
DA:30,2
DA:31,2
DA:38,2
DA:39,15
DA:42,15
DA:43,15
DA:44,15
DA:47,15
DA:49,15
DA:50,0
DA:65,2
DA:66,4
DA:80,2
DA:81,1
DA:95,2
DA:96,1
DA:109,2
DA:110,2
DA:112,2
DA:113,1
DA:116,1
DA:120,1
DA:126,1
DA:127,1
DA:128,1
DA:129,1
DA:144,2
DA:148,1
DA:150,1
DA:151,0
DA:154,1
DA:158,1
DA:164,1
DA:165,1
DA:169,1
DA:170,1
DA:184,2
DA:185,1
DA:186,0
DA:193,1
DA:194,1
DA:195,0
DA:198,1
DA:199,1
DA:201,1
DA:218,2
DA:222,1
DA:223,1
DA:225,1
DA:226,0
DA:231,1
DA:233,1
DA:237,1
DA:238,1
DA:242,1
DA:251,1
DA:253,1
DA:254,1
DA:255,1
DA:263,1
DA:264,1
DA:266,1
DA:280,0
DA:285,0
DA:297,0
DA:298,0
DA:299,0
DA:300,0
DA:302,0
LF:80
LH:68
BRDA:49,0,0,0
BRDA:49,0,1,15
BRDA:110,1,0,2
BRDA:110,1,1,0
BRDA:112,2,0,1
BRDA:112,2,1,1
BRDA:148,3,0,1
BRDA:148,3,1,0
BRDA:150,4,0,0
BRDA:150,4,1,1
BRDA:185,5,0,0
BRDA:185,5,1,1
BRDA:194,6,0,0
BRDA:194,6,1,1
BRDA:205,7,0,1
BRDA:205,7,1,0
BRDA:206,8,0,1
BRDA:206,8,1,1
BRDA:225,9,0,0
BRDA:225,9,1,1
BRDA:233,10,0,1
BRDA:233,10,1,0
BRDA:253,11,0,1
BRDA:253,11,1,0
BRDA:263,12,0,1
BRDA:263,12,1,0
BRDA:285,13,0,0
BRDA:285,13,1,0
BRDA:297,14,0,0
BRDA:297,14,1,0
BRDA:65,15,0,2
BRDA:65,15,1,0
BRDA:65,16,0,2
BRDA:65,16,1,2
BRDA:80,17,0,2
BRDA:80,17,1,0
BRDA:80,18,0,2
BRDA:80,18,1,2
BRDA:95,19,0,2
BRDA:95,19,1,0
BRDA:95,20,0,2
BRDA:95,20,1,2
BRDA:109,21,0,2
BRDA:109,21,1,0
BRDA:109,22,0,2
BRDA:109,22,1,2
BRDA:145,23,0,2
BRDA:145,23,1,0
BRDA:145,24,0,2
BRDA:145,24,1,2
BRDA:42,25,0,2
BRDA:42,25,1,0
BRDA:42,26,0,2
BRDA:42,26,1,2
BRDA:42,27,0,2
BRDA:42,27,1,0
BRDA:42,28,0,2
BRDA:42,28,1,2
BRDA:43,29,0,2
BRDA:43,29,1,0
BRDA:43,30,0,2
BRDA:43,30,1,2
BRF:62
BRH:39
end_of_record
TN:
SF:src\modules\reports\admin-reports.service.ts
FN:13,(anonymous_2)
FN:18,(anonymous_3)
FN:37,(anonymous_4)
FN:67,(anonymous_5)
FN:97,(anonymous_6)
FN:157,(anonymous_7)
FN:165,(anonymous_8)
FN:174,(anonymous_9)
FN:203,(anonymous_10)
FN:268,(anonymous_11)
FN:276,(anonymous_12)
FN:283,(anonymous_13)
FN:317,(anonymous_14)
FN:386,(anonymous_15)
FN:393,(anonymous_16)
FN:400,(anonymous_17)
FN:427,(anonymous_18)
FNF:17
FNH:17
FNDA:7,(anonymous_2)
FNDA:6,(anonymous_3)
FNDA:10,(anonymous_4)
FNDA:14,(anonymous_5)
FNDA:3,(anonymous_6)
FNDA:6,(anonymous_7)
FNDA:3,(anonymous_8)
FNDA:3,(anonymous_9)
FNDA:3,(anonymous_10)
FNDA:3,(anonymous_11)
FNDA:3,(anonymous_12)
FNDA:3,(anonymous_13)
FNDA:4,(anonymous_14)
FNDA:4,(anonymous_15)
FNDA:4,(anonymous_16)
FNDA:4,(anonymous_17)
FNDA:2,(anonymous_18)
DA:1,2
DA:2,2
DA:3,2
DA:7,2
DA:12,2
DA:13,7
DA:19,6
DA:20,6
DA:22,1
DA:24,1
DA:26,2
DA:28,2
DA:30,0
DA:42,10
DA:43,10
DA:46,10
DA:47,0
DA:48,0
DA:50,10
DA:51,10
DA:52,6
DA:53,4
DA:54,3
DA:55,1
DA:56,1
DA:58,10
DA:61,10
DA:68,14
DA:69,14
DA:70,14
DA:72,14
DA:73,8
DA:76,6
DA:77,2
DA:81,4
DA:82,4
DA:83,4
DA:84,4
DA:85,4
DA:86,4
DA:87,0
DA:90,4
DA:91,4
DA:101,3
DA:102,3
DA:103,3
DA:109,3
DA:117,3
DA:150,3
DA:157,3
DA:158,6
DA:161,3
DA:165,3
DA:166,3
DA:167,3
DA:168,3
DA:169,3
DA:170,3
DA:171,3
DA:174,3
DA:181,3
DA:207,3
DA:208,3
DA:209,3
DA:215,3
DA:229,3
DA:263,3
DA:264,3
DA:265,3
DA:267,3
DA:268,3
DA:269,3
DA:270,3
DA:271,3
DA:272,3
DA:273,3
DA:276,3
DA:283,3
DA:293,3
DA:321,4
DA:327,4
DA:330,4
DA:333,4
DA:343,4
DA:373,4
DA:374,4
DA:375,4
DA:376,4
DA:377,4
DA:378,4
DA:379,4
DA:381,4
DA:386,4
DA:387,4
DA:388,4
DA:389,4
DA:390,4
DA:393,4
DA:394,4
DA:395,4
DA:396,4
DA:397,4
DA:400,4
DA:407,4
DA:431,2
DA:437,2
DA:438,2
DA:439,2
DA:442,2
DA:446,2
LF:110
LH:106
BRDA:20,0,0,1
BRDA:20,0,1,1
BRDA:20,0,2,2
BRDA:20,0,3,2
BRDA:20,0,4,0
BRDA:42,1,0,0
BRDA:42,1,1,10
BRDA:46,2,0,0
BRDA:46,2,1,10
BRDA:51,3,0,6
BRDA:51,3,1,4
BRDA:53,4,0,3
BRDA:53,4,1,1
BRDA:55,5,0,1
BRDA:55,5,1,0
BRDA:72,6,0,8
BRDA:72,6,1,6
BRDA:76,7,0,2
BRDA:76,7,1,4
BRDA:86,8,0,0
BRDA:86,8,1,4
BRDA:101,9,0,3
BRDA:101,10,0,3
BRDA:167,11,0,3
BRDA:167,11,1,3
BRDA:169,12,0,3
BRDA:169,12,1,0
BRDA:170,13,0,0
BRDA:170,13,1,3
BRDA:207,14,0,3
BRDA:207,15,0,3
BRDA:263,16,0,3
BRDA:263,16,1,0
BRDA:264,17,0,3
BRDA:264,17,1,0
BRDA:265,18,0,3
BRDA:265,18,1,0
BRDA:270,19,0,3
BRDA:270,19,1,3
BRDA:280,20,0,3
BRDA:280,20,1,0
BRDA:373,21,0,4
BRDA:373,21,1,0
BRDA:374,22,0,4
BRDA:374,22,1,0
BRDA:376,23,0,4
BRDA:376,23,1,0
BRDA:377,24,0,4
BRDA:377,24,1,0
BRDA:378,25,0,4
BRDA:378,25,1,0
BRDA:379,26,0,4
BRDA:379,26,1,0
BRDA:388,27,0,4
BRDA:388,27,1,4
BRDA:395,28,0,4
BRDA:395,28,1,0
BRDA:442,29,0,2
BRDA:442,29,1,0
BRDA:451,30,0,2
BRDA:451,30,1,0
BRDA:13,31,0,2
BRDA:13,31,1,0
BRDA:13,32,0,2
BRDA:13,32,1,2
BRF:65
BRH:44
end_of_record
TN:
SF:src\modules\reports\excel-export.service.ts
FN:13,(anonymous_10)
FN:71,(anonymous_11)
FN:108,(anonymous_12)
FN:112,(anonymous_13)
FN:124,(anonymous_14)
FN:128,(anonymous_15)
FN:148,(anonymous_16)
FN:150,(anonymous_17)
FNF:8
FNH:8
FNDA:2,(anonymous_10)
FNDA:6,(anonymous_11)
FNDA:6,(anonymous_12)
FNDA:6,(anonymous_13)
FNDA:2,(anonymous_14)
FNDA:6,(anonymous_15)
FNDA:12,(anonymous_16)
FNDA:132,(anonymous_17)
DA:1,2
DA:2,2
DA:7,2
DA:8,15
DA:18,2
DA:19,2
DA:20,2
DA:22,2
DA:23,2
DA:26,2
DA:27,2
DA:28,2
DA:29,2
DA:35,2
DA:40,2
DA:41,2
DA:44,2
DA:45,2
DA:46,2
DA:49,2
DA:50,2
DA:51,2
DA:52,2
DA:54,2
DA:57,2
DA:58,2
DA:59,2
DA:64,2
DA:66,2
DA:67,2
DA:68,6
DA:69,6
DA:71,6
DA:72,6
DA:73,6
DA:74,6
DA:75,6
DA:76,6
DA:79,2
DA:84,2
DA:85,2
DA:91,2
DA:92,2
DA:95,2
DA:100,2
DA:102,2
DA:103,2
DA:106,2
DA:107,2
DA:108,2
DA:109,6
DA:110,6
DA:112,6
DA:113,6
DA:114,6
DA:119,6
DA:121,2
DA:124,2
DA:125,2
DA:126,2
DA:128,2
DA:129,6
DA:130,6
DA:131,6
DA:132,0
DA:134,6
DA:136,6
DA:137,0
DA:144,2
DA:148,2
DA:149,12
DA:150,12
DA:151,132
DA:152,132
DA:154,12
DA:158,2
DA:159,2
LF:77
LH:75
BRDA:46,0,0,2
BRDA:46,0,1,0
BRDA:57,1,0,2
BRDA:57,1,1,0
BRDA:68,2,0,0
BRDA:68,2,1,6
BRDA:84,3,0,2
BRDA:84,3,1,2
BRDA:85,4,0,2
BRDA:85,4,1,0
BRDA:87,5,0,0
BRDA:87,5,1,0
BRDA:91,6,0,2
BRDA:91,6,1,0
BRDA:92,7,0,2
BRDA:92,7,1,0
BRDA:131,8,0,0
BRDA:131,8,1,6
BRDA:131,9,0,6
BRDA:131,9,1,0
BRDA:132,10,0,0
BRDA:132,10,1,0
BRDA:132,10,2,0
BRDA:136,11,0,0
BRDA:136,11,1,6
BRDA:151,12,0,52
BRDA:151,12,1,80
BRDA:152,13,0,24
BRDA:152,13,1,108
BRF:29
BRH:15
end_of_record
TN:
SF:src\modules\reports\member-activity.controller.ts
FN:18,(anonymous_4)
FN:33,(anonymous_5)
FNF:2
FNH:2
FNDA:4,(anonymous_4)
FNDA:1,(anonymous_5)
DA:1,1
DA:2,1
DA:8,1
DA:9,1
DA:10,1
DA:11,1
DA:17,1
DA:19,4
DA:33,1
DA:37,1
LF:10
LH:10
BRDA:35,0,0,1
BRDA:35,0,1,0
BRDA:35,1,0,1
BRDA:35,1,1,1
BRDA:19,2,0,1
BRDA:19,2,1,0
BRDA:19,3,0,1
BRDA:19,3,1,1
BRF:8
BRH:6
end_of_record
TN:
SF:src\modules\reports\member-earnings-membership.controller.ts
FN:18,(anonymous_4)
FN:35,(anonymous_5)
FNF:2
FNH:2
FNDA:9,(anonymous_4)
FNDA:2,(anonymous_5)
DA:1,2
DA:2,2
DA:8,2
DA:9,2
DA:10,2
DA:11,2
DA:17,2
DA:19,9
DA:35,2
DA:39,2
LF:10
LH:10
BRDA:37,0,0,2
BRDA:37,0,1,0
BRDA:37,1,0,2
BRDA:37,1,1,2
BRDA:19,2,0,2
BRDA:19,2,1,0
BRDA:19,3,0,2
BRDA:19,3,1,2
BRF:8
BRH:6
end_of_record
TN:
SF:src\modules\reports\member-earnings-repurchase.controller.ts
FN:18,(anonymous_4)
FN:35,(anonymous_5)
FNF:2
FNH:2
FNDA:4,(anonymous_4)
FNDA:1,(anonymous_5)
DA:1,1
DA:2,1
DA:8,1
DA:9,1
DA:10,1
DA:11,1
DA:17,1
DA:19,4
DA:35,1
DA:39,1
LF:10
LH:10
BRDA:37,0,0,1
BRDA:37,0,1,0
BRDA:37,1,0,1
BRDA:37,1,1,1
BRDA:19,2,0,1
BRDA:19,2,1,0
BRDA:19,3,0,1
BRDA:19,3,1,1
BRF:8
BRH:6
end_of_record
TN:
SF:src\modules\reports\member-earnings-total.controller.ts
FN:17,(anonymous_4)
FN:32,(anonymous_5)
FNF:2
FNH:2
FNDA:4,(anonymous_4)
FNDA:1,(anonymous_5)
DA:1,1
DA:2,1
DA:8,1
DA:9,1
DA:10,1
DA:16,1
DA:18,4
DA:32,1
DA:33,1
LF:9
LH:9
BRDA:18,0,0,1
BRDA:18,0,1,0
BRDA:18,1,0,1
BRDA:18,1,1,1
BRF:4
BRH:3
end_of_record
TN:
SF:src\modules\reports\member-portal-reports.service.ts
FN:54,(anonymous_2)
FN:56,(anonymous_3)
FN:78,(anonymous_4)
FN:147,(anonymous_5)
FN:158,(anonymous_6)
FN:189,(anonymous_7)
FN:202,(anonymous_8)
FN:236,(anonymous_9)
FN:313,(anonymous_10)
FN:324,(anonymous_11)
FN:355,(anonymous_12)
FN:368,(anonymous_13)
FN:409,(anonymous_14)
FN:461,(anonymous_15)
FN:474,(anonymous_16)
FN:519,(anonymous_17)
FN:551,(anonymous_18)
FN:567,(anonymous_19)
FN:599,(anonymous_20)
FN:622,(anonymous_21)
FN:633,(anonymous_22)
FN:651,(anonymous_23)
FN:661,(anonymous_24)
FN:683,(anonymous_25)
FNF:24
FNH:22
FNDA:9,(anonymous_2)
FNDA:4,(anonymous_3)
FNDA:2,(anonymous_4)
FNDA:3,(anonymous_5)
FNDA:3,(anonymous_6)
FNDA:3,(anonymous_7)
FNDA:3,(anonymous_8)
FNDA:1,(anonymous_9)
FNDA:1,(anonymous_10)
FNDA:1,(anonymous_11)
FNDA:2,(anonymous_12)
FNDA:1,(anonymous_13)
FNDA:1,(anonymous_14)
FNDA:2,(anonymous_15)
FNDA:1,(anonymous_16)
FNDA:1,(anonymous_17)
FNDA:1,(anonymous_18)
FNDA:2,(anonymous_19)
FNDA:1,(anonymous_20)
FNDA:1,(anonymous_21)
FNDA:0,(anonymous_22)
FNDA:1,(anonymous_23)
FNDA:0,(anonymous_24)
FNDA:2,(anonymous_25)
DA:1,2
DA:2,2
DA:3,2
DA:7,2
DA:11,2
DA:53,2
DA:54,9
DA:60,4
DA:62,0
DA:63,0
DA:64,0
DA:66,0
DA:67,0
DA:68,0
DA:69,0
DA:71,0
DA:82,2
DA:85,2
DA:86,0
DA:96,2
DA:97,2
DA:99,2
DA:103,2
DA:104,2
DA:105,0
DA:107,2
DA:108,0
DA:111,2
DA:139,2
DA:145,2
DA:147,2
DA:148,3
DA:149,3
DA:150,3
DA:154,2
DA:155,2
DA:156,40
DA:158,2
DA:159,3
DA:163,2
DA:165,2
DA:171,2
DA:172,2
DA:177,2
DA:189,3
DA:199,0
DA:202,3
DA:214,2
DA:240,1
DA:243,1
DA:244,0
DA:254,1
DA:255,1
DA:257,1
DA:261,1
DA:262,1
DA:263,0
DA:265,1
DA:266,0
DA:269,1
DA:305,1
DA:311,1
DA:313,1
DA:314,1
DA:315,1
DA:316,1
DA:320,1
DA:321,1
DA:322,20
DA:324,1
DA:325,1
DA:329,1
DA:331,1
DA:337,1
DA:338,1
DA:343,1
DA:355,2
DA:365,0
DA:368,1
DA:387,1
DA:412,1
DA:415,1
DA:416,0
DA:424,1
DA:454,1
DA:455,1
DA:461,1
DA:462,2
DA:463,2
DA:464,2
DA:467,1
DA:468,1
DA:474,1
DA:475,1
DA:476,1
DA:477,1
DA:480,1
DA:481,1
DA:482,1
DA:485,1
DA:486,1
DA:489,1
DA:490,1
DA:491,1
DA:493,1
DA:520,1
DA:523,1
DA:524,0
DA:533,1
DA:534,1
DA:535,1
DA:537,1
DA:539,1
DA:541,1
DA:543,1
DA:544,1
DA:546,1
DA:549,1
DA:550,1
DA:553,1
DA:567,1
DA:568,2
DA:585,1
DA:599,1
DA:600,1
DA:620,1
DA:621,1
DA:623,1
DA:633,1
DA:634,0
DA:650,1
DA:652,1
DA:661,1
DA:662,0
DA:679,1
DA:682,1
DA:684,2
DA:688,1
DA:689,1
DA:690,1
DA:692,1
LF:141
LH:121
BRDA:60,0,0,4
BRDA:60,0,1,0
BRDA:60,1,0,4
BRDA:60,1,1,4
BRDA:63,2,0,0
BRDA:63,2,1,0
BRDA:66,3,0,0
BRDA:66,3,1,0
BRDA:85,4,0,0
BRDA:85,4,1,2
BRDA:90,5,0,1
BRDA:94,6,0,2
BRDA:95,7,0,2
BRDA:104,8,0,0
BRDA:104,8,1,2
BRDA:107,9,0,0
BRDA:107,9,1,2
BRDA:148,10,0,3
BRDA:148,10,1,0
BRDA:159,11,0,3
BRDA:159,11,1,0
BRDA:165,12,0,0
BRDA:165,12,1,2
BRDA:167,13,0,0
BRDA:167,13,1,2
BRDA:172,14,0,2
BRDA:172,14,1,0
BRDA:191,15,0,3
BRDA:191,15,1,0
BRDA:220,16,0,2
BRDA:220,16,1,0
BRDA:243,17,0,0
BRDA:243,17,1,1
BRDA:248,18,0,0
BRDA:252,19,0,1
BRDA:253,20,0,1
BRDA:262,21,0,0
BRDA:262,21,1,1
BRDA:265,22,0,0
BRDA:265,22,1,1
BRDA:314,23,0,1
BRDA:314,23,1,0
BRDA:325,24,0,1
BRDA:325,24,1,0
BRDA:331,25,0,0
BRDA:331,25,1,1
BRDA:333,26,0,1
BRDA:333,26,1,0
BRDA:338,27,0,1
BRDA:338,27,1,0
BRDA:357,28,0,2
BRDA:357,28,1,0
BRDA:371,29,0,1
BRDA:371,29,1,0
BRDA:393,30,0,1
BRDA:393,30,1,0
BRDA:415,31,0,0
BRDA:415,31,1,1
BRDA:462,32,0,2
BRDA:462,32,1,0
BRDA:475,33,0,1
BRDA:475,33,1,0
BRDA:481,34,0,1
BRDA:481,34,1,0
BRDA:483,35,0,1
BRDA:483,35,1,0
BRDA:485,36,0,1
BRDA:485,36,1,0
BRDA:486,37,0,1
BRDA:486,37,1,0
BRDA:489,38,0,1
BRDA:489,38,1,0
BRDA:489,39,0,1
BRDA:489,39,1,1
BRDA:490,40,0,1
BRDA:490,40,1,0
BRDA:523,41,0,0
BRDA:523,41,1,1
BRDA:528,42,0,1
BRDA:529,43,0,0
BRDA:530,44,0,0
BRDA:539,45,0,1
BRDA:539,45,1,0
BRDA:541,46,0,1
BRDA:541,46,1,0
BRDA:543,47,0,1
BRDA:543,47,1,0
BRDA:544,48,0,1
BRDA:544,48,1,0
BRDA:549,49,0,1
BRDA:549,49,1,0
BRDA:556,50,0,0
BRDA:556,50,1,1
BRDA:588,51,0,0
BRDA:588,51,1,1
BRDA:620,52,0,1
BRDA:620,52,1,0
BRDA:627,53,0,0
BRDA:627,53,1,1
BRDA:655,54,0,0
BRDA:655,54,1,1
BRDA:698,55,0,1
BRDA:698,55,1,0
BRDA:54,56,0,2
BRDA:54,56,1,0
BRDA:54,57,0,2
BRDA:54,57,1,2
BRF:107
BRH:56
end_of_record
TN:
SF:src\modules\reports\pdf-export.service.ts
FN:13,(anonymous_1)
FN:106,(anonymous_2)
FN:164,(anonymous_3)
FN:167,(anonymous_4)
FN:180,(anonymous_5)
FN:193,(anonymous_6)
FNF:6
FNH:6
FNDA:2,(anonymous_1)
FNDA:6,(anonymous_2)
FNDA:6,(anonymous_3)
FNDA:6,(anonymous_4)
FNDA:2,(anonymous_5)
FNDA:6,(anonymous_6)
DA:1,2
DA:2,2
DA:7,2
DA:8,15
DA:18,2
DA:19,2
DA:20,2
DA:22,2
DA:23,2
DA:24,2
DA:27,2
DA:36,2
DA:44,2
DA:45,2
DA:53,2
DA:56,2
DA:64,2
DA:65,2
DA:68,2
DA:69,2
DA:78,2
DA:81,2
DA:88,2
DA:91,2
DA:99,2
DA:101,2
DA:102,2
DA:103,6
DA:104,6
DA:106,6
DA:107,6
DA:109,6
DA:117,6
DA:125,6
DA:126,6
DA:129,2
DA:133,2
DA:134,2
DA:140,2
DA:141,2
DA:149,2
DA:152,2
DA:160,2
DA:161,2
DA:162,2
DA:164,2
DA:165,6
DA:167,6
DA:168,6
DA:177,2
DA:180,2
DA:181,2
DA:183,2
DA:184,0
DA:193,2
DA:194,6
DA:195,6
DA:196,0
DA:198,6
DA:200,6
DA:209,2
DA:214,2
DA:222,2
DA:223,2
LF:64
LH:62
BRDA:64,0,0,2
BRDA:64,0,1,0
BRDA:101,1,0,2
BRDA:101,1,1,0
BRDA:103,2,0,0
BRDA:103,2,1,6
BRDA:126,3,0,0
BRDA:126,3,1,6
BRDA:133,4,0,2
BRDA:133,4,1,2
BRDA:134,5,0,2
BRDA:134,5,1,0
BRDA:136,6,0,0
BRDA:136,6,1,0
BRDA:140,7,0,2
BRDA:140,7,1,0
BRDA:140,8,0,2
BRDA:140,8,1,2
BRDA:141,9,0,2
BRDA:141,9,1,0
BRDA:181,10,0,0
BRDA:181,10,1,2
BRDA:183,11,0,0
BRDA:183,11,1,2
BRDA:195,12,0,0
BRDA:195,12,1,6
BRDA:195,13,0,6
BRDA:195,13,1,0
BRDA:196,14,0,0
BRDA:196,14,1,0
BRDA:196,14,2,0
BRDA:198,15,0,6
BRDA:198,15,1,0
BRF:33
BRH:16
end_of_record
TN:
SF:src\modules\reports\report-export.processor.ts
FN:24,(anonymous_11)
FN:35,(anonymous_12)
FNF:2
FNH:0
FNDA:0,(anonymous_11)
FNDA:0,(anonymous_12)
DA:1,0
DA:2,0
DA:4,0
DA:5,0
DA:6,0
DA:7,0
DA:8,0
DA:20,0
DA:21,0
DA:22,0
DA:25,0
DA:26,0
DA:27,0
DA:29,0
DA:30,0
DA:35,0
DA:36,0
DA:37,0
DA:42,0
DA:51,0
DA:52,0
DA:57,0
DA:59,0
DA:64,0
DA:68,0
DA:69,0
DA:70,0
DA:72,0
DA:76,0
LF:29
LH:0
BRDA:29,0,0,0
BRDA:29,0,1,0
BRDA:51,1,0,0
BRDA:51,1,1,0
[...]
DA:697,0
DA:698,0
DA:701,0
DA:702,0
DA:704,0
DA:705,0
DA:716,0
DA:738,0
DA:739,0
DA:741,0
DA:742,0
DA:743,0
DA:744,0
DA:747,0
DA:748,0
DA:749,0
DA:751,0
DA:768,0
DA:786,0
DA:790,0
DA:791,0
DA:796,0
DA:797,0
DA:799,0
DA:803,0
DA:804,0
DA:805,0
DA:807,0
DA:808,0
DA:810,0
DA:811,0
DA:814,0
DA:843,0
DA:844,0
DA:845,0
DA:846,0
DA:847,0
DA:849,0
DA:850,0
DA:851,0
DA:853,0
DA:854,0
DA:855,0
DA:856,0
DA:859,0
DA:879,0
LF:238
LH:117
BRDA:21,0,0,7
BRDA:21,0,1,2
BRDA:21,1,0,9
BRDA:21,1,1,7
BRDA:24,2,0,2
BRDA:24,2,1,0
BRDA:27,3,0,1
BRDA:27,3,1,1
BRDA:47,4,0,2
BRDA:48,5,0,2
BRDA:49,6,0,3
BRDA:50,7,0,3
BRDA:57,8,0,1
BRDA:57,8,1,2
BRDA:61,9,0,1
BRDA:61,9,1,2
BRDA:65,10,0,1
BRDA:65,10,1,2
BRDA:69,11,0,0
BRDA:69,11,1,3
BRDA:73,12,0,0
BRDA:73,12,1,3
BRDA:77,13,0,1
BRDA:77,13,1,2
BRDA:77,14,0,3
BRDA:77,14,1,1
BRDA:77,14,2,1
BRDA:85,15,0,3
BRDA:85,15,1,0
BRDA:120,16,0,4
BRDA:120,16,1,0
BRDA:123,17,0,3
BRDA:123,17,1,1
BRDA:124,18,0,1
BRDA:124,18,1,3
BRDA:125,19,0,0
BRDA:125,19,1,4
BRDA:126,20,0,0
BRDA:126,20,1,4
BRDA:170,21,0,1
BRDA:170,21,1,1
BRDA:173,22,0,0
BRDA:173,22,1,2
BRDA:194,23,0,3
BRDA:194,23,1,0
BRDA:202,24,0,3
BRDA:202,24,1,0
BRDA:207,25,0,40
BRDA:207,25,1,37
BRDA:213,26,0,40
BRDA:213,26,1,39
BRDA:214,27,0,40
BRDA:214,27,1,39
BRDA:216,28,0,40
BRDA:216,28,1,40
BRDA:218,29,0,40
BRDA:218,29,1,40
BRDA:229,30,0,2
BRDA:229,31,0,2
BRDA:233,32,0,0
BRDA:233,32,1,3
BRDA:236,33,0,0
BRDA:236,33,1,3
BRDA:240,34,0,1
BRDA:240,34,1,2
BRDA:240,35,0,3
BRDA:240,35,1,1
BRDA:265,36,0,0
BRDA:265,36,1,0
BRDA:265,37,0,0
BRDA:265,37,1,0
BRDA:271,38,0,1
BRDA:271,38,1,2
BRDA:311,39,0,3
BRDA:311,39,1,0
BRDA:319,40,0,2
BRDA:319,40,1,0
BRDA:324,41,0,2
BRDA:324,41,1,0
BRDA:326,42,0,2
BRDA:326,42,1,1
BRDA:327,43,0,2
BRDA:327,43,1,1
BRDA:329,44,0,2
BRDA:329,44,1,2
BRDA:331,45,0,2
BRDA:331,45,1,2
BRDA:357,46,0,1
BRDA:357,46,1,1
BRDA:363,47,0,0
BRDA:363,48,0,0
BRDA:371,49,0,0
BRDA:371,49,1,1
BRDA:374,50,0,0
BRDA:374,50,1,1
BRDA:377,51,0,0
BRDA:377,51,1,1
BRDA:409,52,0,2
BRDA:409,52,1,0
BRDA:412,53,0,1
BRDA:412,53,1,1
BRDA:413,54,0,1
BRDA:413,54,1,1
BRDA:414,55,0,0
BRDA:414,55,1,2
BRDA:415,56,0,0
BRDA:415,56,1,2
BRDA:465,57,0,0
BRDA:466,58,0,0
BRDA:467,59,0,0
BRDA:468,60,0,0
BRDA:475,61,0,0
BRDA:475,61,1,0
BRDA:479,62,0,0
BRDA:479,62,1,0
BRDA:483,63,0,0
BRDA:483,63,1,0
BRDA:487,64,0,0
BRDA:487,64,1,0
BRDA:491,65,0,0
BRDA:491,65,1,0
BRDA:495,66,0,0
BRDA:495,66,1,0
BRDA:495,67,0,0
BRDA:495,67,1,0
BRDA:495,67,2,0
BRDA:503,68,0,0
BRDA:503,68,1,0
BRDA:546,69,0,0
BRDA:546,69,1,0
BRDA:549,70,0,0
BRDA:549,70,1,0
BRDA:550,71,0,0
BRDA:550,71,1,0
BRDA:551,72,0,0
BRDA:551,72,1,0
BRDA:552,73,0,0
BRDA:552,73,1,0
BRDA:558,74,0,0
BRDA:558,74,1,0
BRDA:603,75,0,0
BRDA:603,75,1,0
BRDA:606,76,0,0
BRDA:606,76,1,0
BRDA:627,77,0,0
BRDA:627,77,1,0
BRDA:635,78,0,0
BRDA:635,78,1,0
BRDA:640,79,0,0
BRDA:640,79,1,0
BRDA:646,80,0,0
BRDA:646,80,1,0
BRDA:647,81,0,0
BRDA:647,81,1,0
BRDA:649,82,0,0
BRDA:649,82,1,0
BRDA:651,83,0,0
BRDA:651,83,1,0
BRDA:662,84,0,0
BRDA:662,85,0,0
BRDA:666,86,0,0
BRDA:666,86,1,0
BRDA:669,87,0,0
BRDA:669,87,1,0
BRDA:673,88,0,0
BRDA:673,88,1,0
BRDA:673,89,0,0
BRDA:673,89,1,0
BRDA:698,90,0,0
BRDA:698,90,1,0
BRDA:698,91,0,0
BRDA:698,91,1,0
BRDA:704,92,0,0
BRDA:704,92,1,0
BRDA:744,93,0,0
BRDA:744,93,1,0
BRDA:752,94,0,0
BRDA:752,94,1,0
BRDA:757,95,0,0
BRDA:757,95,1,0
BRDA:759,96,0,0
BRDA:759,96,1,0
BRDA:760,97,0,0
BRDA:760,97,1,0
BRDA:762,98,0,0
BRDA:762,98,1,0
BRDA:764,99,0,0
BRDA:764,99,1,0
BRDA:790,100,0,0
BRDA:790,100,1,0
BRDA:796,101,0,0
BRDA:796,102,0,0
BRDA:804,103,0,0
BRDA:804,103,1,0
BRDA:807,104,0,0
BRDA:807,104,1,0
BRDA:810,105,0,0
BRDA:810,105,1,0
BRDA:850,106,0,0
BRDA:850,106,1,0
BRDA:853,107,0,0
BRDA:853,107,1,0
BRDA:854,108,0,0
BRDA:854,108,1,0
BRDA:855,109,0,0
BRDA:855,109,1,0
BRDA:856,110,0,0
BRDA:856,110,1,0
BRDA:862,111,0,0
BRDA:862,111,1,0
BRDA:12,112,0,2
BRDA:12,112,1,0
BRDA:12,113,0,2
BRDA:12,113,1,2
BRF:214
BRH:83
end_of_record
TN:
SF:src\modules\reports\dto\query-admin-membership-earnings.dto.ts
FN:56,(anonymous_2)
FN:72,(anonymous_3)
FN:79,(anonymous_4)
FNF:3
FNH:0
FNDA:0,(anonymous_2)
FNDA:0,(anonymous_3)
FNDA:0,(anonymous_4)
DA:1,1
DA:10,1
DA:11,1
DA:12,1
DA:14,1
DA:20,1
DA:27,1
DA:34,1
DA:41,1
DA:48,1
DA:56,0
DA:60,1
DA:68,1
DA:72,0
DA:75,1
DA:79,0
DA:83,1
DA:91,1
DA:100,1
LF:19
LH:16
BRDA:68,0,0,0
BRDA:68,0,1,1
BRDA:68,1,0,1
BRDA:68,1,1,1
BRF:4
BRH:3
end_of_record
TN:
SF:src\modules\reports\dto\query-admin-repurchase-earnings.dto.ts
FN:18,(anonymous_2)
FN:26,(anonymous_3)
FN:34,(anonymous_4)
FN:43,(anonymous_5)
FN:54,(anonymous_6)
FN:62,(anonymous_7)
FN:78,(anonymous_8)
FN:85,(anonymous_9)
FNF:8
FNH:0
FNDA:0,(anonymous_2)
FNDA:0,(anonymous_3)
FNDA:0,(anonymous_4)
FNDA:0,(anonymous_5)
FNDA:0,(anonymous_6)
FNDA:0,(anonymous_7)
FNDA:0,(anonymous_8)
FNDA:0,(anonymous_9)
DA:1,0
DA:10,0
DA:11,0
DA:12,0
DA:14,0
DA:18,0
DA:21,0
DA:26,0
DA:29,0
DA:34,0
DA:37,0
DA:44,0
DA:48,0
DA:54,0
DA:58,0
DA:62,0
DA:66,0
DA:74,0
DA:78,0
DA:81,0
DA:85,0
DA:89,0
DA:94,0
DA:103,0
LF:24
LH:0
BRDA:18,0,0,0
BRDA:18,0,1,0
BRDA:18,0,2,0
BRDA:26,1,0,0
BRDA:26,1,1,0
BRDA:26,1,2,0
BRDA:34,2,0,0
BRDA:34,2,1,0
BRDA:34,2,2,0
BRDA:44,3,0,0
BRDA:44,3,1,0
BRDA:44,3,2,0
BRDA:54,4,0,0
BRDA:54,4,1,0
BRDA:54,4,2,0
BRDA:74,5,0,0
BRDA:74,5,1,0
BRDA:74,6,0,0
BRDA:74,6,1,0
BRF:19
BRH:0
end_of_record
TN:
SF:src\modules\reports\dto\query-earnings-aggregation.dto.ts
FNF:0
FNH:0
DA:1,1
DA:2,1
DA:3,1
DA:5,1
DA:9,1
DA:14,1
DA:22,1
LF:7
LH:7
BRDA:22,0,0,0
BRDA:22,0,1,1
BRDA:22,1,0,1
BRDA:22,1,1,1
BRF:4
BRH:3
end_of_record
TN:
SF:src\modules\reports\dto\query-member-activity.dto.ts
FN:5,(anonymous_2)
FN:35,(anonymous_3)
FN:42,(anonymous_4)
FNF:3
FNH:1
FNDA:2,(anonymous_2)
FNDA:0,(anonymous_3)
FNDA:0,(anonymous_4)
DA:1,2
DA:2,2
DA:3,2
DA:5,2
DA:6,2
DA:7,2
DA:8,2
DA:9,2
DA:10,2
DA:13,2
DA:21,2
DA:26,2
DA:31,2
DA:35,0
DA:38,2
DA:42,0
DA:45,2
LF:17
LH:15
BRDA:5,0,0,2
BRDA:5,0,1,2
BRF:2
BRH:2
end_of_record
TN:
SF:src\modules\reports\dto\query-member-earnings-breakdown.dto.ts
FN:6,(anonymous_2)
FN:43,(anonymous_3)
FN:50,(anonymous_4)
FNF:3
FNH:1
FNDA:2,(anonymous_2)
FNDA:0,(anonymous_3)
FNDA:0,(anonymous_4)
DA:1,2
DA:2,2
DA:3,2
DA:4,2
DA:6,2
DA:7,2
DA:8,2
DA:9,2
DA:12,2
DA:21,2
DA:26,2
DA:31,2
DA:39,2
DA:43,0
DA:46,2
DA:50,0
DA:53,2
LF:17
LH:15
BRDA:6,0,0,2
BRDA:6,0,1,2
BRDA:39,1,0,0
BRDA:39,1,1,2
BRDA:39,2,0,2
BRDA:39,2,1,2
BRF:6
BRH:5
end_of_record
TN:
SF:src\modules\reports\dto\query-member-earnings.dto.ts
FN:35,(anonymous_2)
FN:51,(anonymous_3)
FN:58,(anonymous_4)
FNF:3
FNH:0
FNDA:0,(anonymous_2)
FNDA:0,(anonymous_3)
FNDA:0,(anonymous_4)
DA:1,0
DA:10,0
DA:11,0
DA:12,0
DA:14,0
DA:20,0
DA:27,0
DA:35,0
DA:39,0
DA:47,0
DA:51,0
DA:54,0
DA:58,0
DA:62,0
LF:14
LH:0
BRDA:47,0,0,0
BRDA:47,0,1,0
BRDA:47,1,0,0
BRDA:47,1,1,0
BRF:4
BRH:0
end_of_record
TN:
SF:src\modules\reports\dto\query-member-wise-earnings.dto.ts
FN:42,(anonymous_2)
FN:49,(anonymous_3)
FNF:2
FNH:0
FNDA:0,(anonymous_2)
FNDA:0,(anonymous_3)
DA:1,1
DA:10,1
DA:11,1
DA:12,1
DA:14,1
DA:18,1
DA:23,1
DA:31,1
DA:38,1
DA:42,0
DA:45,1
DA:49,0
DA:53,1
LF:13
LH:11
BRDA:31,0,0,0
BRDA:31,0,1,1
BRDA:31,1,0,1
BRDA:31,1,1,1
BRF:4
BRH:3
end_of_record
TN:
SF:src\modules\reports\dto\query-period-report.dto.ts
FN:14,(anonymous_2)
FN:21,(anonymous_3)
FN:64,(anonymous_4)
FN:73,(anonymous_5)
FN:80,(anonymous_6)
FNF:5
FNH:2
FNDA:2,(anonymous_2)
FNDA:2,(anonymous_3)
FNDA:0,(anonymous_4)
FNDA:0,(anonymous_5)
FNDA:0,(anonymous_6)
DA:1,2
DA:11,2
DA:12,2
DA:14,2
DA:15,2
DA:16,2
DA:17,2
DA:18,2
DA:21,2
DA:22,2
DA:23,2
DA:24,2
DA:27,2
DA:34,2
DA:43,2
DA:50,2
DA:57,2
DA:64,0
DA:66,2
DA:73,0
DA:76,2
DA:80,0
DA:84,2
LF:23
LH:20
BRDA:14,0,0,2
BRDA:14,0,1,2
BRDA:21,1,0,2
BRDA:21,1,1,2
BRDA:64,2,0,0
BRDA:64,2,1,0
BRF:6
BRH:4
end_of_record
TN:
SF:src\modules\repurchase\repurchase.controller.ts
FN:38,(anonymous_4)
FN:62,(anonymous_5)
FN:81,(anonymous_6)
FN:94,(anonymous_7)
FN:121,(anonymous_8)
FN:147,(anonymous_9)
FNF:6
FNH:6
FNDA:6,(anonymous_4)
FNDA:1,(anonymous_5)
FNDA:1,(anonymous_6)
FNDA:1,(anonymous_7)
FNDA:1,(anonymous_8)
FNDA:1,(anonymous_9)
DA:1,1
DA:14,1
DA:21,1
DA:22,1
DA:23,1
DA:24,1
DA:25,1
DA:26,1
DA:27,1
DA:28,1
DA:29,1
DA:30,1
DA:37,1
DA:38,6
DA:62,1
DA:67,1
DA:81,1
DA:82,1
DA:94,1
DA:95,1
DA:121,1
DA:127,1
DA:147,1
DA:152,1
LF:24
LH:24
BRDA:63,0,0,1
BRDA:63,0,1,0
BRDA:63,1,0,1
BRDA:63,1,1,1
BRDA:63,2,0,0
BRDA:63,2,1,1
BRDA:63,3,0,1
BRDA:63,3,1,1
BRDA:81,4,0,1
BRDA:81,4,1,0
BRDA:81,5,0,1
BRDA:81,5,1,1
BRDA:123,6,0,1
BRDA:123,6,1,0
BRDA:123,7,0,1
BRDA:123,7,1,1
BRDA:123,8,0,0
BRDA:123,8,1,1
BRDA:123,9,0,1
BRDA:123,9,1,1
BRDA:150,10,0,0
BRDA:150,10,1,1
BRDA:150,11,0,1
BRDA:150,11,1,1
BRDA:38,12,0,1
BRDA:38,12,1,0
BRDA:38,13,0,1
BRDA:38,13,1,1
BRF:28
BRH:21
end_of_record
TN:
SF:src\modules\repurchase\repurchase.module.ts
FNF:0
FNH:0
DA:1,0
DA:2,0
DA:3,0
DA:4,0
DA:5,0
DA:6,0
DA:14,0
LF:7
LH:0
BRF:0
BRH:0
end_of_record
TN:
SF:src\modules\repurchase\repurchase.service.ts
FN:17,(anonymous_2)
FN:26,(anonymous_3)
FN:43,(anonymous_4)
FN:57,(anonymous_5)
FN:150,(anonymous_6)
FN:231,(anonymous_7)
FN:247,(anonymous_8)
FN:275,(anonymous_9)
FN:384,(anonymous_10)
FN:426,(anonymous_11)
FNF:10
FNH:10
FNDA:16,(anonymous_2)
FNDA:6,(anonymous_3)
FNDA:6,(anonymous_4)
FNDA:6,(anonymous_5)
FNDA:1,(anonymous_6)
FNDA:1,(anonymous_7)
FNDA:1,(anonymous_8)
FNDA:3,(anonymous_9)
FNDA:3,(anonymous_10)
FNDA:6,(anonymous_11)
DA:1,2
DA:7,2
DA:8,2
DA:9,2
DA:13,2
DA:16,2
DA:18,16
DA:19,16
DA:20,16
DA:29,6
DA:32,6
DA:55,6
DA:57,6
DA:59,6
DA:63,6
DA:64,1
DA:70,5
DA:76,5
DA:77,1
DA:80,4
DA:81,1
DA:86,3
DA:90,3
DA:91,3
DA:115,1
DA:119,1
DA:123,0
DA:127,2
DA:130,2
DA:143,2
DA:160,1
DA:161,1
DA:163,1
DA:167,1
DA:168,0
DA:171,1
DA:172,0
DA:173,0
DA:174,0
DA:175,0
DA:176,0
DA:177,0
DA:181,1
DA:182,0
DA:183,0
DA:192,0
DA:193,0
DA:194,0
DA:196,0
DA:200,1
DA:206,1
DA:210,1
DA:231,1
DA:233,1
DA:248,1
DA:263,1
DA:264,0
DA:267,1
DA:281,3
DA:285,3
DA:286,0
DA:290,3
DA:291,3
DA:292,1
DA:297,2
DA:300,2
DA:301,0
DA:304,0
DA:305,0
DA:312,2
DA:313,2
DA:314,0
DA:317,0
DA:318,0
DA:320,0
DA:321,0
DA:325,0
DA:329,2
DA:330,2
DA:354,0
DA:358,0
DA:362,0
DA:365,2
DA:376,2
DA:385,3
DA:389,3
DA:390,0
DA:394,3
DA:395,3
DA:396,1
DA:401,2
DA:409,2
DA:421,2
DA:427,6
LF:94
LH:65
BRDA:63,0,0,1
BRDA:63,0,1,5
BRDA:76,1,0,1
BRDA:76,1,1,4
BRDA:80,2,0,1
BRDA:80,2,1,3
BRDA:86,3,0,3
BRDA:86,3,1,1
BRDA:86,3,2,1
BRDA:96,4,0,0
BRDA:96,4,1,3
BRDA:99,5,0,3
BRDA:99,5,1,1
BRDA:115,6,0,1
BRDA:115,6,1,0
BRDA:116,7,0,1
BRDA:116,7,1,1
BRDA:132,8,0,2
BRDA:132,8,1,0
BRDA:152,9,0,0
BRDA:153,10,0,0
BRDA:158,11,0,1
BRDA:159,12,0,1
BRDA:167,13,0,0
BRDA:167,13,1,1
BRDA:171,14,0,0
BRDA:171,14,1,1
BRDA:171,15,0,1
BRDA:171,15,1,1
BRDA:173,16,0,0
BRDA:173,16,1,0
BRDA:174,17,0,0
BRDA:174,17,1,0
BRDA:181,18,0,0
BRDA:181,18,1,1
BRDA:181,19,0,1
BRDA:181,19,1,0
BRDA:192,20,0,0
BRDA:192,20,1,0
BRDA:206,21,0,1
BRDA:206,21,1,0
BRDA:263,22,0,0
BRDA:263,22,1,1
BRDA:285,23,0,0
BRDA:285,23,1,3
BRDA:291,24,0,1
BRDA:291,24,1,2
BRDA:300,25,0,0
BRDA:300,25,1,2
BRDA:300,26,0,2
BRDA:300,26,1,0
BRDA:304,27,0,0
BRDA:304,27,1,0
BRDA:313,28,0,0
BRDA:313,28,1,2
BRDA:313,29,0,2
BRDA:313,29,1,0
BRDA:317,30,0,0
BRDA:317,30,1,0
BRDA:320,31,0,0
BRDA:320,31,1,0
BRDA:333,32,0,0
BRDA:333,32,1,2
BRDA:335,33,0,2
BRDA:335,33,1,0
BRDA:336,34,0,0
BRDA:336,34,1,2
BRDA:339,35,0,0
BRDA:339,35,1,2
BRDA:354,36,0,0
BRDA:354,36,1,0
BRDA:355,37,0,0
BRDA:355,37,1,0
BRDA:366,38,0,2
BRDA:366,38,1,0
BRDA:367,39,0,2
BRDA:367,39,1,0
BRDA:389,40,0,0
BRDA:389,40,1,3
BRDA:395,41,0,1
BRDA:395,41,1,2
BRDA:410,42,0,2
BRDA:410,42,1,0
BRDA:411,43,0,2
BRDA:411,43,1,0
BRDA:438,44,0,6
BRDA:438,44,1,6
BRDA:18,45,0,2
BRDA:18,45,1,0
BRDA:18,46,0,2
BRDA:18,46,1,2
BRDA:18,47,0,2
BRDA:18,47,1,0
BRDA:18,48,0,2
BRDA:18,48,1,2
BRDA:19,49,0,2
BRDA:19,49,1,0
BRDA:19,50,0,2
BRDA:19,50,1,2
BRF:99
BRH:55
end_of_record
TN:
SF:src\modules\repurchase-commission\repurchase-commission.controller.ts
FN:35,(anonymous_4)
FN:51,(anonymous_5)
FN:73,(anonymous_6)
FN:90,(anonymous_7)
FN:104,(anonymous_8)
FN:124,(anonymous_9)
FNF:6
FNH:0
FNDA:0,(anonymous_4)
FNDA:0,(anonymous_5)
FNDA:0,(anonymous_6)
FNDA:0,(anonymous_7)
FNDA:0,(anonymous_8)
FNDA:0,(anonymous_9)
DA:1,0
DA:10,0
DA:17,0
DA:18,0
DA:19,0
DA:23,0
DA:24,0
DA:25,0
DA:26,0
DA:27,0
DA:28,0
DA:34,0
DA:36,0
DA:51,0
DA:54,0
DA:73,0
DA:77,0
DA:90,0
DA:91,0
DA:104,0
DA:105,0
DA:124,0
DA:127,0
LF:23
LH:0
BRDA:55,0,0,0
BRDA:55,0,1,0
BRDA:53,1,0,0
BRDA:53,1,1,0
BRDA:53,2,0,0
BRDA:53,2,1,0
BRDA:74,3,0,0
BRDA:74,3,1,0
BRDA:74,4,0,0
BRDA:74,4,1,0
BRDA:76,5,0,0
BRDA:76,5,1,0
BRDA:76,6,0,0
BRDA:76,6,1,0
BRDA:90,7,0,0
BRDA:90,7,1,0
BRDA:90,8,0,0
BRDA:90,8,1,0
BRDA:36,9,0,0
BRDA:36,9,1,0
BRDA:36,10,0,0
BRDA:36,10,1,0
BRF:22
BRH:0
end_of_record
TN:
SF:src\modules\repurchase-commission\repurchase-commission.module.ts
FNF:0
FNH:0
DA:1,0
DA:2,0
DA:3,0
DA:4,0
DA:5,0
DA:13,0
LF:6
LH:0
BRF:0
BRH:0
end_of_record
TN:
SF:src\modules\repurchase-commission\repurchase-commission.service.ts
FN:100,(anonymous_2)
FN:109,(anonymous_3)
FN:117,(anonymous_4)
FN:120,(anonymous_5)
FN:137,(anonymous_6)
FN:163,(anonymous_7)
FN:171,(anonymous_8)
FN:190,(anonymous_9)
FN:230,(anonymous_10)
FN:272,(anonymous_11)
FN:365,(anonymous_12)
FN:371,(anonymous_13)
FN:378,(anonymous_14)
FN:385,(anonymous_15)
FN:398,(anonymous_16)
FN:404,(anonymous_17)
FN:421,(anonymous_18)
FN:448,(anonymous_19)
FN:458,(anonymous_20)
FN:511,(anonymous_21)
FN:532,(anonymous_22)
FN:567,(anonymous_23)
FNF:22
FNH:17
FNDA:15,(anonymous_2)
FNDA:0,(anonymous_3)
FNDA:3,(anonymous_4)
FNDA:59,(anonymous_5)
FNDA:10,(anonymous_6)
FNDA:59,(anonymous_7)
FNDA:140,(anonymous_8)
FNDA:7,(anonymous_9)
FNDA:120,(anonymous_10)
FNDA:0,(anonymous_11)
FNDA:104,(anonymous_12)
FNDA:2,(anonymous_13)
FNDA:40,(anonymous_14)
FNDA:40,(anonymous_15)
FNDA:2,(anonymous_16)
FNDA:1,(anonymous_17)
FNDA:20,(anonymous_18)
FNDA:20,(anonymous_19)
FNDA:0,(anonymous_20)
FNDA:0,(anonymous_21)
FNDA:0,(anonymous_22)
FNDA:104,(anonymous_23)
DA:1,4
DA:8,4
DA:9,4
DA:14,4
DA:16,4
DA:97,4
DA:98,15
DA:101,15
DA:102,15
DA:110,0
DA:118,3
DA:120,59
DA:121,3
DA:123,3
DA:124,2
DA:125,2
DA:126,2
DA:129,1
DA:141,10
DA:142,10
DA:144,10
DA:145,10
DA:151,10
DA:152,3
DA:156,10
DA:157,3
DA:162,3
DA:163,59
DA:171,140
DA:194,7
DA:197,7
DA:201,7
DA:202,0
DA:207,7
DA:208,7
DA:211,7
DA:216,7
DA:217,0
DA:220,7
DA:221,1
DA:224,1
DA:228,6
DA:229,6
DA:230,6
DA:231,120
DA:241,6
DA:243,6
DA:244,6
DA:245,0
DA:271,0
DA:272,0
DA:282,0
DA:288,6
DA:289,6
DA:290,6
DA:291,6
DA:293,6
DA:294,104
DA:295,0
DA:298,0
DA:300,104
DA:302,104
DA:312,104
DA:314,104
DA:322,104
DA:323,104
DA:329,6
DA:331,6
DA:332,104
DA:334,104
DA:336,104
DA:338,104
DA:341,104
DA:345,104
DA:357,104
DA:361,6
DA:365,104
DA:372,2
DA:373,0
DA:378,40
DA:379,2
DA:380,40
DA:381,0
DA:385,40
DA:386,2
DA:388,2
DA:389,1
DA:402,2
DA:404,1
DA:405,1
DA:411,1
DA:414,1
DA:420,1
DA:421,20
DA:431,1
DA:436,1
DA:448,20
DA:469,0
DA:471,0
DA:472,0
DA:474,0
DA:475,0
DA:476,0
DA:477,0
DA:478,0
DA:480,0
DA:481,0
DA:485,0
DA:511,0
DA:518,0
DA:533,0
DA:553,0
DA:554,0
DA:559,0
DA:568,104
LF:115
LH:87
BRDA:123,0,0,2
BRDA:123,0,1,1
BRDA:123,1,0,3
BRDA:123,1,1,2
BRDA:141,2,0,10
BRDA:141,2,1,10
BRDA:144,3,0,10
BRDA:144,3,1,0
BRDA:151,4,0,3
BRDA:151,4,1,7
BRDA:156,5,0,3
BRDA:156,5,1,7
BRDA:162,6,0,3
BRDA:162,6,1,0
BRDA:194,7,0,7
BRDA:194,7,1,7
BRDA:201,8,0,0
BRDA:201,8,1,7
BRDA:216,9,0,0
BRDA:216,9,1,7
BRDA:220,10,0,1
BRDA:220,10,1,6
BRDA:244,11,0,0
BRDA:244,11,1,6
BRDA:271,12,0,0
BRDA:271,12,1,0
BRDA:271,13,0,0
BRDA:271,13,1,0
BRDA:288,14,0,6
BRDA:288,14,1,0
BRDA:293,15,0,110
BRDA:293,15,1,109
BRDA:294,16,0,0
BRDA:294,16,1,104
BRDA:312,17,0,0
BRDA:312,17,1,104
BRDA:332,18,0,0
BRDA:332,18,1,104
BRDA:334,19,0,104
BRDA:334,19,1,0
BRDA:336,20,0,104
BRDA:336,20,1,0
BRDA:341,21,0,102
BRDA:341,21,1,2
BRDA:341,22,0,104
BRDA:341,22,1,104
BRDA:372,23,0,0
BRDA:372,23,1,2
BRDA:380,24,0,0
BRDA:380,24,1,40
BRDA:388,25,0,1
BRDA:388,25,1,1
BRDA:411,26,0,1
BRDA:411,26,1,0
BRDA:427,27,0,20
BRDA:427,27,1,0
BRDA:437,28,0,1
BRDA:437,28,1,0
BRDA:460,29,0,0
BRDA:461,30,0,0
BRDA:467,31,0,0
BRDA:468,32,0,0
BRDA:474,33,0,0
BRDA:474,33,1,0
BRDA:475,34,0,0
BRDA:475,34,1,0
BRDA:476,35,0,0
BRDA:476,35,1,0
BRDA:477,36,0,0
BRDA:477,36,1,0
BRDA:478,37,0,0
BRDA:478,37,1,0
BRDA:481,38,0,0
BRDA:481,38,1,0
BRDA:553,39,0,0
BRDA:553,39,1,0
BRDA:101,40,0,4
BRDA:101,40,1,0
BRDA:101,41,0,4
BRDA:101,41,1,4
BRDA:101,42,0,4
BRDA:101,42,1,0
BRDA:101,43,0,4
BRDA:101,43,1,4
BRF:84
BRH:44
end_of_record
TN:
SF:src\modules\repurchase-commission\dto\create-repurchase-commission.dto.ts
FN:48,(anonymous_2)
FN:54,(anonymous_3)
FNF:2
FNH:0
FNDA:0,(anonymous_2)
FNDA:0,(anonymous_3)
DA:1,0
DA:2,0
DA:11,0
DA:12,0
DA:14,0
DA:21,0
DA:29,0
DA:37,0
DA:45,0
DA:48,0
DA:51,0
DA:54,0
DA:57,0
DA:65,0
LF:14
LH:0
BRDA:65,0,0,0
BRDA:65,0,1,0
BRDA:65,1,0,0
BRDA:65,1,1,0
BRF:4
BRH:0
end_of_record
TN:
SF:src\modules\repurchase-commission\dto\query-repurchase-commission.dto.ts
FN:16,(anonymous_2)
FN:23,(anonymous_3)
FN:46,(anonymous_4)
FNF:3
FNH:0
FNDA:0,(anonymous_2)
FNDA:0,(anonymous_3)
FNDA:0,(anonymous_4)
DA:1,0
DA:2,0
DA:3,0
DA:12,0
DA:14,0
DA:16,0
DA:20,0
DA:23,0
DA:28,0
DA:33,0
DA:38,0
DA:43,0
DA:46,0
DA:51,0
DA:59,0
DA:64,0
DA:69,0
LF:17
LH:0
BRDA:59,0,0,0
BRDA:59,0,1,0
BRDA:59,1,0,0
BRDA:59,1,1,0
BRF:4
BRH:0
end_of_record
TN:
SF:src\modules\repurchase-commission\dto\repurchase-commission-config.dto.ts
FN:17,(anonymous_2)
FN:27,(anonymous_3)
FN:46,(anonymous_4)
FNF:3
FNH:0
FNDA:0,(anonymous_2)
FNDA:0,(anonymous_3)
FNDA:0,(anonymous_4)
DA:1,0
DA:2,0
DA:3,0
DA:15,0
DA:17,0
DA:21,0
DA:27,0
DA:31,0
DA:36,0
DA:39,0
DA:46,0
DA:47,0
DA:50,0
DA:52,0
DA:55,0
DA:58,0
DA:61,0
DA:64,0
DA:67,0
DA:70,0
DA:73,0
LF:21
LH:0
BRDA:70,0,0,0
BRDA:70,0,1,0
BRDA:70,1,0,0
BRDA:70,1,1,0
BRDA:73,2,0,0
BRDA:73,2,1,0
BRDA:73,3,0,0
BRDA:73,3,1,0
BRF:8
BRH:0
end_of_record
TN:
SF:src\modules\repurchase-commission\dto\repurchase-commission-response.dto.ts
FNF:0
FNH:0
DA:1,0
DA:2,0
DA:4,0
DA:6,0
DA:9,0
DA:12,0
DA:15,0
DA:18,0
DA:21,0
DA:24,0
DA:27,0
DA:30,0
DA:33,0
LF:13
LH:0
BRDA:27,0,0,0
BRDA:27,0,1,0
BRDA:27,1,0,0
BRDA:27,1,1,0
BRDA:30,2,0,0
BRDA:30,2,1,0
BRDA:30,3,0,0
BRDA:30,3,1,0
BRDA:33,4,0,0
BRDA:33,4,1,0
BRDA:33,5,0,0
BRDA:33,5,1,0
BRF:12
BRH:0
end_of_record
TN:
SF:src\modules\repurchase\dto\create-repurchase-entry.dto.ts
FN:18,(anonymous_2)
FN:28,(anonymous_3)
FN:37,(anonymous_4)
FN:47,(anonymous_5)
FNF:4
FNH:0
FNDA:0,(anonymous_2)
FNDA:0,(anonymous_3)
FNDA:0,(anonymous_4)
FNDA:0,(anonymous_5)
DA:1,1
DA:2,1
DA:10,1
DA:12,1
DA:18,0
DA:22,1
DA:28,0
DA:31,1
DA:37,0
DA:40,1
DA:47,0
DA:51,1
DA:59,1
DA:67,1
LF:14
LH:10
BRDA:18,0,0,0
BRDA:18,0,1,0
BRDA:18,0,2,0
BRDA:28,1,0,0
BRDA:28,1,1,0
BRDA:28,1,2,0
BRDA:47,2,0,0
BRDA:47,2,1,0
BRDA:47,2,2,0
BRF:9
BRH:0
end_of_record
TN:
SF:src\modules\repurchase\dto\query-repurchase-entry.dto.ts
FN:14,(anonymous_2)
FN:22,(anonymous_3)
FN:30,(anonymous_4)
FN:38,(anonymous_5)
FN:45,(anonymous_6)
FN:52,(anonymous_7)
FNF:6
FNH:0
FNDA:0,(anonymous_2)
FNDA:0,(anonymous_3)
FNDA:0,(anonymous_4)
FNDA:0,(anonymous_5)
FNDA:0,(anonymous_6)
FNDA:0,(anonymous_7)
DA:1,1
DA:9,1
DA:10,1
DA:12,1
DA:14,0
DA:17,1
DA:22,0
DA:25,1
DA:30,0
DA:33,1
DA:38,0
DA:41,1
DA:45,0
DA:48,1
DA:52,0
DA:56,1
DA:64,1
DA:73,1
LF:18
LH:12
BRDA:14,0,0,0
BRDA:14,0,1,0
BRDA:14,0,2,0
BRDA:22,1,0,0
BRDA:22,1,1,0
BRDA:22,1,2,0
BRDA:30,2,0,0
BRDA:30,2,1,0
BRDA:30,2,2,0
BRDA:38,3,0,0
BRDA:38,3,1,0
BRDA:38,3,2,0
BRF:12
BRH:0
end_of_record
TN:
SF:src\modules\repurchase\dto\repurchase-entry-response.dto.ts
FNF:0
FNH:0
DA:1,1
DA:3,1
DA:5,1
DA:8,1
DA:11,1
DA:14,1
DA:17,1
DA:20,1
DA:23,1
DA:26,1
DA:29,1
LF:11
LH:11
BRDA:17,0,0,1
BRDA:17,0,1,0
BRDA:17,1,0,1
BRDA:17,1,1,1
BRDA:26,2,0,1
BRDA:26,2,1,0
BRDA:26,3,0,1
BRDA:26,3,1,1
BRDA:29,4,0,1
BRDA:29,4,1,0
BRDA:29,5,0,1
BRDA:29,5,1,1
BRF:12
BRH:9
end_of_record
TN:
SF:src\modules\repurchase\dto\update-repurchase-entry.dto.ts
FNF:0
FNH:0
DA:1,1
DA:2,1
DA:4,1
LF:3
LH:3
BRF:0
BRH:0
end_of_record
TN:
SF:src\prisma\prisma.module.ts
FNF:0
FNH:0
DA:1,0
DA:2,0
DA:9,0
LF:3
LH:0
BRF:0
BRH:0
end_of_record
TN:
SF:src\prisma\prisma.service.ts
FN:9,(anonymous_1)
FN:24,(anonymous_2)
FNF:2
FNH:0
FNDA:0,(anonymous_1)
FNDA:0,(anonymous_2)
DA:1,32
DA:2,32
DA:5,32
DA:10,0
DA:11,0
DA:12,0
DA:14,0
DA:15,0
DA:18,0
DA:25,0
LF:10
LH:3
BRDA:14,0,0,0
BRDA:14,0,1,0
BRF:2
BRH:0
end_of_record
